<?xml version="1.0" encoding="utf-8"?>
<!DOCTYPE coverage SYSTEM "http://cobertura.sourceforge.net/xml/coverage-04.dtd">
<coverage line-rate="0.873151308304892" branch-rate="0.860681114551084" lines-covered="1535" lines-valid="1758" branches-covered="278" branches-valid="323" complexity="426" version="0" timestamp="1698178830">
  <sources>
    <source>C:\Users\Danil\</source>
  </sources>
  <packages>
    <package name="Chess" line-rate="0.814002089864159" branch-rate="0.862068965517241" complexity="347">
      <classes>
        <class name="Chess.Models.Core.Board" filename="C:\Users\Danil\source\repos\Chess\Chess\Models\Core\Board.cs" line-rate="1" branch-rate="1" complexity="119">
          <methods>
            <method name="DisplayFigureMoves" signature="(...)" line-rate="1" branch-rate="1" complexity="18">
              <lines>
                <line number="30" hits="7" branch="false" />
                <line number="31" hits="7" branch="false" />
                <line number="32" hits="7" branch="false" />
                <line number="33" hits="7" branch="false" />
                <line number="35" hits="7" branch="false" />
                <line number="36" hits="126" branch="true" condition-coverage="100% (2/2)" />
                <line number="37" hits="56" branch="false" />
                <line number="38" hits="56" branch="false" />
                <line number="39" hits="56" branch="false" />
                <line number="40" hits="7" branch="false" />
                <line number="42" hits="126" branch="true" condition-coverage="100% (2/2)" />
                <line number="43" hits="56" branch="false" />
                <line number="44" hits="56" branch="false" />
                <line number="46" hits="1008" branch="true" condition-coverage="100% (2/2)" />
                <line number="47" hits="448" branch="false" />
                <line number="48" hits="448" branch="false" />
                <line number="50" hits="448" branch="false" />
                <line number="51" hits="448" branch="false" />
                <line number="52" hits="448" branch="true" condition-coverage="100% (2/2)" />
                <line number="53" hits="24" branch="false" />
                <line number="54" hits="24" branch="false" />
                <line number="55" hits="24" branch="false" />
                <line number="56" hits="24" branch="false" />
                <line number="57" hits="2767" branch="true" condition-coverage="100% (4/4)" />
                <line number="58" hits="38" branch="false" />
                <line number="59" hits="38" branch="true" condition-coverage="100% (2/2)" />
                <line number="60" hits="31" branch="false" />
                <line number="61" hits="31" branch="false" />
                <line number="62" hits="31" branch="false" />
                <line number="63" hits="38" branch="true" condition-coverage="100% (2/2)" />
                <line number="64" hits="7" branch="false" />
                <line number="65" hits="7" branch="true" condition-coverage="100% (2/2)" />
                <line number="66" hits="1" branch="false" />
                <line number="67" hits="1" branch="false" />
                <line number="69" hits="1" branch="false" />
                <line number="71" hits="6" branch="false" />
                <line number="72" hits="6" branch="false" />
                <line number="73" hits="6" branch="false" />
                <line number="74" hits="7" branch="false" />
                <line number="76" hits="31" branch="false" />
                <line number="77" hits="31" branch="false" />
                <line number="78" hits="31" branch="false" />
                <line number="79" hits="38" branch="false" />
                <line number="80" hits="38" branch="false" />
                <line number="81" hits="38" branch="false" />
                <line number="83" hits="410" branch="false" />
                <line number="84" hits="410" branch="false" />
                <line number="85" hits="410" branch="false" />
                <line number="86" hits="448" branch="false" />
                <line number="87" hits="56" branch="false" />
                <line number="88" hits="56" branch="false" />
                <line number="89" hits="56" branch="false" />
                <line number="90" hits="7" branch="false" />
              </lines>
            </method>
            <method name="DeepCopy" signature="()" line-rate="1" branch-rate="1" complexity="1">
              <lines>
                <line number="92" hits="134" branch="false" />
                <line number="93" hits="134" branch="false" />
                <line number="94" hits="134" branch="false" />
              </lines>
            </method>
            <method name="IsMyKingAttacked" signature="(...)" line-rate="1" branch-rate="1" complexity="10">
              <lines>
                <line number="96" hits="139" branch="false" />
                <line number="97" hits="317" branch="true" condition-coverage="100% (2/2)" />
                <line number="98" hits="9" branch="false" />
                <line number="99" hits="55" branch="false" />
                <line number="101" hits="9" branch="false" />
                <line number="102" hits="9" branch="false" />
                <line number="103" hits="9" branch="false" />
                <line number="105" hits="35" branch="true" condition-coverage="100% (2/2)" />
                <line number="106" hits="5" branch="false" />
                <line number="107" hits="5" branch="false" />
                <line number="108" hits="5" branch="false" />
                <line number="109" hits="141" branch="true" condition-coverage="100% (2/2)" />
                <line number="110" hits="64" branch="false" />
                <line number="111" hits="64" branch="true" condition-coverage="100% (4/4)" />
                <line number="112" hits="2" branch="false" />
                <line number="113" hits="2" branch="false" />
                <line number="115" hits="62" branch="false" />
                <line number="116" hits="3" branch="false" />
                <line number="117" hits="7" branch="false" />
                <line number="118" hits="137" branch="false" />
                <line number="119" hits="139" branch="false" />
              </lines>
            </method>
            <method name="IsMyKingSaveable" signature="(...)" line-rate="1" branch-rate="1" complexity="2">
              <lines>
                <line number="121" hits="2" branch="false" />
                <line number="123" hits="2" branch="false" />
                <line number="124" hits="2" branch="true" condition-coverage="100% (2/2)" />
                <line number="125" hits="2" branch="false" />
              </lines>
            </method>
            <method name="DisplayBoard" signature="()" line-rate="1" branch-rate="1" complexity="12">
              <lines>
                <line number="127" hits="5" branch="false" />
                <line number="128" hits="5" branch="false" />
                <line number="129" hits="5" branch="false" />
                <line number="130" hits="90" branch="true" condition-coverage="100% (2/2)" />
                <line number="131" hits="40" branch="false" />
                <line number="132" hits="40" branch="false" />
                <line number="133" hits="40" branch="false" />
                <line number="134" hits="5" branch="false" />
                <line number="136" hits="90" branch="true" condition-coverage="100% (2/2)" />
                <line number="137" hits="40" branch="false" />
                <line number="138" hits="40" branch="false" />
                <line number="140" hits="720" branch="true" condition-coverage="100% (2/2)" />
                <line number="141" hits="320" branch="false" />
                <line number="142" hits="320" branch="false" />
                <line number="144" hits="320" branch="false" />
                <line number="146" hits="320" branch="true" condition-coverage="100% (2/2)" />
                <line number="147" hits="40" branch="false" />
                <line number="148" hits="40" branch="false" />
                <line number="149" hits="40" branch="false" />
                <line number="151" hits="40" branch="true" condition-coverage="100% (2/2)" />
                <line number="152" hits="4" branch="false" />
                <line number="153" hits="4" branch="true" condition-coverage="100% (2/2)" />
                <line number="154" hits="1" branch="false" />
                <line number="155" hits="1" branch="false" />
                <line number="156" hits="1" branch="false" />
                <line number="157" hits="4" branch="false" />
                <line number="158" hits="40" branch="false" />
                <line number="159" hits="320" branch="false" />
                <line number="161" hits="320" branch="false" />
                <line number="162" hits="320" branch="false" />
                <line number="164" hits="40" branch="false" />
                <line number="165" hits="40" branch="false" />
                <line number="166" hits="5" branch="false" />
              </lines>
            </method>
            <method name="FiguresIsEnemies" signature="(...)" line-rate="1" branch-rate="1" complexity="2">
              <lines>
                <line number="168" hits="75" branch="false" />
                <line number="169" hits="75" branch="true" condition-coverage="100% (2/2)" />
                <line number="170" hits="43" branch="false" />
                <line number="171" hits="43" branch="false" />
                <line number="173" hits="32" branch="false" />
                <line number="174" hits="75" branch="false" />
              </lines>
            </method>
            <method name="GetSymbolForFigure" signature="(...)" line-rate="1" branch-rate="1" complexity="32">
              <lines>
                <line number="176" hits="64" branch="false" />
                <line number="178" hits="64" branch="true" condition-coverage="100% (32/32)" />
                <line number="181" hits="1" branch="false" />
                <line number="182" hits="1" branch="false" />
                <line number="184" hits="4" branch="false" />
                <line number="185" hits="4" branch="false" />
                <line number="187" hits="14" branch="false" />
                <line number="188" hits="14" branch="false" />
                <line number="190" hits="6" branch="false" />
                <line number="191" hits="6" branch="false" />
                <line number="193" hits="8" branch="false" />
                <line number="194" hits="8" branch="false" />
                <line number="196" hits="19" branch="false" />
                <line number="197" hits="19" branch="false" />
                <line number="199" hits="11" branch="false" />
                <line number="200" hits="11" branch="false" />
                <line number="202" hits="1" branch="false" />
                <line number="203" hits="1" branch="false" />
                <line number="205" hits="64" branch="false" />
                <line number="206" hits="64" branch="false" />
              </lines>
            </method>
            <method name="isSlotEmpty" signature="(...)" line-rate="1" branch-rate="1" complexity="2">
              <lines>
                <line number="207" hits="22013" branch="true" condition-coverage="100% (2/2)" />
              </lines>
            </method>
            <method name="FigureCanMoveToPoint" signature="(...)" line-rate="1" branch-rate="1" complexity="2">
              <lines>
                <line number="209" hits="2" branch="false" />
                <line number="210" hits="2" branch="true" condition-coverage="100% (2/2)" />
                <line number="211" hits="1" branch="false" />
                <line number="212" hits="1" branch="false" />
                <line number="215" hits="1" branch="false" />
                <line number="216" hits="1" branch="false" />
                <line number="218" hits="2" branch="false" />
              </lines>
            </method>
            <method name="PointValid" signature="(...)" line-rate="1" branch-rate="1" complexity="6">
              <lines>
                <line number="220" hits="1415" branch="false" />
                <line number="221" hits="1415" branch="true" condition-coverage="100% (6/6)" />
                <line number="222" hits="1415" branch="false" />
              </lines>
            </method>
            <method name="resetBoard" signature="()" line-rate="1" branch-rate="1" complexity="1">
              <lines>
                <line number="223" hits="1" branch="false" />
              </lines>
            </method>
            <method name="setFigure" signature="(...)" line-rate="1" branch-rate="1" complexity="1">
              <lines>
                <line number="225" hits="161" branch="false" />
                <line number="226" hits="161" branch="false" />
                <line number="227" hits="161" branch="false" />
                <line number="228" hits="161" branch="false" />
                <line number="229" hits="161" branch="false" />
              </lines>
            </method>
            <method name="getTeamFigures" signature="(...)" line-rate="1" branch-rate="1" complexity="1">
              <lines>
                <line number="231" hits="148" branch="false" />
                <line number="232" hits="148" branch="false" />
                <line number="233" hits="665" branch="false" />
                <line number="234" hits="148" branch="false" />
                <line number="235" hits="148" branch="false" />
              </lines>
            </method>
            <method name="getFiguresPositionPoint" signature="(...)" line-rate="1" branch-rate="1" complexity="2">
              <lines>
                <line number="237" hits="1" branch="false" />
                <line number="238" hits="1" branch="false" />
                <line number="239" hits="5" branch="true" condition-coverage="100% (2/2)" />
                <line number="240" hits="1" branch="false" />
                <line number="241" hits="1" branch="false" />
                <line number="242" hits="1" branch="false" />
                <line number="243" hits="1" branch="false" />
                <line number="244" hits="1" branch="false" />
              </lines>
            </method>
            <method name="GetFigureAtPoint" signature="(...)" line-rate="1" branch-rate="1" complexity="2">
              <lines>
                <line number="245" hits="5600" branch="true" condition-coverage="100% (2/2)" />
              </lines>
            </method>
            <method name="GetFiguresAsString" signature="(...)" line-rate="1" branch-rate="1" complexity="4">
              <lines>
                <line number="247" hits="4" branch="false" />
                <line number="248" hits="7" branch="true" condition-coverage="100% (2/2)" />
                <line number="249" hits="4" branch="false" />
                <line number="250" hits="15" branch="true" condition-coverage="100% (2/2)" />
                <line number="251" hits="1" branch="false" />
                <line number="252" hits="1" branch="false" />
                <line number="253" hits="1" branch="false" />
                <line number="254" hits="4" branch="false" />
                <line number="255" hits="4" branch="false" />
              </lines>
            </method>
            <method name="removeFigure" signature="(...)" line-rate="1" branch-rate="1" complexity="1">
              <lines>
                <line number="256" hits="12" branch="false" />
              </lines>
            </method>
            <method name="removeFigureAt" signature="(...)" line-rate="1" branch-rate="1" complexity="1">
              <lines>
                <line number="257" hits="8" branch="false" />
              </lines>
            </method>
            <method name="MoveFigure" signature="(...)" line-rate="1" branch-rate="1" complexity="8">
              <lines>
                <line number="259" hits="142" branch="false" />
                <line number="260" hits="142" branch="true" condition-coverage="100% (2/2)" />
                <line number="261" hits="9" branch="false" />
                <line number="262" hits="9" branch="false" />
                <line number="263" hits="9" branch="true" condition-coverage="100% (2/2)" />
                <line number="264" hits="2" branch="false" />
                <line number="265" hits="2" branch="true" condition-coverage="100% (2/2)" />
                <line number="266" hits="2" branch="false" />
                <line number="268" hits="2" branch="true" condition-coverage="100% (2/2)" />
                <line number="269" hits="1" branch="false" />
                <line number="270" hits="1" branch="false" />
                <line number="271" hits="1" branch="false" />
                <line number="272" hits="1" branch="false" />
                <line number="275" hits="1" branch="false" />
                <line number="276" hits="1" branch="false" />
                <line number="277" hits="1" branch="false" />
                <line number="278" hits="1" branch="false" />
                <line number="279" hits="2" branch="false" />
                <line number="280" hits="2" branch="false" />
                <line number="282" hits="7" branch="false" />
                <line number="283" hits="7" branch="false" />
                <line number="284" hits="7" branch="false" />
                <line number="285" hits="9" branch="false" />
                <line number="286" hits="142" branch="false" />
                <line number="287" hits="142" branch="false" />
                <line number="288" hits="142" branch="false" />
              </lines>
            </method>
            <method name="clearNonValid" signature="(...)" line-rate="1" branch-rate="1" complexity="4">
              <lines>
                <line number="290" hits="63" branch="false" />
                <line number="291" hits="63" branch="false" />
                <line number="292" hits="3015" branch="true" condition-coverage="100% (2/2)" />
                <line number="293" hits="1413" branch="false" />
                <line number="294" hits="1413" branch="true" condition-coverage="100% (2/2)" />
                <line number="295" hits="308" branch="false" />
                <line number="296" hits="308" branch="false" />
                <line number="297" hits="308" branch="false" />
                <line number="298" hits="1413" branch="false" />
                <line number="299" hits="63" branch="false" />
                <line number="300" hits="63" branch="false" />
              </lines>
            </method>
            <method name="getTeamMovePoints" signature="(...)" line-rate="1" branch-rate="1" complexity="6">
              <lines>
                <line number="302" hits="14" branch="false" />
                <line number="303" hits="118" branch="false" />
                <line number="304" hits="14" branch="false" />
                <line number="305" hits="132" branch="true" condition-coverage="100% (2/2)" />
                <line number="306" hits="45" branch="false" />
                <line number="307" hits="45" branch="true" condition-coverage="100% (2/2)" />
                <line number="308" hits="38" branch="false" />
                <line number="309" hits="38" branch="true" condition-coverage="100% (2/2)" />
                <line number="310" hits="3" branch="false" />
                <line number="311" hits="3" branch="false" />
                <line number="312" hits="3" branch="false" />
                <line number="314" hits="35" branch="false" />
                <line number="315" hits="35" branch="false" />
                <line number="316" hits="35" branch="false" />
                <line number="317" hits="38" branch="false" />
                <line number="319" hits="7" branch="false" />
                <line number="320" hits="7" branch="false" />
                <line number="321" hits="7" branch="false" />
                <line number="322" hits="45" branch="false" />
                <line number="323" hits="14" branch="false" />
                <line number="324" hits="14" branch="false" />
              </lines>
            </method>
            <method name=".ctor" signature="(...)" line-rate="1" branch-rate="1" complexity="1">
              <lines>
                <line number="21" hits="138" branch="false" />
                <line number="22" hits="138" branch="false" />
                <line number="23" hits="138" branch="false" />
                <line number="24" hits="138" branch="false" />
                <line number="25" hits="138" branch="false" />
                <line number="26" hits="138" branch="false" />
                <line number="27" hits="138" branch="false" />
                <line number="28" hits="138" branch="false" />
              </lines>
            </method>
          </methods>
          <lines>
            <line number="21" hits="138" branch="false" />
            <line number="22" hits="138" branch="false" />
            <line number="23" hits="138" branch="false" />
            <line number="24" hits="138" branch="false" />
            <line number="25" hits="138" branch="false" />
            <line number="26" hits="138" branch="false" />
            <line number="27" hits="138" branch="false" />
            <line number="28" hits="138" branch="false" />
            <line number="30" hits="7" branch="false" />
            <line number="31" hits="7" branch="false" />
            <line number="32" hits="7" branch="false" />
            <line number="33" hits="7" branch="false" />
            <line number="35" hits="7" branch="false" />
            <line number="36" hits="126" branch="true" condition-coverage="100% (2/2)" />
            <line number="37" hits="56" branch="false" />
            <line number="38" hits="56" branch="false" />
            <line number="39" hits="56" branch="false" />
            <line number="40" hits="7" branch="false" />
            <line number="42" hits="126" branch="true" condition-coverage="100% (2/2)" />
            <line number="43" hits="56" branch="false" />
            <line number="44" hits="56" branch="false" />
            <line number="46" hits="1008" branch="true" condition-coverage="100% (2/2)" />
            <line number="47" hits="448" branch="false" />
            <line number="48" hits="448" branch="false" />
            <line number="50" hits="448" branch="false" />
            <line number="51" hits="448" branch="false" />
            <line number="52" hits="448" branch="true" condition-coverage="100% (2/2)" />
            <line number="53" hits="24" branch="false" />
            <line number="54" hits="24" branch="false" />
            <line number="55" hits="24" branch="false" />
            <line number="56" hits="24" branch="false" />
            <line number="57" hits="2767" branch="true" condition-coverage="100% (4/4)" />
            <line number="58" hits="38" branch="false" />
            <line number="59" hits="38" branch="true" condition-coverage="100% (2/2)" />
            <line number="60" hits="31" branch="false" />
            <line number="61" hits="31" branch="false" />
            <line number="62" hits="31" branch="false" />
            <line number="63" hits="38" branch="true" condition-coverage="100% (2/2)" />
            <line number="64" hits="7" branch="false" />
            <line number="65" hits="7" branch="true" condition-coverage="100% (2/2)" />
            <line number="66" hits="1" branch="false" />
            <line number="67" hits="1" branch="false" />
            <line number="69" hits="1" branch="false" />
            <line number="71" hits="6" branch="false" />
            <line number="72" hits="6" branch="false" />
            <line number="73" hits="6" branch="false" />
            <line number="74" hits="7" branch="false" />
            <line number="76" hits="31" branch="false" />
            <line number="77" hits="31" branch="false" />
            <line number="78" hits="31" branch="false" />
            <line number="79" hits="38" branch="false" />
            <line number="80" hits="38" branch="false" />
            <line number="81" hits="38" branch="false" />
            <line number="83" hits="410" branch="false" />
            <line number="84" hits="410" branch="false" />
            <line number="85" hits="410" branch="false" />
            <line number="86" hits="448" branch="false" />
            <line number="87" hits="56" branch="false" />
            <line number="88" hits="56" branch="false" />
            <line number="89" hits="56" branch="false" />
            <line number="90" hits="7" branch="false" />
            <line number="92" hits="134" branch="false" />
            <line number="93" hits="134" branch="false" />
            <line number="94" hits="134" branch="false" />
            <line number="96" hits="139" branch="false" />
            <line number="97" hits="317" branch="true" condition-coverage="100% (2/2)" />
            <line number="98" hits="9" branch="false" />
            <line number="99" hits="55" branch="false" />
            <line number="101" hits="9" branch="false" />
            <line number="102" hits="9" branch="false" />
            <line number="103" hits="9" branch="false" />
            <line number="105" hits="35" branch="true" condition-coverage="100% (2/2)" />
            <line number="106" hits="5" branch="false" />
            <line number="107" hits="5" branch="false" />
            <line number="108" hits="5" branch="false" />
            <line number="109" hits="141" branch="true" condition-coverage="100% (2/2)" />
            <line number="110" hits="64" branch="false" />
            <line number="111" hits="64" branch="true" condition-coverage="100% (4/4)" />
            <line number="112" hits="2" branch="false" />
            <line number="113" hits="2" branch="false" />
            <line number="115" hits="62" branch="false" />
            <line number="116" hits="3" branch="false" />
            <line number="117" hits="7" branch="false" />
            <line number="118" hits="137" branch="false" />
            <line number="119" hits="139" branch="false" />
            <line number="121" hits="2" branch="false" />
            <line number="123" hits="2" branch="false" />
            <line number="124" hits="2" branch="true" condition-coverage="100% (2/2)" />
            <line number="125" hits="2" branch="false" />
            <line number="127" hits="5" branch="false" />
            <line number="128" hits="5" branch="false" />
            <line number="129" hits="5" branch="false" />
            <line number="130" hits="90" branch="true" condition-coverage="100% (2/2)" />
            <line number="131" hits="40" branch="false" />
            <line number="132" hits="40" branch="false" />
            <line number="133" hits="40" branch="false" />
            <line number="134" hits="5" branch="false" />
            <line number="136" hits="90" branch="true" condition-coverage="100% (2/2)" />
            <line number="137" hits="40" branch="false" />
            <line number="138" hits="40" branch="false" />
            <line number="140" hits="720" branch="true" condition-coverage="100% (2/2)" />
            <line number="141" hits="320" branch="false" />
            <line number="142" hits="320" branch="false" />
            <line number="144" hits="320" branch="false" />
            <line number="146" hits="320" branch="true" condition-coverage="100% (2/2)" />
            <line number="147" hits="40" branch="false" />
            <line number="148" hits="40" branch="false" />
            <line number="149" hits="40" branch="false" />
            <line number="151" hits="40" branch="true" condition-coverage="100% (2/2)" />
            <line number="152" hits="4" branch="false" />
            <line number="153" hits="4" branch="true" condition-coverage="100% (2/2)" />
            <line number="154" hits="1" branch="false" />
            <line number="155" hits="1" branch="false" />
            <line number="156" hits="1" branch="false" />
            <line number="157" hits="4" branch="false" />
            <line number="158" hits="40" branch="false" />
            <line number="159" hits="320" branch="false" />
            <line number="161" hits="320" branch="false" />
            <line number="162" hits="320" branch="false" />
            <line number="164" hits="40" branch="false" />
            <line number="165" hits="40" branch="false" />
            <line number="166" hits="5" branch="false" />
            <line number="168" hits="75" branch="false" />
            <line number="169" hits="75" branch="true" condition-coverage="100% (2/2)" />
            <line number="170" hits="43" branch="false" />
            <line number="171" hits="43" branch="false" />
            <line number="173" hits="32" branch="false" />
            <line number="174" hits="75" branch="false" />
            <line number="176" hits="64" branch="false" />
            <line number="178" hits="64" branch="true" condition-coverage="100% (32/32)" />
            <line number="181" hits="1" branch="false" />
            <line number="182" hits="1" branch="false" />
            <line number="184" hits="4" branch="false" />
            <line number="185" hits="4" branch="false" />
            <line number="187" hits="14" branch="false" />
            <line number="188" hits="14" branch="false" />
            <line number="190" hits="6" branch="false" />
            <line number="191" hits="6" branch="false" />
            <line number="193" hits="8" branch="false" />
            <line number="194" hits="8" branch="false" />
            <line number="196" hits="19" branch="false" />
            <line number="197" hits="19" branch="false" />
            <line number="199" hits="11" branch="false" />
            <line number="200" hits="11" branch="false" />
            <line number="202" hits="1" branch="false" />
            <line number="203" hits="1" branch="false" />
            <line number="205" hits="64" branch="false" />
            <line number="206" hits="64" branch="false" />
            <line number="207" hits="22013" branch="true" condition-coverage="100% (2/2)" />
            <line number="209" hits="2" branch="false" />
            <line number="210" hits="2" branch="true" condition-coverage="100% (2/2)" />
            <line number="211" hits="1" branch="false" />
            <line number="212" hits="1" branch="false" />
            <line number="215" hits="1" branch="false" />
            <line number="216" hits="1" branch="false" />
            <line number="218" hits="2" branch="false" />
            <line number="220" hits="1415" branch="false" />
            <line number="221" hits="1415" branch="true" condition-coverage="100% (6/6)" />
            <line number="222" hits="1415" branch="false" />
            <line number="223" hits="1" branch="false" />
            <line number="225" hits="161" branch="false" />
            <line number="226" hits="161" branch="false" />
            <line number="227" hits="161" branch="false" />
            <line number="228" hits="161" branch="false" />
            <line number="229" hits="161" branch="false" />
            <line number="231" hits="148" branch="false" />
            <line number="232" hits="148" branch="false" />
            <line number="233" hits="665" branch="false" />
            <line number="234" hits="148" branch="false" />
            <line number="235" hits="148" branch="false" />
            <line number="237" hits="1" branch="false" />
            <line number="238" hits="1" branch="false" />
            <line number="239" hits="5" branch="true" condition-coverage="100% (2/2)" />
            <line number="240" hits="1" branch="false" />
            <line number="241" hits="1" branch="false" />
            <line number="242" hits="1" branch="false" />
            <line number="243" hits="1" branch="false" />
            <line number="244" hits="1" branch="false" />
            <line number="245" hits="5600" branch="true" condition-coverage="100% (2/2)" />
            <line number="247" hits="4" branch="false" />
            <line number="248" hits="7" branch="true" condition-coverage="100% (2/2)" />
            <line number="249" hits="4" branch="false" />
            <line number="250" hits="15" branch="true" condition-coverage="100% (2/2)" />
            <line number="251" hits="1" branch="false" />
            <line number="252" hits="1" branch="false" />
            <line number="253" hits="1" branch="false" />
            <line number="254" hits="4" branch="false" />
            <line number="255" hits="4" branch="false" />
            <line number="256" hits="12" branch="false" />
            <line number="257" hits="8" branch="false" />
            <line number="259" hits="142" branch="false" />
            <line number="260" hits="142" branch="true" condition-coverage="100% (2/2)" />
            <line number="261" hits="9" branch="false" />
            <line number="262" hits="9" branch="false" />
            <line number="263" hits="9" branch="true" condition-coverage="100% (2/2)" />
            <line number="264" hits="2" branch="false" />
            <line number="265" hits="2" branch="true" condition-coverage="100% (2/2)" />
            <line number="266" hits="2" branch="false" />
            <line number="268" hits="2" branch="true" condition-coverage="100% (2/2)" />
            <line number="269" hits="1" branch="false" />
            <line number="270" hits="1" branch="false" />
            <line number="271" hits="1" branch="false" />
            <line number="272" hits="1" branch="false" />
            <line number="275" hits="1" branch="false" />
            <line number="276" hits="1" branch="false" />
            <line number="277" hits="1" branch="false" />
            <line number="278" hits="1" branch="false" />
            <line number="279" hits="2" branch="false" />
            <line number="280" hits="2" branch="false" />
            <line number="282" hits="7" branch="false" />
            <line number="283" hits="7" branch="false" />
            <line number="284" hits="7" branch="false" />
            <line number="285" hits="9" branch="false" />
            <line number="286" hits="142" branch="false" />
            <line number="287" hits="142" branch="false" />
            <line number="288" hits="142" branch="false" />
            <line number="290" hits="63" branch="false" />
            <line number="291" hits="63" branch="false" />
            <line number="292" hits="3015" branch="true" condition-coverage="100% (2/2)" />
            <line number="293" hits="1413" branch="false" />
            <line number="294" hits="1413" branch="true" condition-coverage="100% (2/2)" />
            <line number="295" hits="308" branch="false" />
            <line number="296" hits="308" branch="false" />
            <line number="297" hits="308" branch="false" />
            <line number="298" hits="1413" branch="false" />
            <line number="299" hits="63" branch="false" />
            <line number="300" hits="63" branch="false" />
            <line number="302" hits="14" branch="false" />
            <line number="303" hits="118" branch="false" />
            <line number="304" hits="14" branch="false" />
            <line number="305" hits="132" branch="true" condition-coverage="100% (2/2)" />
            <line number="306" hits="45" branch="false" />
            <line number="307" hits="45" branch="true" condition-coverage="100% (2/2)" />
            <line number="308" hits="38" branch="false" />
            <line number="309" hits="38" branch="true" condition-coverage="100% (2/2)" />
            <line number="310" hits="3" branch="false" />
            <line number="311" hits="3" branch="false" />
            <line number="312" hits="3" branch="false" />
            <line number="314" hits="35" branch="false" />
            <line number="315" hits="35" branch="false" />
            <line number="316" hits="35" branch="false" />
            <line number="317" hits="38" branch="false" />
            <line number="319" hits="7" branch="false" />
            <line number="320" hits="7" branch="false" />
            <line number="321" hits="7" branch="false" />
            <line number="322" hits="45" branch="false" />
            <line number="323" hits="14" branch="false" />
            <line number="324" hits="14" branch="false" />
          </lines>
        </class>
        <class name="Chess.Models.Core.Game" filename="C:\Users\Danil\source\repos\Chess\Chess\Models\Core\Game.cs" line-rate="0.053030303030303" branch-rate="0" complexity="27">
          <methods>
            <method name="startGame" signature="()" line-rate="0" branch-rate="0" complexity="26">
              <lines>
                <line number="19" hits="0" branch="false" />
                <line number="21" hits="0" branch="false" />
                <line number="22" hits="0" branch="false" />
                <line number="24" hits="0" branch="false" />
                <line number="25" hits="0" branch="false" />
                <line number="27" hits="0" branch="false" />
                <line number="28" hits="0" branch="false" />
                <line number="30" hits="0" branch="false" />
                <line number="31" hits="0" branch="false" />
                <line number="33" hits="0" branch="false" />
                <line number="34" hits="0" branch="false" />
                <line number="36" hits="0" branch="false" />
                <line number="37" hits="0" branch="false" />
                <line number="38" hits="0" branch="false" />
                <line number="39" hits="0" branch="false" />
                <line number="40" hits="0" branch="false" />
                <line number="41" hits="0" branch="false" />
                <line number="42" hits="0" branch="false" />
                <line number="43" hits="0" branch="false" />
                <line number="45" hits="0" branch="false" />
                <line number="46" hits="0" branch="false" />
                <line number="49" hits="0" branch="false" />
                <line number="50" hits="0" branch="false" />
                <line number="52" hits="0" branch="false" />
                <line number="53" hits="0" branch="false" />
                <line number="55" hits="0" branch="false" />
                <line number="56" hits="0" branch="false" />
                <line number="58" hits="0" branch="false" />
                <line number="59" hits="0" branch="false" />
                <line number="60" hits="0" branch="false" />
                <line number="61" hits="0" branch="false" />
                <line number="62" hits="0" branch="false" />
                <line number="63" hits="0" branch="false" />
                <line number="64" hits="0" branch="false" />
                <line number="65" hits="0" branch="false" />
                <line number="67" hits="0" branch="false" />
                <line number="68" hits="0" branch="false" />
                <line number="72" hits="0" branch="true" condition-coverage="0% (0/2)" />
                <line number="73" hits="0" branch="false" />
                <line number="74" hits="0" branch="false" />
                <line number="75" hits="0" branch="false" />
                <line number="76" hits="0" branch="true" condition-coverage="0% (0/2)" />
                <line number="77" hits="0" branch="false" />
                <line number="78" hits="0" branch="false" />
                <line number="79" hits="0" branch="false" />
                <line number="80" hits="0" branch="false" />
                <line number="82" hits="0" branch="true" condition-coverage="0% (0/2)" />
                <line number="83" hits="0" branch="false" />
                <line number="84" hits="0" branch="false" />
                <line number="85" hits="0" branch="false" />
                <line number="86" hits="0" branch="false" />
                <line number="88" hits="0" branch="false" />
                <line number="89" hits="0" branch="false" />
                <line number="90" hits="0" branch="false" />
                <line number="91" hits="0" branch="false" />
                <line number="92" hits="0" branch="true" condition-coverage="0% (0/2)" />
                <line number="93" hits="0" branch="false" />
                <line number="94" hits="0" branch="false" />
                <line number="95" hits="0" branch="false" />
                <line number="96" hits="0" branch="false" />
                <line number="98" hits="0" branch="false" />
                <line number="99" hits="0" branch="false" />
                <line number="100" hits="0" branch="true" condition-coverage="0% (0/2)" />
                <line number="101" hits="0" branch="false" />
                <line number="102" hits="0" branch="false" />
                <line number="103" hits="0" branch="false" />
                <line number="104" hits="0" branch="false" />
                <line number="107" hits="0" branch="false" />
                <line number="109" hits="0" branch="false" />
                <line number="111" hits="0" branch="true" condition-coverage="0% (0/2)" />
                <line number="112" hits="0" branch="false" />
                <line number="113" hits="0" branch="false" />
                <line number="114" hits="0" branch="false" />
                <line number="115" hits="0" branch="false" />
                <line number="118" hits="0" branch="true" condition-coverage="0% (0/2)" />
                <line number="119" hits="0" branch="false" />
                <line number="120" hits="0" branch="false" />
                <line number="121" hits="0" branch="false" />
                <line number="122" hits="0" branch="false" />
                <line number="125" hits="0" branch="true" condition-coverage="0% (0/2)" />
                <line number="126" hits="0" branch="false" />
                <line number="127" hits="0" branch="false" />
                <line number="128" hits="0" branch="false" />
                <line number="129" hits="0" branch="false" />
                <line number="132" hits="0" branch="false" />
                <line number="133" hits="0" branch="false" />
                <line number="134" hits="0" branch="false" />
                <line number="136" hits="0" branch="false" />
                <line number="137" hits="0" branch="false" />
                <line number="138" hits="0" branch="true" condition-coverage="0% (0/2)" />
                <line number="139" hits="0" branch="false" />
                <line number="140" hits="0" branch="false" />
                <line number="141" hits="0" branch="false" />
                <line number="142" hits="0" branch="false" />
                <line number="144" hits="0" branch="false" />
                <line number="145" hits="0" branch="false" />
                <line number="146" hits="0" branch="true" condition-coverage="0% (0/2)" />
                <line number="147" hits="0" branch="false" />
                <line number="148" hits="0" branch="false" />
                <line number="149" hits="0" branch="false" />
                <line number="150" hits="0" branch="false" />
                <line number="152" hits="0" branch="false" />
                <line number="154" hits="0" branch="true" condition-coverage="0% (0/2)" />
                <line number="155" hits="0" branch="false" />
                <line number="156" hits="0" branch="false" />
                <line number="157" hits="0" branch="false" />
                <line number="158" hits="0" branch="false" />
                <line number="161" hits="0" branch="false" />
                <line number="162" hits="0" branch="true" condition-coverage="0% (0/2)" />
                <line number="163" hits="0" branch="false" />
                <line number="164" hits="0" branch="false" />
                <line number="165" hits="0" branch="false" />
                <line number="166" hits="0" branch="false" />
                <line number="167" hits="0" branch="true" condition-coverage="0% (0/2)" />
                <line number="168" hits="0" branch="false" />
                <line number="169" hits="0" branch="false" />
                <line number="170" hits="0" branch="false" />
                <line number="171" hits="0" branch="false" />
                <line number="172" hits="0" branch="false" />
                <line number="174" hits="0" branch="false" />
                <line number="175" hits="0" branch="false" />
                <line number="176" hits="0" branch="false" />
                <line number="177" hits="0" branch="false" />
                <line number="178" hits="0" branch="false" />
                <line number="179" hits="0" branch="false" />
              </lines>
            </method>
            <method name=".ctor" signature="()" line-rate="0.053030303030303" branch-rate="0" complexity="1">
              <lines>
                <line number="14" hits="69" branch="false" />
                <line number="16" hits="69" branch="false" />
                <line number="17" hits="69" branch="false" />
                <line number="19" hits="0" branch="false" />
                <line number="21" hits="0" branch="false" />
                <line number="22" hits="0" branch="false" />
                <line number="24" hits="0" branch="false" />
                <line number="25" hits="0" branch="false" />
                <line number="27" hits="0" branch="false" />
                <line number="28" hits="0" branch="false" />
                <line number="30" hits="0" branch="false" />
                <line number="31" hits="0" branch="false" />
                <line number="33" hits="0" branch="false" />
                <line number="34" hits="0" branch="false" />
                <line number="36" hits="0" branch="false" />
                <line number="37" hits="0" branch="false" />
                <line number="38" hits="0" branch="false" />
                <line number="39" hits="0" branch="false" />
                <line number="40" hits="0" branch="false" />
                <line number="41" hits="0" branch="false" />
                <line number="42" hits="0" branch="false" />
                <line number="43" hits="0" branch="false" />
                <line number="45" hits="0" branch="false" />
                <line number="46" hits="0" branch="false" />
                <line number="49" hits="0" branch="false" />
                <line number="50" hits="0" branch="false" />
                <line number="52" hits="0" branch="false" />
                <line number="53" hits="0" branch="false" />
                <line number="55" hits="0" branch="false" />
                <line number="56" hits="0" branch="false" />
                <line number="58" hits="0" branch="false" />
                <line number="59" hits="0" branch="false" />
                <line number="60" hits="0" branch="false" />
                <line number="61" hits="0" branch="false" />
                <line number="62" hits="0" branch="false" />
                <line number="63" hits="0" branch="false" />
                <line number="64" hits="0" branch="false" />
                <line number="65" hits="0" branch="false" />
                <line number="67" hits="0" branch="false" />
                <line number="68" hits="0" branch="false" />
                <line number="72" hits="0" branch="true" condition-coverage="0% (0/2)" />
                <line number="73" hits="0" branch="false" />
                <line number="74" hits="0" branch="false" />
                <line number="75" hits="0" branch="false" />
                <line number="76" hits="0" branch="true" condition-coverage="0% (0/2)" />
                <line number="77" hits="0" branch="false" />
                <line number="78" hits="0" branch="false" />
                <line number="79" hits="0" branch="false" />
                <line number="80" hits="0" branch="false" />
                <line number="82" hits="0" branch="true" condition-coverage="0% (0/2)" />
                <line number="83" hits="0" branch="false" />
                <line number="84" hits="0" branch="false" />
                <line number="85" hits="0" branch="false" />
                <line number="86" hits="0" branch="false" />
                <line number="88" hits="0" branch="false" />
                <line number="89" hits="0" branch="false" />
                <line number="90" hits="0" branch="false" />
                <line number="91" hits="0" branch="false" />
                <line number="92" hits="0" branch="true" condition-coverage="0% (0/2)" />
                <line number="93" hits="0" branch="false" />
                <line number="94" hits="0" branch="false" />
                <line number="95" hits="0" branch="false" />
                <line number="96" hits="0" branch="false" />
                <line number="98" hits="0" branch="false" />
                <line number="99" hits="0" branch="false" />
                <line number="100" hits="0" branch="true" condition-coverage="0% (0/2)" />
                <line number="101" hits="0" branch="false" />
                <line number="102" hits="0" branch="false" />
                <line number="103" hits="0" branch="false" />
                <line number="104" hits="0" branch="false" />
                <line number="107" hits="0" branch="false" />
                <line number="109" hits="0" branch="false" />
                <line number="111" hits="0" branch="true" condition-coverage="0% (0/2)" />
                <line number="112" hits="0" branch="false" />
                <line number="113" hits="0" branch="false" />
                <line number="114" hits="0" branch="false" />
                <line number="115" hits="0" branch="false" />
                <line number="118" hits="0" branch="true" condition-coverage="0% (0/2)" />
                <line number="119" hits="0" branch="false" />
                <line number="120" hits="0" branch="false" />
                <line number="121" hits="0" branch="false" />
                <line number="122" hits="0" branch="false" />
                <line number="125" hits="0" branch="true" condition-coverage="0% (0/2)" />
                <line number="126" hits="0" branch="false" />
                <line number="127" hits="0" branch="false" />
                <line number="128" hits="0" branch="false" />
                <line number="129" hits="0" branch="false" />
                <line number="132" hits="0" branch="false" />
                <line number="133" hits="0" branch="false" />
                <line number="134" hits="0" branch="false" />
                <line number="136" hits="0" branch="false" />
                <line number="137" hits="0" branch="false" />
                <line number="138" hits="0" branch="true" condition-coverage="0% (0/2)" />
                <line number="139" hits="0" branch="false" />
                <line number="140" hits="0" branch="false" />
                <line number="141" hits="0" branch="false" />
                <line number="142" hits="0" branch="false" />
                <line number="144" hits="0" branch="false" />
                <line number="145" hits="0" branch="false" />
                <line number="146" hits="0" branch="true" condition-coverage="0% (0/2)" />
                <line number="147" hits="0" branch="false" />
                <line number="148" hits="0" branch="false" />
                <line number="149" hits="0" branch="false" />
                <line number="150" hits="0" branch="false" />
                <line number="152" hits="0" branch="false" />
                <line number="154" hits="0" branch="true" condition-coverage="0% (0/2)" />
                <line number="155" hits="0" branch="false" />
                <line number="156" hits="0" branch="false" />
                <line number="157" hits="0" branch="false" />
                <line number="158" hits="0" branch="false" />
                <line number="161" hits="0" branch="false" />
                <line number="162" hits="0" branch="true" condition-coverage="0% (0/2)" />
                <line number="163" hits="0" branch="false" />
                <line number="164" hits="0" branch="false" />
                <line number="165" hits="0" branch="false" />
                <line number="166" hits="0" branch="false" />
                <line number="167" hits="0" branch="true" condition-coverage="0% (0/2)" />
                <line number="168" hits="0" branch="false" />
                <line number="169" hits="0" branch="false" />
                <line number="170" hits="0" branch="false" />
                <line number="171" hits="0" branch="false" />
                <line number="172" hits="0" branch="false" />
                <line number="174" hits="0" branch="false" />
                <line number="175" hits="0" branch="false" />
                <line number="176" hits="0" branch="false" />
                <line number="177" hits="0" branch="false" />
                <line number="178" hits="0" branch="false" />
                <line number="179" hits="0" branch="false" />
                <line number="180" hits="69" branch="false" />
                <line number="181" hits="69" branch="false" />
                <line number="182" hits="69" branch="false" />
                <line number="183" hits="69" branch="false" />
              </lines>
            </method>
          </methods>
          <lines>
            <line number="14" hits="69" branch="false" />
            <line number="16" hits="69" branch="false" />
            <line number="17" hits="69" branch="false" />
            <line number="19" hits="0" branch="false" />
            <line number="21" hits="0" branch="false" />
            <line number="22" hits="0" branch="false" />
            <line number="24" hits="0" branch="false" />
            <line number="25" hits="0" branch="false" />
            <line number="27" hits="0" branch="false" />
            <line number="28" hits="0" branch="false" />
            <line number="30" hits="0" branch="false" />
            <line number="31" hits="0" branch="false" />
            <line number="33" hits="0" branch="false" />
            <line number="34" hits="0" branch="false" />
            <line number="36" hits="0" branch="false" />
            <line number="37" hits="0" branch="false" />
            <line number="38" hits="0" branch="false" />
            <line number="39" hits="0" branch="false" />
            <line number="40" hits="0" branch="false" />
            <line number="41" hits="0" branch="false" />
            <line number="42" hits="0" branch="false" />
            <line number="43" hits="0" branch="false" />
            <line number="45" hits="0" branch="false" />
            <line number="46" hits="0" branch="false" />
            <line number="49" hits="0" branch="false" />
            <line number="50" hits="0" branch="false" />
            <line number="52" hits="0" branch="false" />
            <line number="53" hits="0" branch="false" />
            <line number="55" hits="0" branch="false" />
            <line number="56" hits="0" branch="false" />
            <line number="58" hits="0" branch="false" />
            <line number="59" hits="0" branch="false" />
            <line number="60" hits="0" branch="false" />
            <line number="61" hits="0" branch="false" />
            <line number="62" hits="0" branch="false" />
            <line number="63" hits="0" branch="false" />
            <line number="64" hits="0" branch="false" />
            <line number="65" hits="0" branch="false" />
            <line number="67" hits="0" branch="false" />
            <line number="68" hits="0" branch="false" />
            <line number="72" hits="0" branch="true" condition-coverage="0% (0/2)" />
            <line number="73" hits="0" branch="false" />
            <line number="74" hits="0" branch="false" />
            <line number="75" hits="0" branch="false" />
            <line number="76" hits="0" branch="true" condition-coverage="0% (0/2)" />
            <line number="77" hits="0" branch="false" />
            <line number="78" hits="0" branch="false" />
            <line number="79" hits="0" branch="false" />
            <line number="80" hits="0" branch="false" />
            <line number="82" hits="0" branch="true" condition-coverage="0% (0/2)" />
            <line number="83" hits="0" branch="false" />
            <line number="84" hits="0" branch="false" />
            <line number="85" hits="0" branch="false" />
            <line number="86" hits="0" branch="false" />
            <line number="88" hits="0" branch="false" />
            <line number="89" hits="0" branch="false" />
            <line number="90" hits="0" branch="false" />
            <line number="91" hits="0" branch="false" />
            <line number="92" hits="0" branch="true" condition-coverage="0% (0/2)" />
            <line number="93" hits="0" branch="false" />
            <line number="94" hits="0" branch="false" />
            <line number="95" hits="0" branch="false" />
            <line number="96" hits="0" branch="false" />
            <line number="98" hits="0" branch="false" />
            <line number="99" hits="0" branch="false" />
            <line number="100" hits="0" branch="true" condition-coverage="0% (0/2)" />
            <line number="101" hits="0" branch="false" />
            <line number="102" hits="0" branch="false" />
            <line number="103" hits="0" branch="false" />
            <line number="104" hits="0" branch="false" />
            <line number="107" hits="0" branch="false" />
            <line number="109" hits="0" branch="false" />
            <line number="111" hits="0" branch="true" condition-coverage="0% (0/2)" />
            <line number="112" hits="0" branch="false" />
            <line number="113" hits="0" branch="false" />
            <line number="114" hits="0" branch="false" />
            <line number="115" hits="0" branch="false" />
            <line number="118" hits="0" branch="true" condition-coverage="0% (0/2)" />
            <line number="119" hits="0" branch="false" />
            <line number="120" hits="0" branch="false" />
            <line number="121" hits="0" branch="false" />
            <line number="122" hits="0" branch="false" />
            <line number="125" hits="0" branch="true" condition-coverage="0% (0/2)" />
            <line number="126" hits="0" branch="false" />
            <line number="127" hits="0" branch="false" />
            <line number="128" hits="0" branch="false" />
            <line number="129" hits="0" branch="false" />
            <line number="132" hits="0" branch="false" />
            <line number="133" hits="0" branch="false" />
            <line number="134" hits="0" branch="false" />
            <line number="136" hits="0" branch="false" />
            <line number="137" hits="0" branch="false" />
            <line number="138" hits="0" branch="true" condition-coverage="0% (0/2)" />
            <line number="139" hits="0" branch="false" />
            <line number="140" hits="0" branch="false" />
            <line number="141" hits="0" branch="false" />
            <line number="142" hits="0" branch="false" />
            <line number="144" hits="0" branch="false" />
            <line number="145" hits="0" branch="false" />
            <line number="146" hits="0" branch="true" condition-coverage="0% (0/2)" />
            <line number="147" hits="0" branch="false" />
            <line number="148" hits="0" branch="false" />
            <line number="149" hits="0" branch="false" />
            <line number="150" hits="0" branch="false" />
            <line number="152" hits="0" branch="false" />
            <line number="154" hits="0" branch="true" condition-coverage="0% (0/2)" />
            <line number="155" hits="0" branch="false" />
            <line number="156" hits="0" branch="false" />
            <line number="157" hits="0" branch="false" />
            <line number="158" hits="0" branch="false" />
            <line number="161" hits="0" branch="false" />
            <line number="162" hits="0" branch="true" condition-coverage="0% (0/2)" />
            <line number="163" hits="0" branch="false" />
            <line number="164" hits="0" branch="false" />
            <line number="165" hits="0" branch="false" />
            <line number="166" hits="0" branch="false" />
            <line number="167" hits="0" branch="true" condition-coverage="0% (0/2)" />
            <line number="168" hits="0" branch="false" />
            <line number="169" hits="0" branch="false" />
            <line number="170" hits="0" branch="false" />
            <line number="171" hits="0" branch="false" />
            <line number="172" hits="0" branch="false" />
            <line number="174" hits="0" branch="false" />
            <line number="175" hits="0" branch="false" />
            <line number="176" hits="0" branch="false" />
            <line number="177" hits="0" branch="false" />
            <line number="178" hits="0" branch="false" />
            <line number="179" hits="0" branch="false" />
            <line number="180" hits="69" branch="false" />
            <line number="181" hits="69" branch="false" />
            <line number="182" hits="69" branch="false" />
            <line number="183" hits="69" branch="false" />
          </lines>
        </class>
        <class name="Chess.Models.Core.Point" filename="C:\Users\Danil\source\repos\Chess\Chess\Models\Core\Point.cs" line-rate="1" branch-rate="1" complexity="2">
          <methods>
            <method name="getAsString" signature="()" line-rate="1" branch-rate="1" complexity="1">
              <lines>
                <line number="14" hits="2" branch="false" />
              </lines>
            </method>
            <method name=".ctor" signature="(...)" line-rate="1" branch-rate="1" complexity="1">
              <lines>
                <line number="13" hits="31680" branch="false" />
              </lines>
            </method>
          </methods>
          <lines>
            <line number="13" hits="31680" branch="false" />
            <line number="14" hits="2" branch="false" />
          </lines>
        </class>
        <class name="Chess.Models.Figures.Bishop" filename="C:\Users\Danil\source\repos\Chess\Chess\Models\Figures\Bishop.cs" line-rate="1" branch-rate="1" complexity="1">
          <methods>
            <method name=".ctor" signature="(...)" line-rate="1" branch-rate="1" complexity="1">
              <lines>
                <line number="14" hits="28" branch="false" />
                <line number="15" hits="28" branch="false" />
                <line number="16" hits="28" branch="false" />
                <line number="17" hits="28" branch="false" />
                <line number="18" hits="28" branch="false" />
                <line number="19" hits="28" branch="false" />
                <line number="21" hits="28" branch="false" />
                <line number="22" hits="28" branch="false" />
                <line number="23" hits="28" branch="false" />
                <line number="24" hits="28" branch="false" />
                <line number="25" hits="28" branch="false" />
              </lines>
            </method>
          </methods>
          <lines>
            <line number="14" hits="28" branch="false" />
            <line number="15" hits="28" branch="false" />
            <line number="16" hits="28" branch="false" />
            <line number="17" hits="28" branch="false" />
            <line number="18" hits="28" branch="false" />
            <line number="19" hits="28" branch="false" />
            <line number="21" hits="28" branch="false" />
            <line number="22" hits="28" branch="false" />
            <line number="23" hits="28" branch="false" />
            <line number="24" hits="28" branch="false" />
            <line number="25" hits="28" branch="false" />
          </lines>
        </class>
        <class name="Chess.Models.Figures.Figure" filename="C:\Users\Danil\source\repos\Chess\Chess\Models\Figures\Figure.cs" line-rate="1" branch-rate="0.962962962962963" complexity="56">
          <methods>
            <method name="figureCanMove" signature="()" line-rate="1" branch-rate="1" complexity="2">
              <lines>
                <line number="26" hits="2" branch="false" />
                <line number="27" hits="2" branch="true" condition-coverage="100% (2/2)" />
                <line number="28" hits="2" branch="false" />
              </lines>
            </method>
            <method name="ConvertRelativePointToAbsolute" signature="(...)" line-rate="1" branch-rate="1" complexity="2">
              <lines>
                <line number="30" hits="515" branch="false" />
                <line number="31" hits="515" branch="false" />
                <line number="32" hits="5801" branch="true" condition-coverage="100% (2/2)" />
                <line number="33" hits="2128" branch="false" />
                <line number="34" hits="2128" branch="false" />
                <line number="35" hits="2128" branch="false" />
                <line number="36" hits="2128" branch="false" />
                <line number="37" hits="515" branch="false" />
                <line number="38" hits="515" branch="false" />
              </lines>
            </method>
            <method name="clearNonSecuritedPoints" signature="(...)" line-rate="1" branch-rate="1" complexity="4">
              <lines>
                <line number="40" hits="17" branch="false" />
                <line number="41" hits="17" branch="false" />
                <line number="42" hits="450" branch="true" condition-coverage="100% (2/2)" />
                <line number="44" hits="133" branch="false" />
                <line number="45" hits="133" branch="false" />
                <line number="46" hits="133" branch="false" />
                <line number="47" hits="133" branch="false" />
                <line number="48" hits="133" branch="true" condition-coverage="100% (2/2)" />
                <line number="49" hits="133" branch="false" />
                <line number="50" hits="133" branch="false" />
                <line number="51" hits="133" branch="false" />
                <line number="52" hits="133" branch="false" />
                <line number="53" hits="17" branch="false" />
                <line number="54" hits="17" branch="false" />
              </lines>
            </method>
            <method name="getMovePointsWithoutFiltering" signature="()" line-rate="1" branch-rate="1" complexity="18">
              <lines>
                <line number="56" hits="39" branch="false" />
                <line number="57" hits="39" branch="false" />
                <line number="58" hits="409" branch="true" condition-coverage="100% (2/2)" />
                <line number="59" hits="146" branch="false" />
                <line number="60" hits="146" branch="false" />
                <line number="61" hits="146" branch="true" condition-coverage="100% (2/2)" />
                <line number="62" hits="88" branch="false" />
                <line number="63" hits="1901" branch="true" condition-coverage="100% (2/2)" />
                <line number="64" hits="834" branch="false" />
                <line number="65" hits="834" branch="true" condition-coverage="100% (2/2)" />
                <line number="66" hits="31" branch="false" />
                <line number="67" hits="31" branch="false" />
                <line number="68" hits="31" branch="true" condition-coverage="100% (2/2)" />
                <line number="69" hits="4" branch="false" />
                <line number="70" hits="4" branch="false" />
                <line number="71" hits="4" branch="false" />
                <line number="72" hits="31" branch="false" />
                <line number="75" hits="803" branch="false" />
                <line number="76" hits="803" branch="false" />
                <line number="77" hits="803" branch="false" />
                <line number="78" hits="803" branch="false" />
                <line number="79" hits="88" branch="false" />
                <line number="81" hits="58" branch="false" />
                <line number="82" hits="58" branch="false" />
                <line number="83" hits="58" branch="false" />
                <line number="84" hits="544" branch="true" condition-coverage="100% (2/2)" />
                <line number="85" hits="185" branch="false" />
                <line number="86" hits="185" branch="true" condition-coverage="100% (2/2)" />
                <line number="87" hits="5" branch="false" />
                <line number="88" hits="5" branch="false" />
                <line number="89" hits="5" branch="true" condition-coverage="100% (2/2)" />
                <line number="90" hits="5" branch="false" />
                <line number="91" hits="5" branch="false" />
                <line number="92" hits="5" branch="false" />
                <line number="93" hits="5" branch="false" />
                <line number="94" hits="185" branch="false" />
                <line number="95" hits="270" branch="true" condition-coverage="100% (2/2)" />
                <line number="96" hits="58" branch="false" />
                <line number="97" hits="146" branch="false" />
                <line number="98" hits="39" branch="false" />
                <line number="99" hits="39" branch="false" />
                <line number="100" hits="39" branch="false" />
              </lines>
            </method>
            <method name="getMovePoints" signature="()" line-rate="1" branch-rate="0.944444444444444" complexity="18">
              <lines>
                <line number="102" hits="6" branch="false" />
                <line number="103" hits="6" branch="false" />
                <line number="104" hits="106" branch="true" condition-coverage="100% (2/2)" />
                <line number="105" hits="44" branch="false" />
                <line number="106" hits="44" branch="false" />
                <line number="107" hits="44" branch="true" condition-coverage="100% (2/2)" />
                <line number="108" hits="36" branch="false" />
                <line number="109" hits="1041" branch="true" condition-coverage="100% (2/2)" />
                <line number="110" hits="468" branch="false" />
                <line number="112" hits="468" branch="true" condition-coverage="100% (2/2)" />
                <line number="113" hits="3" branch="false" />
                <line number="114" hits="3" branch="false" />
                <line number="115" hits="3" branch="true" condition-coverage="100% (2/2)" />
                <line number="116" hits="3" branch="false" />
                <line number="117" hits="3" branch="false" />
                <line number="118" hits="3" branch="false" />
                <line number="119" hits="3" branch="false" />
                <line number="122" hits="465" branch="false" />
                <line number="123" hits="465" branch="false" />
                <line number="124" hits="465" branch="false" />
                <line number="125" hits="465" branch="false" />
                <line number="126" hits="36" branch="false" />
                <line number="128" hits="8" branch="false" />
                <line number="129" hits="8" branch="false" />
                <line number="130" hits="8" branch="false" />
                <line number="131" hits="82" branch="true" condition-coverage="100% (2/2)" />
                <line number="132" hits="29" branch="false" />
                <line number="133" hits="29" branch="true" condition-coverage="100% (2/2)" />
                <line number="134" hits="1" branch="false" />
                <line number="135" hits="1" branch="false" />
                <line number="136" hits="1" branch="true" condition-coverage="100% (2/2)" />
                <line number="137" hits="1" branch="false" />
                <line number="138" hits="1" branch="false" />
                <line number="139" hits="1" branch="false" />
                <line number="140" hits="1" branch="false" />
                <line number="141" hits="29" branch="false" />
                <line number="142" hits="38" branch="true" condition-coverage="50% (1/2)" />
                <line number="143" hits="8" branch="false" />
                <line number="144" hits="44" branch="false" />
                <line number="145" hits="6" branch="false" />
                <line number="146" hits="6" branch="false" />
                <line number="147" hits="6" branch="false" />
                <line number="148" hits="6" branch="false" />
              </lines>
            </method>
            <method name="onFigureMoved" signature="()" line-rate="1" branch-rate="1" complexity="1">
              <lines>
                <line number="150" hits="142" branch="false" />
                <line number="151" hits="142" branch="false" />
                <line number="152" hits="142" branch="false" />
              </lines>
            </method>
            <method name="pointMovable" signature="(...)" line-rate="1" branch-rate="1" complexity="2">
              <lines>
                <line number="154" hits="2" branch="false" />
                <line number="155" hits="2" branch="false" />
                <line number="156" hits="2" branch="false" />
                <line number="157" hits="5" branch="true" condition-coverage="100% (2/2)" />
                <line number="158" hits="2" branch="false" />
              </lines>
            </method>
            <method name="setPosition" signature="(...)" line-rate="1" branch-rate="1" complexity="1">
              <lines>
                <line number="159" hits="143" branch="false" />
              </lines>
            </method>
            <method name="IsPatternMoveValid" signature="(...)" line-rate="1" branch-rate="0.5" complexity="2">
              <lines>
                <line number="181" hits="2" branch="false" />
                <line number="182" hits="2" branch="false" />
                <line number="183" hits="2" branch="true" condition-coverage="50% (1/2)" />
                <line number="184" hits="2" branch="false" />
              </lines>
            </method>
            <method name="setAvalibleMovePoints" signature="()" line-rate="1" branch-rate="1" complexity="2">
              <lines>
                <line number="186" hits="84" branch="false" />
                <line number="187" hits="1022" branch="true" condition-coverage="100% (2/2)" />
                <line number="188" hits="385" branch="false" />
                <line number="189" hits="385" branch="false" />
                <line number="190" hits="385" branch="false" />
                <line number="191" hits="84" branch="false" />
              </lines>
            </method>
            <method name=".ctor" signature="(...)" line-rate="1" branch-rate="0.98" complexity="4">
              <lines>
                <line number="20" hits="182" branch="false" />
                <line number="21" hits="182" branch="false" />
                <line number="23" hits="182" branch="false" />
                <line number="26" hits="2" branch="false" />
                <line number="27" hits="2" branch="true" condition-coverage="100% (2/2)" />
                <line number="28" hits="2" branch="false" />
                <line number="30" hits="515" branch="false" />
                <line number="31" hits="515" branch="false" />
                <line number="32" hits="5801" branch="true" condition-coverage="100% (2/2)" />
                <line number="33" hits="2128" branch="false" />
                <line number="34" hits="2128" branch="false" />
                <line number="35" hits="2128" branch="false" />
                <line number="36" hits="2128" branch="false" />
                <line number="37" hits="515" branch="false" />
                <line number="38" hits="515" branch="false" />
                <line number="40" hits="17" branch="false" />
                <line number="41" hits="17" branch="false" />
                <line number="42" hits="450" branch="true" condition-coverage="100% (2/2)" />
                <line number="44" hits="133" branch="false" />
                <line number="45" hits="133" branch="false" />
                <line number="46" hits="133" branch="false" />
                <line number="47" hits="133" branch="false" />
                <line number="48" hits="133" branch="true" condition-coverage="100% (2/2)" />
                <line number="49" hits="133" branch="false" />
                <line number="50" hits="133" branch="false" />
                <line number="51" hits="133" branch="false" />
                <line number="52" hits="133" branch="false" />
                <line number="53" hits="17" branch="false" />
                <line number="54" hits="17" branch="false" />
                <line number="56" hits="39" branch="false" />
                <line number="57" hits="39" branch="false" />
                <line number="58" hits="409" branch="true" condition-coverage="100% (2/2)" />
                <line number="59" hits="146" branch="false" />
                <line number="60" hits="146" branch="false" />
                <line number="61" hits="146" branch="true" condition-coverage="100% (2/2)" />
                <line number="62" hits="88" branch="false" />
                <line number="63" hits="1901" branch="true" condition-coverage="100% (2/2)" />
                <line number="64" hits="834" branch="false" />
                <line number="65" hits="834" branch="true" condition-coverage="100% (2/2)" />
                <line number="66" hits="31" branch="false" />
                <line number="67" hits="31" branch="false" />
                <line number="68" hits="31" branch="true" condition-coverage="100% (2/2)" />
                <line number="69" hits="4" branch="false" />
                <line number="70" hits="4" branch="false" />
                <line number="71" hits="4" branch="false" />
                <line number="72" hits="31" branch="false" />
                <line number="75" hits="803" branch="false" />
                <line number="76" hits="803" branch="false" />
                <line number="77" hits="803" branch="false" />
                <line number="78" hits="803" branch="false" />
                <line number="79" hits="88" branch="false" />
                <line number="81" hits="58" branch="false" />
                <line number="82" hits="58" branch="false" />
                <line number="83" hits="58" branch="false" />
                <line number="84" hits="544" branch="true" condition-coverage="100% (2/2)" />
                <line number="85" hits="185" branch="false" />
                <line number="86" hits="185" branch="true" condition-coverage="100% (2/2)" />
                <line number="87" hits="5" branch="false" />
                <line number="88" hits="5" branch="false" />
                <line number="89" hits="5" branch="true" condition-coverage="100% (2/2)" />
                <line number="90" hits="5" branch="false" />
                <line number="91" hits="5" branch="false" />
[...]
            <line number="252" hits="0" branch="false" />
            <line number="253" hits="0" branch="false" />
            <line number="254" hits="0" branch="false" />
            <line number="255" hits="0" branch="false" />
            <line number="256" hits="1" branch="false" />
            <line number="260" hits="1" branch="false" />
            <line number="261" hits="1" branch="false" />
            <line number="262" hits="1" branch="false" />
            <line number="264" hits="1" branch="false" />
            <line number="265" hits="1" branch="false" />
            <line number="266" hits="1" branch="false" />
            <line number="267" hits="1" branch="false" />
            <line number="268" hits="0" branch="false" />
            <line number="269" hits="0" branch="false" />
            <line number="270" hits="0" branch="false" />
            <line number="271" hits="0" branch="false" />
            <line number="272" hits="1" branch="false" />
            <line number="275" hits="1" branch="false" />
            <line number="276" hits="1" branch="false" />
            <line number="277" hits="1" branch="false" />
            <line number="278" hits="1" branch="false" />
            <line number="279" hits="1" branch="false" />
            <line number="280" hits="1" branch="false" />
            <line number="281" hits="1" branch="false" />
            <line number="283" hits="1" branch="false" />
            <line number="284" hits="1" branch="false" />
            <line number="285" hits="1" branch="false" />
            <line number="286" hits="1" branch="false" />
            <line number="288" hits="1" branch="false" />
            <line number="290" hits="1" branch="false" />
            <line number="293" hits="1" branch="false" />
            <line number="294" hits="1" branch="false" />
            <line number="295" hits="1" branch="false" />
            <line number="296" hits="1" branch="false" />
            <line number="297" hits="1" branch="false" />
            <line number="298" hits="1" branch="false" />
            <line number="299" hits="1" branch="false" />
            <line number="300" hits="1" branch="false" />
            <line number="301" hits="1" branch="false" />
            <line number="302" hits="1" branch="false" />
            <line number="304" hits="1" branch="false" />
            <line number="305" hits="1" branch="false" />
            <line number="306" hits="1" branch="false" />
            <line number="307" hits="1" branch="false" />
            <line number="308" hits="1" branch="false" />
            <line number="310" hits="1" branch="false" />
            <line number="312" hits="1" branch="false" />
            <line number="315" hits="1" branch="false" />
            <line number="316" hits="1" branch="false" />
            <line number="317" hits="1" branch="false" />
            <line number="318" hits="1" branch="false" />
            <line number="319" hits="1" branch="false" />
            <line number="320" hits="1" branch="false" />
            <line number="322" hits="1" branch="false" />
            <line number="323" hits="1" branch="false" />
            <line number="324" hits="1" branch="false" />
            <line number="326" hits="1" branch="false" />
            <line number="328" hits="1" branch="false" />
            <line number="331" hits="1" branch="false" />
            <line number="332" hits="1" branch="false" />
            <line number="333" hits="1" branch="false" />
            <line number="334" hits="1" branch="false" />
            <line number="335" hits="1" branch="false" />
            <line number="336" hits="1" branch="false" />
            <line number="337" hits="1" branch="false" />
            <line number="338" hits="1" branch="false" />
            <line number="339" hits="1" branch="false" />
            <line number="341" hits="1" branch="false" />
            <line number="342" hits="1" branch="false" />
            <line number="343" hits="1" branch="false" />
            <line number="344" hits="1" branch="false" />
            <line number="346" hits="1" branch="false" />
            <line number="348" hits="1" branch="false" />
            <line number="351" hits="1" branch="false" />
            <line number="352" hits="1" branch="false" />
            <line number="353" hits="1" branch="false" />
            <line number="354" hits="1" branch="false" />
            <line number="355" hits="1" branch="false" />
            <line number="356" hits="1" branch="false" />
            <line number="357" hits="1" branch="false" />
            <line number="358" hits="1" branch="false" />
            <line number="359" hits="1" branch="false" />
            <line number="361" hits="1" branch="false" />
            <line number="362" hits="1" branch="false" />
            <line number="363" hits="1" branch="false" />
            <line number="364" hits="1" branch="false" />
            <line number="366" hits="1" branch="false" />
            <line number="368" hits="1" branch="false" />
            <line number="371" hits="1" branch="false" />
            <line number="372" hits="1" branch="false" />
            <line number="373" hits="1" branch="false" />
            <line number="374" hits="1" branch="false" />
            <line number="375" hits="1" branch="false" />
            <line number="376" hits="1" branch="false" />
            <line number="377" hits="1" branch="false" />
            <line number="378" hits="1" branch="false" />
            <line number="379" hits="1" branch="false" />
            <line number="381" hits="1" branch="false" />
            <line number="382" hits="1" branch="false" />
            <line number="383" hits="1" branch="false" />
            <line number="384" hits="1" branch="false" />
            <line number="385" hits="1" branch="false" />
            <line number="386" hits="1" branch="false" />
            <line number="389" hits="1" branch="false" />
            <line number="390" hits="1" branch="false" />
            <line number="391" hits="1" branch="false" />
            <line number="392" hits="1" branch="false" />
            <line number="393" hits="1" branch="false" />
            <line number="394" hits="1" branch="false" />
            <line number="395" hits="1" branch="false" />
            <line number="396" hits="1" branch="false" />
            <line number="397" hits="1" branch="false" />
            <line number="399" hits="1" branch="false" />
            <line number="400" hits="1" branch="false" />
            <line number="401" hits="1" branch="false" />
            <line number="402" hits="1" branch="false" />
            <line number="403" hits="1" branch="false" />
            <line number="404" hits="1" branch="false" />
            <line number="407" hits="1" branch="false" />
            <line number="408" hits="1" branch="false" />
            <line number="409" hits="1" branch="false" />
            <line number="410" hits="1" branch="false" />
            <line number="411" hits="1" branch="false" />
            <line number="412" hits="1" branch="false" />
            <line number="413" hits="1" branch="false" />
            <line number="414" hits="1" branch="false" />
            <line number="415" hits="1" branch="false" />
            <line number="417" hits="1" branch="false" />
            <line number="418" hits="1" branch="false" />
            <line number="419" hits="1" branch="false" />
            <line number="420" hits="1" branch="false" />
            <line number="421" hits="1" branch="false" />
            <line number="422" hits="1" branch="false" />
            <line number="425" hits="1" branch="false" />
            <line number="426" hits="1" branch="false" />
            <line number="427" hits="1" branch="false" />
            <line number="428" hits="1" branch="false" />
            <line number="429" hits="1" branch="false" />
            <line number="430" hits="1" branch="false" />
            <line number="431" hits="1" branch="false" />
            <line number="432" hits="1" branch="false" />
            <line number="433" hits="1" branch="false" />
            <line number="435" hits="1" branch="false" />
            <line number="436" hits="1" branch="false" />
            <line number="437" hits="1" branch="false" />
            <line number="438" hits="1" branch="false" />
            <line number="439" hits="1" branch="false" />
            <line number="440" hits="1" branch="false" />
            <line number="443" hits="1" branch="false" />
            <line number="444" hits="1" branch="false" />
            <line number="445" hits="1" branch="false" />
            <line number="446" hits="1" branch="false" />
            <line number="447" hits="1" branch="false" />
            <line number="448" hits="1" branch="false" />
            <line number="449" hits="1" branch="false" />
            <line number="450" hits="1" branch="false" />
            <line number="451" hits="1" branch="false" />
            <line number="453" hits="1" branch="false" />
            <line number="454" hits="1" branch="false" />
            <line number="455" hits="1" branch="false" />
            <line number="456" hits="1" branch="false" />
            <line number="457" hits="1" branch="false" />
            <line number="458" hits="1" branch="false" />
            <line number="461" hits="1" branch="false" />
            <line number="462" hits="1" branch="false" />
            <line number="463" hits="1" branch="false" />
            <line number="464" hits="1" branch="false" />
            <line number="465" hits="1" branch="false" />
            <line number="466" hits="1" branch="false" />
            <line number="467" hits="1" branch="false" />
            <line number="468" hits="1" branch="false" />
            <line number="469" hits="1" branch="false" />
            <line number="471" hits="1" branch="false" />
            <line number="472" hits="1" branch="false" />
            <line number="473" hits="1" branch="false" />
            <line number="474" hits="1" branch="false" />
            <line number="475" hits="1" branch="false" />
            <line number="476" hits="1" branch="false" />
            <line number="479" hits="1" branch="false" />
            <line number="480" hits="1" branch="false" />
            <line number="481" hits="1" branch="false" />
            <line number="482" hits="1" branch="false" />
            <line number="483" hits="1" branch="false" />
            <line number="484" hits="1" branch="false" />
            <line number="485" hits="1" branch="false" />
            <line number="486" hits="1" branch="false" />
            <line number="487" hits="1" branch="false" />
            <line number="489" hits="1" branch="false" />
            <line number="490" hits="1" branch="false" />
            <line number="491" hits="1" branch="false" />
            <line number="492" hits="1" branch="false" />
            <line number="493" hits="1" branch="false" />
            <line number="494" hits="1" branch="false" />
            <line number="497" hits="1" branch="false" />
            <line number="498" hits="1" branch="false" />
            <line number="499" hits="1" branch="false" />
            <line number="500" hits="1" branch="false" />
            <line number="501" hits="1" branch="false" />
            <line number="502" hits="1" branch="false" />
            <line number="503" hits="1" branch="false" />
            <line number="504" hits="1" branch="false" />
            <line number="505" hits="1" branch="false" />
            <line number="507" hits="1" branch="false" />
            <line number="508" hits="1" branch="false" />
            <line number="509" hits="1" branch="false" />
            <line number="510" hits="1" branch="false" />
            <line number="511" hits="1" branch="false" />
            <line number="512" hits="1" branch="false" />
            <line number="515" hits="1" branch="false" />
            <line number="516" hits="1" branch="false" />
            <line number="517" hits="1" branch="false" />
            <line number="518" hits="1" branch="false" />
            <line number="519" hits="1" branch="false" />
            <line number="520" hits="1" branch="false" />
            <line number="521" hits="1" branch="false" />
            <line number="522" hits="1" branch="false" />
            <line number="524" hits="1" branch="false" />
            <line number="525" hits="1" branch="false" />
            <line number="526" hits="1" branch="false" />
            <line number="527" hits="1" branch="false" />
            <line number="528" hits="1" branch="false" />
            <line number="531" hits="1" branch="false" />
            <line number="532" hits="1" branch="false" />
            <line number="533" hits="1" branch="false" />
            <line number="534" hits="1" branch="false" />
            <line number="535" hits="1" branch="false" />
            <line number="536" hits="1" branch="false" />
            <line number="537" hits="1" branch="false" />
            <line number="538" hits="1" branch="false" />
            <line number="540" hits="1" branch="false" />
            <line number="541" hits="1" branch="false" />
            <line number="542" hits="1" branch="false" />
            <line number="543" hits="1" branch="false" />
            <line number="544" hits="1" branch="false" />
            <line number="547" hits="1" branch="false" />
            <line number="548" hits="1" branch="false" />
            <line number="549" hits="1" branch="false" />
            <line number="550" hits="1" branch="false" />
            <line number="551" hits="1" branch="false" />
            <line number="552" hits="1" branch="false" />
            <line number="554" hits="1" branch="false" />
            <line number="555" hits="1" branch="false" />
            <line number="556" hits="1" branch="false" />
            <line number="557" hits="1" branch="false" />
            <line number="558" hits="1" branch="false" />
            <line number="559" hits="1" branch="false" />
            <line number="560" hits="1" branch="false" />
            <line number="561" hits="1" branch="false" />
            <line number="562" hits="1" branch="false" />
          </lines>
        </class>
        <class name="Chess.Models.Figures.Tests.ToolsTests" filename="C:\Users\Danil\source\repos\Chess\ChessTest\Models\Tools\ToolsTests.cs" line-rate="0.882352941176471" branch-rate="1" complexity="6">
          <methods>
            <method name="pointAxisValid_returnFalse_Test" signature="()" line-rate="1" branch-rate="1" complexity="1">
              <lines>
                <line number="19" hits="1" branch="false" />
                <line number="20" hits="1" branch="false" />
                <line number="21" hits="1" branch="false" />
              </lines>
            </method>
            <method name="pointAxisValid_null_returnFalse_Test" signature="()" line-rate="1" branch-rate="1" complexity="1">
              <lines>
                <line number="24" hits="1" branch="false" />
                <line number="25" hits="1" branch="false" />
                <line number="26" hits="1" branch="false" />
              </lines>
            </method>
            <method name="pointAxisValid_returnTrue_Test" signature="()" line-rate="1" branch-rate="1" complexity="1">
              <lines>
                <line number="29" hits="1" branch="false" />
                <line number="30" hits="1" branch="false" />
                <line number="31" hits="1" branch="false" />
              </lines>
            </method>
            <method name="DeepCloneHelper_returnTrue_Test" signature="()" line-rate="1" branch-rate="1" complexity="1">
              <lines>
                <line number="34" hits="1" branch="false" />
                <line number="35" hits="1" branch="false" />
                <line number="36" hits="1" branch="false" />
                <line number="38" hits="1" branch="false" />
                <line number="39" hits="1" branch="false" />
              </lines>
            </method>
            <method name="DeepCloneHelper_returnFalse_Test" signature="()" line-rate="0.8" branch-rate="1" complexity="1">
              <lines>
                <line number="42" hits="1" branch="false" />
                <line number="43" hits="1" branch="false" />
                <line number="45" hits="1" branch="false" />
                <line number="46" hits="1" branch="false" />
                <line number="47" hits="0" branch="false" />
                <line number="48" hits="0" branch="false" />
                <line number="49" hits="1" branch="false" />
                <line number="50" hits="1" branch="false" />
                <line number="51" hits="1" branch="false" />
                <line number="52" hits="1" branch="false" />
              </lines>
            </method>
            <method name="DeepCloneHelper_notSerializible_returnFalse_Test" signature="()" line-rate="0.8" branch-rate="1" complexity="1">
              <lines>
                <line number="55" hits="1" branch="false" />
                <line number="56" hits="1" branch="false" />
                <line number="58" hits="1" branch="false" />
                <line number="59" hits="1" branch="false" />
                <line number="60" hits="0" branch="false" />
                <line number="61" hits="0" branch="false" />
                <line number="62" hits="1" branch="false" />
                <line number="63" hits="1" branch="false" />
                <line number="64" hits="1" branch="false" />
                <line number="65" hits="1" branch="false" />
              </lines>
            </method>
          </methods>
          <lines>
            <line number="19" hits="1" branch="false" />
            <line number="20" hits="1" branch="false" />
            <line number="21" hits="1" branch="false" />
            <line number="24" hits="1" branch="false" />
            <line number="25" hits="1" branch="false" />
            <line number="26" hits="1" branch="false" />
            <line number="29" hits="1" branch="false" />
            <line number="30" hits="1" branch="false" />
            <line number="31" hits="1" branch="false" />
            <line number="34" hits="1" branch="false" />
            <line number="35" hits="1" branch="false" />
            <line number="36" hits="1" branch="false" />
            <line number="38" hits="1" branch="false" />
            <line number="39" hits="1" branch="false" />
            <line number="42" hits="1" branch="false" />
            <line number="43" hits="1" branch="false" />
            <line number="45" hits="1" branch="false" />
            <line number="46" hits="1" branch="false" />
            <line number="47" hits="0" branch="false" />
            <line number="48" hits="0" branch="false" />
            <line number="49" hits="1" branch="false" />
            <line number="50" hits="1" branch="false" />
            <line number="51" hits="1" branch="false" />
            <line number="52" hits="1" branch="false" />
            <line number="55" hits="1" branch="false" />
            <line number="56" hits="1" branch="false" />
            <line number="58" hits="1" branch="false" />
            <line number="59" hits="1" branch="false" />
            <line number="60" hits="0" branch="false" />
            <line number="61" hits="0" branch="false" />
            <line number="62" hits="1" branch="false" />
            <line number="63" hits="1" branch="false" />
            <line number="64" hits="1" branch="false" />
            <line number="65" hits="1" branch="false" />
          </lines>
        </class>
      </classes>
    </package>
  </packages>
</coverage>