TpTrace Verbose: 0 : 22300, 1, 2023/10/14, 17:37:19.042, 2006161289483, vstest.console.dll, Version: 17.7.1-release-23418-01 Current process architecture: X64
TpTrace Verbose: 0 : 22300, 1, 2023/10/14, 17:37:19.043, 2006161303685, vstest.console.dll, Runtime location: C:\Program Files\dotnet\shared\Microsoft.NETCore.App\7.0.11
TpTrace Verbose: 0 : 22300, 1, 2023/10/14, 17:37:19.047, 2006161337950, vstest.console.dll, ArtifactProcessingPostProcessModeProcessorExecutor.Initialize: ArtifactProcessingMode.Collect
TpTrace Verbose: 0 : 22300, 1, 2023/10/14, 17:37:19.047, 2006161338891, vstest.console.dll, TestSessionCorrelationIdProcessorModeProcessorExecutor.Initialize: TestSessionCorrelationId '14180_9d64c3dd-3848-41e4-b8db-22fe7aa7c961'
TpTrace Information: 0 : 22300, 1, 2023/10/14, 17:37:19.053, 2006161404580, vstest.console.dll, FilePatternParser: The given file C:\Users\Danil\source\repos\Chess\ChessTest\bin\Debug\net6.0\fine-code-coverage\build-output\ChessTest.dll is a full path.
TpTrace Verbose: 0 : 22300, 1, 2023/10/14, 17:37:19.058, 2006161455325, vstest.console.dll, TestPluginCache.DiscoverTestExtensions: finding test extensions in assemblies ends with: RuntimeProvider.dll TPluginInfo: Microsoft.VisualStudio.TestPlatform.Common.ExtensionFramework.Utilities.TestRuntimePluginInformation TExtension: Microsoft.VisualStudio.TestPlatform.ObjectModel.Host.ITestRuntimeProvider
TpTrace Verbose: 0 : 22300, 1, 2023/10/14, 17:37:19.059, 2006161458091, vstest.console.dll, TestPluginCache.GetExtensionPaths: Filtered extension paths: 
TpTrace Verbose: 0 : 22300, 1, 2023/10/14, 17:37:19.059, 2006161458729, vstest.console.dll, TestPluginCache.GetExtensionPaths: Added default extension paths: C:\Program Files\dotnet\sdk\7.0.401\Extensions\Microsoft.Diagnostics.NETCore.Client.dll
C:\Program Files\dotnet\sdk\7.0.401\Extensions\Microsoft.TestPlatform.Extensions.BlameDataCollector.dll
C:\Program Files\dotnet\sdk\7.0.401\Extensions\Microsoft.TestPlatform.Extensions.EventLogCollector.dll
C:\Program Files\dotnet\sdk\7.0.401\Extensions\Microsoft.TestPlatform.TestHostRuntimeProvider.dll
C:\Program Files\dotnet\sdk\7.0.401\Extensions\Microsoft.VisualStudio.TestPlatform.Extensions.Html.TestLogger.dll
C:\Program Files\dotnet\sdk\7.0.401\Extensions\Microsoft.VisualStudio.TestPlatform.Extensions.Trx.TestLogger.dll
TpTrace Verbose: 0 : 22300, 1, 2023/10/14, 17:37:19.059, 2006161458945, vstest.console.dll, TestPluginCache.GetExtensionPaths: Added unfilterableExtensionPaths: 
TpTrace Information: 0 : 22300, 1, 2023/10/14, 17:37:19.059, 2006161463214, vstest.console.dll, AssemblyResolver.ctor: Creating AssemblyResolver with searchDirectories C:\Program Files\dotnet\sdk\7.0.401\Extensions,C:\Program Files\dotnet\sdk\7.0.401
TpTrace Verbose: 0 : 22300, 1, 2023/10/14, 17:37:19.061, 2006161477543, vstest.console.dll, TestPluginCache.DiscoverTestExtensions: Discovering the extensions using extension path.
TpTrace Verbose: 0 : 22300, 1, 2023/10/14, 17:37:19.061, 2006161478337, vstest.console.dll, TestPluginCache.GetExtensionPaths: Filtered extension paths: 
TpTrace Verbose: 0 : 22300, 1, 2023/10/14, 17:37:19.061, 2006161478616, vstest.console.dll, TestPluginCache.GetExtensionPaths: Added default extension paths: C:\Program Files\dotnet\sdk\7.0.401\Extensions\Microsoft.Diagnostics.NETCore.Client.dll
C:\Program Files\dotnet\sdk\7.0.401\Extensions\Microsoft.TestPlatform.Extensions.BlameDataCollector.dll
C:\Program Files\dotnet\sdk\7.0.401\Extensions\Microsoft.TestPlatform.Extensions.EventLogCollector.dll
C:\Program Files\dotnet\sdk\7.0.401\Extensions\Microsoft.TestPlatform.TestHostRuntimeProvider.dll
C:\Program Files\dotnet\sdk\7.0.401\Extensions\Microsoft.VisualStudio.TestPlatform.Extensions.Html.TestLogger.dll
C:\Program Files\dotnet\sdk\7.0.401\Extensions\Microsoft.VisualStudio.TestPlatform.Extensions.Trx.TestLogger.dll
TpTrace Verbose: 0 : 22300, 1, 2023/10/14, 17:37:19.061, 2006161478781, vstest.console.dll, TestPluginCache.GetExtensionPaths: Added unfilterableExtensionPaths: 
TpTrace Verbose: 0 : 22300, 1, 2023/10/14, 17:37:19.061, 2006161479353, vstest.console.dll, TestPluginCache.DiscoverTestExtensions: Discovering the extensions using allExtensionPaths: C:\Program Files\dotnet\sdk\7.0.401\Extensions\Microsoft.Diagnostics.NETCore.Client.dll
C:\Program Files\dotnet\sdk\7.0.401\Extensions\Microsoft.TestPlatform.Extensions.BlameDataCollector.dll
C:\Program Files\dotnet\sdk\7.0.401\Extensions\Microsoft.TestPlatform.Extensions.EventLogCollector.dll
C:\Program Files\dotnet\sdk\7.0.401\Extensions\Microsoft.TestPlatform.TestHostRuntimeProvider.dll
C:\Program Files\dotnet\sdk\7.0.401\Extensions\Microsoft.VisualStudio.TestPlatform.Extensions.Html.TestLogger.dll
C:\Program Files\dotnet\sdk\7.0.401\Extensions\Microsoft.VisualStudio.TestPlatform.Extensions.Trx.TestLogger.dll
TpTrace Information: 0 : 22300, 1, 2023/10/14, 17:37:19.061, 2006161480599, vstest.console.dll, AssemblyResolver.AddSearchDirectories: Adding more searchDirectories C:\Program Files\dotnet\sdk\7.0.401\Extensions,C:\Program Files\dotnet\sdk\7.0.401
TpTrace Information: 0 : 22300, 1, 2023/10/14, 17:37:19.061, 2006161481060, vstest.console.dll, AssemblyResolver.AddSearchDirectories: Adding more searchDirectories C:\Program Files\dotnet\sdk\7.0.401\Extensions,C:\Program Files\dotnet\sdk\7.0.401
TpTrace Information: 0 : 22300, 1, 2023/10/14, 17:37:19.061, 2006161481308, vstest.console.dll, AssemblyResolver.AddSearchDirectories: Adding more searchDirectories C:\Program Files\dotnet\sdk\7.0.401\Extensions,C:\Program Files\dotnet\sdk\7.0.401
TpTrace Information: 0 : 22300, 1, 2023/10/14, 17:37:19.061, 2006161481462, vstest.console.dll, AssemblyResolver.AddSearchDirectories: Adding more searchDirectories C:\Program Files\dotnet\sdk\7.0.401\Extensions,C:\Program Files\dotnet\sdk\7.0.401
TpTrace Information: 0 : 22300, 1, 2023/10/14, 17:37:19.061, 2006161481603, vstest.console.dll, AssemblyResolver.AddSearchDirectories: Adding more searchDirectories C:\Program Files\dotnet\sdk\7.0.401\Extensions,C:\Program Files\dotnet\sdk\7.0.401
TpTrace Information: 0 : 22300, 1, 2023/10/14, 17:37:19.061, 2006161481785, vstest.console.dll, AssemblyResolver.AddSearchDirectories: Adding more searchDirectories C:\Program Files\dotnet\sdk\7.0.401\Extensions,C:\Program Files\dotnet\sdk\7.0.401
TpTrace Information: 0 : 22300, 1, 2023/10/14, 17:37:19.061, 2006161484924, vstest.console.dll, AssemblyResolver.OnResolve: Microsoft.Diagnostics.NETCore.Client: Resolving assembly.
TpTrace Information: 0 : 22300, 1, 2023/10/14, 17:37:19.061, 2006161485445, vstest.console.dll, AssemblyResolver.OnResolve: Microsoft.Diagnostics.NETCore.Client: Searching in: 'C:\Program Files\dotnet\sdk\7.0.401\Extensions'.
TpTrace Information: 0 : 22300, 1, 2023/10/14, 17:37:19.068, 2006161553154, vstest.console.dll, AssemblyResolver.OnResolve: Microsoft.Diagnostics.NETCore.Client: Loading assembly 'C:\Program Files\dotnet\sdk\7.0.401\Extensions\Microsoft.Diagnostics.NETCore.Client.dll'.
TpTrace Information: 0 : 22300, 1, 2023/10/14, 17:37:19.069, 2006161559185, vstest.console.dll, AssemblyResolver.OnResolve: Resolved assembly: Microsoft.Diagnostics.NETCore.Client, from path: C:\Program Files\dotnet\sdk\7.0.401\Extensions\Microsoft.Diagnostics.NETCore.Client.dll
TpTrace Verbose: 0 : 22300, 1, 2023/10/14, 17:37:19.070, 2006161567789, vstest.console.dll, MetadataReaderExtensionsHelper: Discovering extensions inside assembly 'Microsoft.Diagnostics.NETCore.Client, Version=0.2.8.21101, Culture=neutral, PublicKeyToken=31bf3856ad364e35' file path 'C:\Program Files\dotnet\sdk\7.0.401\Extensions\Microsoft.Diagnostics.NETCore.Client.dll'
TpTrace Information: 0 : 22300, 1, 2023/10/14, 17:37:19.073, 2006161603646, vstest.console.dll, AssemblyResolver.OnResolve: Microsoft.Bcl.AsyncInterfaces: Resolving assembly.
TpTrace Information: 0 : 22300, 1, 2023/10/14, 17:37:19.073, 2006161604176, vstest.console.dll, AssemblyResolver.OnResolve: Microsoft.Bcl.AsyncInterfaces: Searching in: 'C:\Program Files\dotnet\sdk\7.0.401\Extensions'.
TpTrace Information: 0 : 22300, 1, 2023/10/14, 17:37:19.073, 2006161604681, vstest.console.dll, AssemblyResolver.OnResolve: Microsoft.Bcl.AsyncInterfaces: Assembly path does not exist: 'C:\Program Files\dotnet\sdk\7.0.401\Extensions\Microsoft.Bcl.AsyncInterfaces.dll', returning.
TpTrace Information: 0 : 22300, 1, 2023/10/14, 17:37:19.073, 2006161605488, vstest.console.dll, AssemblyResolver.OnResolve: Microsoft.Bcl.AsyncInterfaces: Assembly path does not exist: 'C:\Program Files\dotnet\sdk\7.0.401\Extensions\Microsoft.Bcl.AsyncInterfaces.exe', returning.
TpTrace Information: 0 : 22300, 1, 2023/10/14, 17:37:19.073, 2006161605693, vstest.console.dll, AssemblyResolver.OnResolve: Microsoft.Bcl.AsyncInterfaces: Searching in: 'C:\Program Files\dotnet\sdk\7.0.401'.
TpTrace Information: 0 : 22300, 1, 2023/10/14, 17:37:19.073, 2006161606060, vstest.console.dll, AssemblyResolver.OnResolve: Microsoft.Bcl.AsyncInterfaces: Assembly path does not exist: 'C:\Program Files\dotnet\sdk\7.0.401\Microsoft.Bcl.AsyncInterfaces.dll', returning.
TpTrace Information: 0 : 22300, 1, 2023/10/14, 17:37:19.073, 2006161606337, vstest.console.dll, AssemblyResolver.OnResolve: Microsoft.Bcl.AsyncInterfaces: Assembly path does not exist: 'C:\Program Files\dotnet\sdk\7.0.401\Microsoft.Bcl.AsyncInterfaces.exe', returning.
TpTrace Information: 0 : 22300, 1, 2023/10/14, 17:37:19.073, 2006161606502, vstest.console.dll, AssemblyResolver.OnResolve: Microsoft.Bcl.AsyncInterfaces: Failed to load assembly.
TpTrace Verbose: 0 : 22300, 1, 2023/10/14, 17:37:19.073, 2006161606696, vstest.console.dll, CurrentDomainAssemblyResolve: Resolving assembly 'Microsoft.Bcl.AsyncInterfaces'.
TpTrace Information: 0 : 22300, 1, 2023/10/14, 17:37:19.073, 2006161607135, vstest.console.dll, AssemblyResolver.OnResolve: Microsoft.Bcl.AsyncInterfaces: Resolving assembly.
TpTrace Information: 0 : 22300, 1, 2023/10/14, 17:37:19.074, 2006161607419, vstest.console.dll, AssemblyResolver.OnResolve: Microsoft.Bcl.AsyncInterfaces: Resolved from cache.
TpTrace Verbose: 0 : 22300, 1, 2023/10/14, 17:37:19.074, 2006161607561, vstest.console.dll, CurrentDomainAssemblyResolve: Resolving assembly 'Microsoft.Bcl.AsyncInterfaces'.
TpTrace Verbose: 0 : 22300, 1, 2023/10/14, 17:37:19.074, 2006161607740, vstest.console.dll, CurrentDomainAssemblyResolve: Failed to resolve assembly 'Microsoft.Bcl.AsyncInterfaces'.
TpTrace Verbose: 0 : 22300, 1, 2023/10/14, 17:37:19.074, 2006161614028, vstest.console.dll, CurrentDomainAssemblyResolve: Failed to resolve assembly 'Microsoft.Bcl.AsyncInterfaces'.
TpTrace Warning: 0 : 22300, 1, 2023/10/14, 17:37:19.082, 2006161696763, vstest.console.dll, TestPluginDiscoverer: Failed to get types from assembly 'Microsoft.Diagnostics.NETCore.Client, Version=0.2.8.21101, Culture=neutral, PublicKeyToken=31bf3856ad364e35'. Error: System.Reflection.ReflectionTypeLoadException: Unable to load one or more of the requested types.
Could not load file or assembly 'Microsoft.Bcl.AsyncInterfaces, Version=1.0.0.0, Culture=neutral, PublicKeyToken=cc7b13ffcd2ddd51'. The system cannot find the file specified.
   at System.Reflection.RuntimeModule.GetTypes(RuntimeModule module)
   at System.Reflection.Assembly.GetTypes()
   at Microsoft.VisualStudio.TestPlatform.Common.ExtensionFramework.TestPluginDiscoverer.GetTestExtensionsFromAssembly[TPluginInfo,TExtension](Assembly assembly, Dictionary`2 pluginInfos, String filePath) in /_/src/Microsoft.TestPlatform.Common/ExtensionFramework/TestPluginDiscoverer.cs:line 158
System.IO.FileNotFoundException: Could not load file or assembly 'Microsoft.Bcl.AsyncInterfaces, Version=1.0.0.0, Culture=neutral, PublicKeyToken=cc7b13ffcd2ddd51'. The system cannot find the file specified.
File name: 'Microsoft.Bcl.AsyncInterfaces, Version=1.0.0.0, Culture=neutral, PublicKeyToken=cc7b13ffcd2ddd51'
 ---> System.IO.FileNotFoundException: Could not load file or assembly 'Microsoft.Bcl.AsyncInterfaces, Culture=neutral, PublicKeyToken=null'. The system cannot find the file specified.
File name: 'Microsoft.Bcl.AsyncInterfaces, Culture=neutral, PublicKeyToken=null'
   at System.Reflection.RuntimeAssembly.InternalLoad(AssemblyName assemblyName, StackCrawlMark& stackMark, AssemblyLoadContext assemblyLoadContext, RuntimeAssembly requestingAssembly, Boolean throwOnFileNotFound)
   at System.Reflection.Assembly.Load(AssemblyName assemblyRef)
   at Microsoft.VisualStudio.TestPlatform.Common.ExtensionFramework.TestPluginCache.CurrentDomainAssemblyResolve(Object sender, AssemblyResolveEventArgs args) in /_/src/Microsoft.TestPlatform.Common/ExtensionFramework/TestPluginCache.cs:line 513
   at System.Runtime.Loader.AssemblyLoadContext.GetFirstResolvedAssemblyFromResolvingEvent(AssemblyName assemblyName)
   at System.Runtime.Loader.AssemblyLoadContext.ResolveUsingEvent(AssemblyName assemblyName)
   at System.Runtime.Loader.AssemblyLoadContext.ResolveUsingResolvingEvent(IntPtr gchManagedAssemblyLoadContext, AssemblyName assemblyName)
TpTrace Warning: 0 : 22300, 1, 2023/10/14, 17:37:19.083, 2006161700030, vstest.console.dll, LoaderExceptions: System.IO.FileNotFoundException: Could not load file or assembly 'Microsoft.Bcl.AsyncInterfaces, Version=1.0.0.0, Culture=neutral, PublicKeyToken=cc7b13ffcd2ddd51'. The system cannot find the file specified.
File name: 'Microsoft.Bcl.AsyncInterfaces, Version=1.0.0.0, Culture=neutral, PublicKeyToken=cc7b13ffcd2ddd51'
 ---> System.IO.FileNotFoundException: Could not load file or assembly 'Microsoft.Bcl.AsyncInterfaces, Culture=neutral, PublicKeyToken=null'. The system cannot find the file specified.
File name: 'Microsoft.Bcl.AsyncInterfaces, Culture=neutral, PublicKeyToken=null'
   at System.Reflection.RuntimeAssembly.InternalLoad(AssemblyName assemblyName, StackCrawlMark& stackMark, AssemblyLoadContext assemblyLoadContext, RuntimeAssembly requestingAssembly, Boolean throwOnFileNotFound)
   at System.Reflection.Assembly.Load(AssemblyName assemblyRef)
   at Microsoft.VisualStudio.TestPlatform.Common.ExtensionFramework.TestPluginCache.CurrentDomainAssemblyResolve(Object sender, AssemblyResolveEventArgs args) in /_/src/Microsoft.TestPlatform.Common/ExtensionFramework/TestPluginCache.cs:line 513
   at System.Runtime.Loader.AssemblyLoadContext.GetFirstResolvedAssemblyFromResolvingEvent(AssemblyName assemblyName)
   at System.Runtime.Loader.AssemblyLoadContext.ResolveUsingEvent(AssemblyName assemblyName)
   at System.Runtime.Loader.AssemblyLoadContext.ResolveUsingResolvingEvent(IntPtr gchManagedAssemblyLoadContext, AssemblyName assemblyName)
TpTrace Information: 0 : 22300, 1, 2023/10/14, 17:37:19.083, 2006161701258, vstest.console.dll, AssemblyResolver.OnResolve: Microsoft.TestPlatform.Extensions.BlameDataCollector: Resolving assembly.
TpTrace Information: 0 : 22300, 1, 2023/10/14, 17:37:19.083, 2006161701549, vstest.console.dll, AssemblyResolver.OnResolve: Microsoft.TestPlatform.Extensions.BlameDataCollector: Searching in: 'C:\Program Files\dotnet\sdk\7.0.401\Extensions'.
TpTrace Information: 0 : 22300, 1, 2023/10/14, 17:37:19.083, 2006161706795, vstest.console.dll, AssemblyResolver.OnResolve: Microsoft.TestPlatform.Extensions.BlameDataCollector: Loading assembly 'C:\Program Files\dotnet\sdk\7.0.401\Extensions\Microsoft.TestPlatform.Extensions.BlameDataCollector.dll'.
TpTrace Information: 0 : 22300, 1, 2023/10/14, 17:37:19.084, 2006161715359, vstest.console.dll, AssemblyResolver.OnResolve: Resolved assembly: Microsoft.TestPlatform.Extensions.BlameDataCollector, from path: C:\Program Files\dotnet\sdk\7.0.401\Extensions\Microsoft.TestPlatform.Extensions.BlameDataCollector.dll
TpTrace Verbose: 0 : 22300, 1, 2023/10/14, 17:37:19.084, 2006161716453, vstest.console.dll, MetadataReaderExtensionsHelper: Discovering extensions inside assembly 'Microsoft.TestPlatform.Extensions.BlameDataCollector, Version=15.0.0.0, Culture=neutral, PublicKeyToken=b03f5f7f11d50a3a' file path 'C:\Program Files\dotnet\sdk\7.0.401\Extensions\Microsoft.TestPlatform.Extensions.BlameDataCollector.dll'
TpTrace Information: 0 : 22300, 1, 2023/10/14, 17:37:19.086, 2006161728455, vstest.console.dll, AssemblyResolver.OnResolve: Microsoft.TestPlatform.Extensions.EventLogCollector: Resolving assembly.
TpTrace Information: 0 : 22300, 1, 2023/10/14, 17:37:19.086, 2006161728817, vstest.console.dll, AssemblyResolver.OnResolve: Microsoft.TestPlatform.Extensions.EventLogCollector: Searching in: 'C:\Program Files\dotnet\sdk\7.0.401\Extensions'.
TpTrace Information: 0 : 22300, 1, 2023/10/14, 17:37:19.086, 2006161732223, vstest.console.dll, AssemblyResolver.OnResolve: Microsoft.TestPlatform.Extensions.EventLogCollector: Loading assembly 'C:\Program Files\dotnet\sdk\7.0.401\Extensions\Microsoft.TestPlatform.Extensions.EventLogCollector.dll'.
TpTrace Information: 0 : 22300, 1, 2023/10/14, 17:37:19.086, 2006161735554, vstest.console.dll, AssemblyResolver.OnResolve: Resolved assembly: Microsoft.TestPlatform.Extensions.EventLogCollector, from path: C:\Program Files\dotnet\sdk\7.0.401\Extensions\Microsoft.TestPlatform.Extensions.EventLogCollector.dll
TpTrace Verbose: 0 : 22300, 1, 2023/10/14, 17:37:19.086, 2006161736040, vstest.console.dll, MetadataReaderExtensionsHelper: Discovering extensions inside assembly 'Microsoft.TestPlatform.Extensions.EventLogCollector, Version=15.0.0.0, Culture=neutral, PublicKeyToken=b03f5f7f11d50a3a' file path 'C:\Program Files\dotnet\sdk\7.0.401\Extensions\Microsoft.TestPlatform.Extensions.EventLogCollector.dll'
TpTrace Information: 0 : 22300, 1, 2023/10/14, 17:37:19.089, 2006161766139, vstest.console.dll, AssemblyResolver.OnResolve: Microsoft.TestPlatform.TestHostRuntimeProvider: Resolving assembly.
TpTrace Information: 0 : 22300, 1, 2023/10/14, 17:37:19.089, 2006161766549, vstest.console.dll, AssemblyResolver.OnResolve: Microsoft.TestPlatform.TestHostRuntimeProvider: Searching in: 'C:\Program Files\dotnet\sdk\7.0.401\Extensions'.
TpTrace Information: 0 : 22300, 1, 2023/10/14, 17:37:19.090, 2006161769301, vstest.console.dll, AssemblyResolver.OnResolve: Microsoft.TestPlatform.TestHostRuntimeProvider: Loading assembly 'C:\Program Files\dotnet\sdk\7.0.401\Extensions\Microsoft.TestPlatform.TestHostRuntimeProvider.dll'.
TpTrace Information: 0 : 22300, 1, 2023/10/14, 17:37:19.090, 2006161772635, vstest.console.dll, AssemblyResolver.OnResolve: Resolved assembly: Microsoft.TestPlatform.TestHostRuntimeProvider, from path: C:\Program Files\dotnet\sdk\7.0.401\Extensions\Microsoft.TestPlatform.TestHostRuntimeProvider.dll
TpTrace Verbose: 0 : 22300, 1, 2023/10/14, 17:37:19.090, 2006161773194, vstest.console.dll, MetadataReaderExtensionsHelper: Discovering extensions inside assembly 'Microsoft.TestPlatform.TestHostRuntimeProvider, Version=15.0.0.0, Culture=neutral, PublicKeyToken=b03f5f7f11d50a3a' file path 'C:\Program Files\dotnet\sdk\7.0.401\Extensions\Microsoft.TestPlatform.TestHostRuntimeProvider.dll'
TpTrace Information: 0 : 22300, 1, 2023/10/14, 17:37:19.092, 2006161792377, vstest.console.dll, GetTestExtensionFromType: Register extension with identifier data 'HostProvider://DefaultTestHost' and type 'Microsoft.VisualStudio.TestPlatform.CrossPlatEngine.Hosting.DefaultTestHostManager, Microsoft.TestPlatform.TestHostRuntimeProvider, Version=15.0.0.0, Culture=neutral, PublicKeyToken=b03f5f7f11d50a3a' inside file 'C:\Program Files\dotnet\sdk\7.0.401\Extensions\Microsoft.TestPlatform.TestHostRuntimeProvider.dll'
TpTrace Information: 0 : 22300, 1, 2023/10/14, 17:37:19.092, 2006161794025, vstest.console.dll, GetTestExtensionFromType: Register extension with identifier data 'HostProvider://DotnetTestHost' and type 'Microsoft.VisualStudio.TestPlatform.CrossPlatEngine.Hosting.DotnetTestHostManager, Microsoft.TestPlatform.TestHostRuntimeProvider, Version=15.0.0.0, Culture=neutral, PublicKeyToken=b03f5f7f11d50a3a' inside file 'C:\Program Files\dotnet\sdk\7.0.401\Extensions\Microsoft.TestPlatform.TestHostRuntimeProvider.dll'
TpTrace Information: 0 : 22300, 1, 2023/10/14, 17:37:19.092, 2006161794509, vstest.console.dll, AssemblyResolver.OnResolve: Microsoft.VisualStudio.TestPlatform.Extensions.Html.TestLogger: Resolving assembly.
TpTrace Information: 0 : 22300, 1, 2023/10/14, 17:37:19.092, 2006161794697, vstest.console.dll, AssemblyResolver.OnResolve: Microsoft.VisualStudio.TestPlatform.Extensions.Html.TestLogger: Searching in: 'C:\Program Files\dotnet\sdk\7.0.401\Extensions'.
TpTrace Information: 0 : 22300, 1, 2023/10/14, 17:37:19.093, 2006161797720, vstest.console.dll, AssemblyResolver.OnResolve: Microsoft.VisualStudio.TestPlatform.Extensions.Html.TestLogger: Loading assembly 'C:\Program Files\dotnet\sdk\7.0.401\Extensions\Microsoft.VisualStudio.TestPlatform.Extensions.Html.TestLogger.dll'.
TpTrace Information: 0 : 22300, 1, 2023/10/14, 17:37:19.093, 2006161801157, vstest.console.dll, AssemblyResolver.OnResolve: Resolved assembly: Microsoft.VisualStudio.TestPlatform.Extensions.Html.TestLogger, from path: C:\Program Files\dotnet\sdk\7.0.401\Extensions\Microsoft.VisualStudio.TestPlatform.Extensions.Html.TestLogger.dll
TpTrace Verbose: 0 : 22300, 1, 2023/10/14, 17:37:19.093, 2006161802144, vstest.console.dll, MetadataReaderExtensionsHelper: Discovering extensions inside assembly 'Microsoft.VisualStudio.TestPlatform.Extensions.Html.TestLogger, Version=15.0.0.0, Culture=neutral, PublicKeyToken=b03f5f7f11d50a3a' file path 'C:\Program Files\dotnet\sdk\7.0.401\Extensions\Microsoft.VisualStudio.TestPlatform.Extensions.Html.TestLogger.dll'
TpTrace Information: 0 : 22300, 1, 2023/10/14, 17:37:19.094, 2006161812831, vstest.console.dll, AssemblyResolver.OnResolve: Microsoft.VisualStudio.TestPlatform.Extensions.Trx.TestLogger: Resolving assembly.
TpTrace Information: 0 : 22300, 1, 2023/10/14, 17:37:19.094, 2006161813515, vstest.console.dll, AssemblyResolver.OnResolve: Microsoft.VisualStudio.TestPlatform.Extensions.Trx.TestLogger: Searching in: 'C:\Program Files\dotnet\sdk\7.0.401\Extensions'.
TpTrace Information: 0 : 22300, 1, 2023/10/14, 17:37:19.094, 2006161816261, vstest.console.dll, AssemblyResolver.OnResolve: Microsoft.VisualStudio.TestPlatform.Extensions.Trx.TestLogger: Loading assembly 'C:\Program Files\dotnet\sdk\7.0.401\Extensions\Microsoft.VisualStudio.TestPlatform.Extensions.Trx.TestLogger.dll'.
TpTrace Information: 0 : 22300, 1, 2023/10/14, 17:37:19.095, 2006161819965, vstest.console.dll, AssemblyResolver.OnResolve: Resolved assembly: Microsoft.VisualStudio.TestPlatform.Extensions.Trx.TestLogger, from path: C:\Program Files\dotnet\sdk\7.0.401\Extensions\Microsoft.VisualStudio.TestPlatform.Extensions.Trx.TestLogger.dll
TpTrace Verbose: 0 : 22300, 1, 2023/10/14, 17:37:19.095, 2006161820385, vstest.console.dll, MetadataReaderExtensionsHelper: Discovering extensions inside assembly 'Microsoft.VisualStudio.TestPlatform.Extensions.Trx.TestLogger, Version=15.0.0.0, Culture=neutral, PublicKeyToken=b03f5f7f11d50a3a' file path 'C:\Program Files\dotnet\sdk\7.0.401\Extensions\Microsoft.VisualStudio.TestPlatform.Extensions.Trx.TestLogger.dll'
TpTrace Verbose: 0 : 22300, 1, 2023/10/14, 17:37:19.096, 2006161835159, vstest.console.dll, TestPluginCache: Discovered the extensions using extension path ''.
TpTrace Verbose: 0 : 22300, 1, 2023/10/14, 17:37:19.096, 2006161836169, vstest.console.dll, TestPluginCache: Discoverers are ''.
TpTrace Verbose: 0 : 22300, 1, 2023/10/14, 17:37:19.096, 2006161836495, vstest.console.dll, TestPluginCache: Executors are ''.
TpTrace Verbose: 0 : 22300, 1, 2023/10/14, 17:37:19.096, 2006161836708, vstest.console.dll, TestPluginCache: Executors2 are ''.
TpTrace Verbose: 0 : 22300, 1, 2023/10/14, 17:37:19.096, 2006161836823, vstest.console.dll, TestPluginCache: Setting providers are ''.
TpTrace Verbose: 0 : 22300, 1, 2023/10/14, 17:37:19.096, 2006161836938, vstest.console.dll, TestPluginCache: Loggers are ''.
TpTrace Verbose: 0 : 22300, 1, 2023/10/14, 17:37:19.097, 2006161837883, vstest.console.dll, TestPluginCache: TestHosts are 'HostProvider://DefaultTestHost,HostProvider://DotnetTestHost'.
TpTrace Verbose: 0 : 22300, 1, 2023/10/14, 17:37:19.097, 2006161838109, vstest.console.dll, TestPluginCache: DataCollectors are ''.
TpTrace Information: 0 : 22300, 1, 2023/10/14, 17:37:19.105, 2006161921123, vstest.console.dll, RunTestsArgumentProcessor:Execute: Test run is starting.
TpTrace Verbose: 0 : 22300, 1, 2023/10/14, 17:37:19.105, 2006161921896, vstest.console.dll, RunTestsArgumentProcessor:Execute: Queuing Test run.
TpTrace Information: 0 : 22300, 1, 2023/10/14, 17:37:19.105, 2006161923625, vstest.console.dll, TestRequestManager.RunTests: run tests started.
TpTrace Information: 0 : 22300, 1, 2023/10/14, 17:37:19.106, 2006161933501, vstest.console.dll, AssemblyMetadataProvider.GetFrameworkName: Determined framework:'.NETCoreApp,Version=v6.0' for source: 'C:\Users\Danil\source\repos\Chess\ChessTest\bin\Debug\net6.0\fine-code-coverage\build-output\ChessTest.dll'
TpTrace Information: 0 : 22300, 1, 2023/10/14, 17:37:19.106, 2006161934712, vstest.console.dll, Determined framework for all sources: .NETCoreApp,Version=v6.0
TpTrace Verbose: 0 : 22300, 1, 2023/10/14, 17:37:19.107, 2006161938405, vstest.console.dll, TestRequestManager.UpdateRunSettingsIfRequired: Default architecture: X64 IsDefaultTargetArchitecture: True, Current process architecture: X64 OperatingSystem: Windows.
TpTrace Information: 0 : 22300, 1, 2023/10/14, 17:37:19.108, 2006161950940, vstest.console.dll, AssemblyMetadataProvider.GetArchitecture: Determined architecture:AnyCPU info for assembly: C:\Users\Danil\source\repos\Chess\ChessTest\bin\Debug\net6.0\fine-code-coverage\build-output\ChessTest.dll
TpTrace Information: 0 : 22300, 1, 2023/10/14, 17:37:19.108, 2006161951274, vstest.console.dll, Determined platform for source 'C:\Users\Danil\source\repos\Chess\ChessTest\bin\Debug\net6.0\fine-code-coverage\build-output\ChessTest.dll' was AnyCPU and it will use the default plaform X64.
TpTrace Information: 0 : 22300, 1, 2023/10/14, 17:37:19.108, 2006161951535, vstest.console.dll, None of the sources provided any runnable platform, using the default platform: X64
TpTrace Information: 0 : 22300, 1, 2023/10/14, 17:37:19.108, 2006161952103, vstest.console.dll, Platform was updated to 'X64'.
TpTrace Information: 0 : 22300, 1, 2023/10/14, 17:37:19.112, 2006161988439, vstest.console.dll, InferRunSettingsHelper.IsTestSettingsEnabled: Unable to navigate to RunSettings/MSTest. Current node: RunSettings
TpTrace Information: 0 : 22300, 1, 2023/10/14, 17:37:19.112, 2006161994504, vstest.console.dll, AssemblyResolver.OnResolve: Microsoft.VisualStudio.TestPlatform.Fakes: Resolving assembly.
TpTrace Information: 0 : 22300, 1, 2023/10/14, 17:37:19.112, 2006161995032, vstest.console.dll, AssemblyResolver.OnResolve: Microsoft.VisualStudio.TestPlatform.Fakes: Searching in: 'C:\Program Files\dotnet\sdk\7.0.401\Extensions'.
TpTrace Information: 0 : 22300, 1, 2023/10/14, 17:37:19.112, 2006161995639, vstest.console.dll, AssemblyResolver.OnResolve: Microsoft.VisualStudio.TestPlatform.Fakes: Assembly path does not exist: 'C:\Program Files\dotnet\sdk\7.0.401\Extensions\Microsoft.VisualStudio.TestPlatform.Fakes.dll', returning.
TpTrace Information: 0 : 22300, 1, 2023/10/14, 17:37:19.112, 2006161995989, vstest.console.dll, AssemblyResolver.OnResolve: Microsoft.VisualStudio.TestPlatform.Fakes: Assembly path does not exist: 'C:\Program Files\dotnet\sdk\7.0.401\Extensions\Microsoft.VisualStudio.TestPlatform.Fakes.exe', returning.
TpTrace Information: 0 : 22300, 1, 2023/10/14, 17:37:19.112, 2006161996155, vstest.console.dll, AssemblyResolver.OnResolve: Microsoft.VisualStudio.TestPlatform.Fakes: Searching in: 'C:\Program Files\dotnet\sdk\7.0.401'.
TpTrace Information: 0 : 22300, 1, 2023/10/14, 17:37:19.112, 2006161996610, vstest.console.dll, AssemblyResolver.OnResolve: Microsoft.VisualStudio.TestPlatform.Fakes: Assembly path does not exist: 'C:\Program Files\dotnet\sdk\7.0.401\Microsoft.VisualStudio.TestPlatform.Fakes.dll', returning.
TpTrace Information: 0 : 22300, 1, 2023/10/14, 17:37:19.112, 2006161996933, vstest.console.dll, AssemblyResolver.OnResolve: Microsoft.VisualStudio.TestPlatform.Fakes: Assembly path does not exist: 'C:\Program Files\dotnet\sdk\7.0.401\Microsoft.VisualStudio.TestPlatform.Fakes.exe', returning.
TpTrace Information: 0 : 22300, 1, 2023/10/14, 17:37:19.112, 2006161997126, vstest.console.dll, AssemblyResolver.OnResolve: Microsoft.VisualStudio.TestPlatform.Fakes: Failed to load assembly.
TpTrace Information: 0 : 22300, 1, 2023/10/14, 17:37:19.113, 2006161999901, vstest.console.dll, Failed to load assembly Microsoft.VisualStudio.TestPlatform.Fakes, Version=17.0.0.0, Culture=neutral. Reason:System.IO.FileNotFoundException: Could not load file or assembly 'Microsoft.VisualStudio.TestPlatform.Fakes, Version=17.0.0.0, Culture=neutral, PublicKeyToken=null'. The system cannot find the file specified.
File name: 'Microsoft.VisualStudio.TestPlatform.Fakes, Version=17.0.0.0, Culture=neutral, PublicKeyToken=null'
   at System.Reflection.RuntimeAssembly.InternalLoad(AssemblyName assemblyName, StackCrawlMark& stackMark, AssemblyLoadContext assemblyLoadContext, RuntimeAssembly requestingAssembly, Boolean throwOnFileNotFound)
   at System.Reflection.Assembly.Load(AssemblyName assemblyRef)
   at Microsoft.VisualStudio.TestPlatform.Common.Utilities.FakesUtilities.LoadTestPlatformAssembly() in /_/src/Microsoft.TestPlatform.Common/Utilities/FakesUtilities.cs:line 272
TpTrace Verbose: 0 : 22300, 1, 2023/10/14, 17:37:19.115, 2006162026749, vstest.console.dll, TestPluginCache.DiscoverTestExtensions: finding test extensions in assemblies ends with: TestLogger.dll TPluginInfo: Microsoft.VisualStudio.TestPlatform.Common.ExtensionFramework.Utilities.TestLoggerPluginInformation TExtension: Microsoft.VisualStudio.TestPlatform.ObjectModel.Client.ITestLogger
TpTrace Verbose: 0 : 22300, 1, 2023/10/14, 17:37:19.116, 2006162027453, vstest.console.dll, TestPluginCache.GetExtensionPaths: Filtered extension paths: 
TpTrace Verbose: 0 : 22300, 1, 2023/10/14, 17:37:19.116, 2006162027653, vstest.console.dll, TestPluginCache.GetExtensionPaths: Added default extension paths: C:\Program Files\dotnet\sdk\7.0.401\Extensions\Microsoft.Diagnostics.NETCore.Client.dll
C:\Program Files\dotnet\sdk\7.0.401\Extensions\Microsoft.TestPlatform.Extensions.BlameDataCollector.dll
C:\Program Files\dotnet\sdk\7.0.401\Extensions\Microsoft.TestPlatform.Extensions.EventLogCollector.dll
C:\Program Files\dotnet\sdk\7.0.401\Extensions\Microsoft.TestPlatform.TestHostRuntimeProvider.dll
C:\Program Files\dotnet\sdk\7.0.401\Extensions\Microsoft.VisualStudio.TestPlatform.Extensions.Html.TestLogger.dll
C:\Program Files\dotnet\sdk\7.0.401\Extensions\Microsoft.VisualStudio.TestPlatform.Extensions.Trx.TestLogger.dll
TpTrace Verbose: 0 : 22300, 1, 2023/10/14, 17:37:19.116, 2006162027811, vstest.console.dll, TestPluginCache.GetExtensionPaths: Added unfilterableExtensionPaths: 
TpTrace Information: 0 : 22300, 1, 2023/10/14, 17:37:19.116, 2006162028718, vstest.console.dll, AssemblyResolver.AddSearchDirectories: Adding more searchDirectories C:\Program Files\dotnet\sdk\7.0.401\Extensions,C:\Program Files\dotnet\sdk\7.0.401
TpTrace Verbose: 0 : 22300, 1, 2023/10/14, 17:37:19.116, 2006162028996, vstest.console.dll, TestPluginCache.DiscoverTestExtensions: Discovering the extensions using extension path.
TpTrace Verbose: 0 : 22300, 1, 2023/10/14, 17:37:19.116, 2006162029191, vstest.console.dll, TestPluginCache.GetExtensionPaths: Filtered extension paths: 
TpTrace Verbose: 0 : 22300, 1, 2023/10/14, 17:37:19.116, 2006162029386, vstest.console.dll, TestPluginCache.GetExtensionPaths: Added default extension paths: C:\Program Files\dotnet\sdk\7.0.401\Extensions\Microsoft.Diagnostics.NETCore.Client.dll
C:\Program Files\dotnet\sdk\7.0.401\Extensions\Microsoft.TestPlatform.Extensions.BlameDataCollector.dll
C:\Program Files\dotnet\sdk\7.0.401\Extensions\Microsoft.TestPlatform.Extensions.EventLogCollector.dll
C:\Program Files\dotnet\sdk\7.0.401\Extensions\Microsoft.TestPlatform.TestHostRuntimeProvider.dll
C:\Program Files\dotnet\sdk\7.0.401\Extensions\Microsoft.VisualStudio.TestPlatform.Extensions.Html.TestLogger.dll
C:\Program Files\dotnet\sdk\7.0.401\Extensions\Microsoft.VisualStudio.TestPlatform.Extensions.Trx.TestLogger.dll
TpTrace Verbose: 0 : 22300, 1, 2023/10/14, 17:37:19.116, 2006162029533, vstest.console.dll, TestPluginCache.GetExtensionPaths: Added unfilterableExtensionPaths: 
TpTrace Verbose: 0 : 22300, 1, 2023/10/14, 17:37:19.116, 2006162029772, vstest.console.dll, TestPluginCache.DiscoverTestExtensions: Discovering the extensions using allExtensionPaths: C:\Program Files\dotnet\sdk\7.0.401\Extensions\Microsoft.Diagnostics.NETCore.Client.dll
C:\Program Files\dotnet\sdk\7.0.401\Extensions\Microsoft.TestPlatform.Extensions.BlameDataCollector.dll
C:\Program Files\dotnet\sdk\7.0.401\Extensions\Microsoft.TestPlatform.Extensions.EventLogCollector.dll
C:\Program Files\dotnet\sdk\7.0.401\Extensions\Microsoft.TestPlatform.TestHostRuntimeProvider.dll
C:\Program Files\dotnet\sdk\7.0.401\Extensions\Microsoft.VisualStudio.TestPlatform.Extensions.Html.TestLogger.dll
C:\Program Files\dotnet\sdk\7.0.401\Extensions\Microsoft.VisualStudio.TestPlatform.Extensions.Trx.TestLogger.dll
TpTrace Information: 0 : 22300, 1, 2023/10/14, 17:37:19.116, 2006162030534, vstest.console.dll, AssemblyResolver.AddSearchDirectories: Adding more searchDirectories C:\Program Files\dotnet\sdk\7.0.401\Extensions,C:\Program Files\dotnet\sdk\7.0.401
TpTrace Information: 0 : 22300, 1, 2023/10/14, 17:37:19.116, 2006162030821, vstest.console.dll, AssemblyResolver.AddSearchDirectories: Adding more searchDirectories C:\Program Files\dotnet\sdk\7.0.401\Extensions,C:\Program Files\dotnet\sdk\7.0.401
TpTrace Information: 0 : 22300, 1, 2023/10/14, 17:37:19.116, 2006162030977, vstest.console.dll, AssemblyResolver.AddSearchDirectories: Adding more searchDirectories C:\Program Files\dotnet\sdk\7.0.401\Extensions,C:\Program Files\dotnet\sdk\7.0.401
TpTrace Information: 0 : 22300, 1, 2023/10/14, 17:37:19.116, 2006162031118, vstest.console.dll, AssemblyResolver.AddSearchDirectories: Adding more searchDirectories C:\Program Files\dotnet\sdk\7.0.401\Extensions,C:\Program Files\dotnet\sdk\7.0.401
TpTrace Information: 0 : 22300, 1, 2023/10/14, 17:37:19.116, 2006162031297, vstest.console.dll, AssemblyResolver.AddSearchDirectories: Adding more searchDirectories C:\Program Files\dotnet\sdk\7.0.401\Extensions,C:\Program Files\dotnet\sdk\7.0.401
TpTrace Information: 0 : 22300, 1, 2023/10/14, 17:37:19.116, 2006162031439, vstest.console.dll, AssemblyResolver.AddSearchDirectories: Adding more searchDirectories C:\Program Files\dotnet\sdk\7.0.401\Extensions,C:\Program Files\dotnet\sdk\7.0.401
TpTrace Verbose: 0 : 22300, 1, 2023/10/14, 17:37:19.116, 2006162032110, vstest.console.dll, MetadataReaderExtensionsHelper: Discovering extensions inside assembly 'Microsoft.Diagnostics.NETCore.Client, Version=0.2.8.21101, Culture=neutral, PublicKeyToken=31bf3856ad364e35' file path 'C:\Program Files\dotnet\sdk\7.0.401\Extensions\Microsoft.Diagnostics.NETCore.Client.dll'
TpTrace Information: 0 : 22300, 1, 2023/10/14, 17:37:19.117, 2006162041095, vstest.console.dll, AssemblyResolver.OnResolve: Microsoft.Bcl.AsyncInterfaces: Resolving assembly.
TpTrace Information: 0 : 22300, 1, 2023/10/14, 17:37:19.117, 2006162041429, vstest.console.dll, AssemblyResolver.OnResolve: Microsoft.Bcl.AsyncInterfaces: Resolved from cache.
TpTrace Verbose: 0 : 22300, 1, 2023/10/14, 17:37:19.117, 2006162041637, vstest.console.dll, CurrentDomainAssemblyResolve: Resolving assembly 'Microsoft.Bcl.AsyncInterfaces'.
TpTrace Information: 0 : 22300, 1, 2023/10/14, 17:37:19.117, 2006162041882, vstest.console.dll, AssemblyResolver.OnResolve: Microsoft.Bcl.AsyncInterfaces: Resolving assembly.
TpTrace Information: 0 : 22300, 1, 2023/10/14, 17:37:19.117, 2006162042040, vstest.console.dll, AssemblyResolver.OnResolve: Microsoft.Bcl.AsyncInterfaces: Resolved from cache.
TpTrace Verbose: 0 : 22300, 1, 2023/10/14, 17:37:19.117, 2006162042170, vstest.console.dll, CurrentDomainAssemblyResolve: Resolving assembly 'Microsoft.Bcl.AsyncInterfaces'.
TpTrace Verbose: 0 : 22300, 1, 2023/10/14, 17:37:19.117, 2006162042293, vstest.console.dll, CurrentDomainAssemblyResolve: Failed to resolve assembly 'Microsoft.Bcl.AsyncInterfaces'.
TpTrace Verbose: 0 : 22300, 1, 2023/10/14, 17:37:19.117, 2006162043386, vstest.console.dll, CurrentDomainAssemblyResolve: Failed to resolve assembly 'Microsoft.Bcl.AsyncInterfaces'.
TpTrace Warning: 0 : 22300, 1, 2023/10/14, 17:37:19.117, 2006162046025, vstest.console.dll, TestPluginDiscoverer: Failed to get types from assembly 'Microsoft.Diagnostics.NETCore.Client, Version=0.2.8.21101, Culture=neutral, PublicKeyToken=31bf3856ad364e35'. Error: System.Reflection.ReflectionTypeLoadException: Unable to load one or more of the requested types.
Could not load file or assembly 'Microsoft.Bcl.AsyncInterfaces, Version=1.0.0.0, Culture=neutral, PublicKeyToken=cc7b13ffcd2ddd51'. The system cannot find the file specified.
   at System.Reflection.RuntimeModule.GetTypes(RuntimeModule module)
   at System.Reflection.Assembly.GetTypes()
   at Microsoft.VisualStudio.TestPlatform.Common.ExtensionFramework.TestPluginDiscoverer.GetTestExtensionsFromAssembly[TPluginInfo,TExtension](Assembly assembly, Dictionary`2 pluginInfos, String filePath) in /_/src/Microsoft.TestPlatform.Common/ExtensionFramework/TestPluginDiscoverer.cs:line 158
System.IO.FileNotFoundException: Could not load file or assembly 'Microsoft.Bcl.AsyncInterfaces, Version=1.0.0.0, Culture=neutral, PublicKeyToken=cc7b13ffcd2ddd51'. The system cannot find the file specified.
File name: 'Microsoft.Bcl.AsyncInterfaces, Version=1.0.0.0, Culture=neutral, PublicKeyToken=cc7b13ffcd2ddd51'
 ---> System.IO.FileNotFoundException: Could not load file or assembly 'Microsoft.Bcl.AsyncInterfaces, Culture=neutral, PublicKeyToken=null'. The system cannot find the file specified.
File name: 'Microsoft.Bcl.AsyncInterfaces, Culture=neutral, PublicKeyToken=null'
   at System.Reflection.RuntimeAssembly.InternalLoad(AssemblyName assemblyName, StackCrawlMark& stackMark, AssemblyLoadContext assemblyLoadContext, RuntimeAssembly requestingAssembly, Boolean throwOnFileNotFound)
   at System.Reflection.Assembly.Load(AssemblyName assemblyRef)
   at Microsoft.VisualStudio.TestPlatform.Common.ExtensionFramework.TestPluginCache.CurrentDomainAssemblyResolve(Object sender, AssemblyResolveEventArgs args) in /_/src/Microsoft.TestPlatform.Common/ExtensionFramework/TestPluginCache.cs:line 513
   at System.Runtime.Loader.AssemblyLoadContext.GetFirstResolvedAssemblyFromResolvingEvent(AssemblyName assemblyName)
   at System.Runtime.Loader.AssemblyLoadContext.ResolveUsingEvent(AssemblyName assemblyName)
   at System.Runtime.Loader.AssemblyLoadContext.ResolveUsingResolvingEvent(IntPtr gchManagedAssemblyLoadContext, AssemblyName assemblyName)
TpTrace Warning: 0 : 22300, 1, 2023/10/14, 17:37:19.117, 2006162047185, vstest.console.dll, LoaderExceptions: System.IO.FileNotFoundException: Could not load file or assembly 'Microsoft.Bcl.AsyncInterfaces, Version=1.0.0.0, Culture=neutral, PublicKeyToken=cc7b13ffcd2ddd51'. The system cannot find the file specified.
File name: 'Microsoft.Bcl.AsyncInterfaces, Version=1.0.0.0, Culture=neutral, PublicKeyToken=cc7b13ffcd2ddd51'
 ---> System.IO.FileNotFoundException: Could not load file or assembly 'Microsoft.Bcl.AsyncInterfaces, Culture=neutral, PublicKeyToken=null'. The system cannot find the file specified.
File name: 'Microsoft.Bcl.AsyncInterfaces, Culture=neutral, PublicKeyToken=null'
   at System.Reflection.RuntimeAssembly.InternalLoad(AssemblyName assemblyName, StackCrawlMark& stackMark, AssemblyLoadContext assemblyLoadContext, RuntimeAssembly requestingAssembly, Boolean throwOnFileNotFound)
   at System.Reflection.Assembly.Load(AssemblyName assemblyRef)
   at Microsoft.VisualStudio.TestPlatform.Common.ExtensionFramework.TestPluginCache.CurrentDomainAssemblyResolve(Object sender, AssemblyResolveEventArgs args) in /_/src/Microsoft.TestPlatform.Common/ExtensionFramework/TestPluginCache.cs:line 513
   at System.Runtime.Loader.AssemblyLoadContext.GetFirstResolvedAssemblyFromResolvingEvent(AssemblyName assemblyName)
   at System.Runtime.Loader.AssemblyLoadContext.ResolveUsingEvent(AssemblyName assemblyName)
   at System.Runtime.Loader.AssemblyLoadContext.ResolveUsingResolvingEvent(IntPtr gchManagedAssemblyLoadContext, AssemblyName assemblyName)
TpTrace Verbose: 0 : 22300, 1, 2023/10/14, 17:37:19.118, 2006162047820, vstest.console.dll, MetadataReaderExtensionsHelper: Discovering extensions inside assembly 'Microsoft.TestPlatform.Extensions.BlameDataCollector, Version=15.0.0.0, Culture=neutral, PublicKeyToken=b03f5f7f11d50a3a' file path 'C:\Program Files\dotnet\sdk\7.0.401\Extensions\Microsoft.TestPlatform.Extensions.BlameDataCollector.dll'
TpTrace Information: 0 : 22300, 1, 2023/10/14, 17:37:19.118, 2006162052752, vstest.console.dll, GetTestExtensionFromType: Register extension with identifier data 'logger://Microsoft/TestPlatform/Extensions/Blame/v1' and type 'Microsoft.TestPlatform.Extensions.BlameDataCollector.BlameLogger, Microsoft.TestPlatform.Extensions.BlameDataCollector, Version=15.0.0.0, Culture=neutral, PublicKeyToken=b03f5f7f11d50a3a' inside file 'C:\Program Files\dotnet\sdk\7.0.401\Extensions\Microsoft.TestPlatform.Extensions.BlameDataCollector.dll'
TpTrace Verbose: 0 : 22300, 1, 2023/10/14, 17:37:19.118, 2006162053183, vstest.console.dll, MetadataReaderExtensionsHelper: Discovering extensions inside assembly 'Microsoft.TestPlatform.Extensions.EventLogCollector, Version=15.0.0.0, Culture=neutral, PublicKeyToken=b03f5f7f11d50a3a' file path 'C:\Program Files\dotnet\sdk\7.0.401\Extensions\Microsoft.TestPlatform.Extensions.EventLogCollector.dll'
TpTrace Verbose: 0 : 22300, 1, 2023/10/14, 17:37:19.118, 2006162056471, vstest.console.dll, MetadataReaderExtensionsHelper: Discovering extensions inside assembly 'Microsoft.TestPlatform.TestHostRuntimeProvider, Version=15.0.0.0, Culture=neutral, PublicKeyToken=b03f5f7f11d50a3a' file path 'C:\Program Files\dotnet\sdk\7.0.401\Extensions\Microsoft.TestPlatform.TestHostRuntimeProvider.dll'
TpTrace Verbose: 0 : 22300, 1, 2023/10/14, 17:37:19.119, 2006162059431, vstest.console.dll, MetadataReaderExtensionsHelper: Discovering extensions inside assembly 'Microsoft.VisualStudio.TestPlatform.Extensions.Html.TestLogger, Version=15.0.0.0, Culture=neutral, PublicKeyToken=b03f5f7f11d50a3a' file path 'C:\Program Files\dotnet\sdk\7.0.401\Extensions\Microsoft.VisualStudio.TestPlatform.Extensions.Html.TestLogger.dll'
TpTrace Information: 0 : 22300, 1, 2023/10/14, 17:37:19.119, 2006162063864, vstest.console.dll, GetTestExtensionFromType: Register extension with identifier data 'logger://Microsoft/TestPlatform/HtmlLogger/v1' and type 'Microsoft.VisualStudio.TestPlatform.Extensions.HtmlLogger.HtmlLogger, Microsoft.VisualStudio.TestPlatform.Extensions.Html.TestLogger, Version=15.0.0.0, Culture=neutral, PublicKeyToken=b03f5f7f11d50a3a' inside file 'C:\Program Files\dotnet\sdk\7.0.401\Extensions\Microsoft.VisualStudio.TestPlatform.Extensions.Html.TestLogger.dll'
TpTrace Verbose: 0 : 22300, 1, 2023/10/14, 17:37:19.119, 2006162064321, vstest.console.dll, MetadataReaderExtensionsHelper: Discovering extensions inside assembly 'Microsoft.VisualStudio.TestPlatform.Extensions.Trx.TestLogger, Version=15.0.0.0, Culture=neutral, PublicKeyToken=b03f5f7f11d50a3a' file path 'C:\Program Files\dotnet\sdk\7.0.401\Extensions\Microsoft.VisualStudio.TestPlatform.Extensions.Trx.TestLogger.dll'
TpTrace Information: 0 : 22300, 1, 2023/10/14, 17:37:19.120, 2006162067438, vstest.console.dll, GetTestExtensionFromType: Register extension with identifier data 'logger://Microsoft/TestPlatform/TrxLogger/v1' and type 'Microsoft.VisualStudio.TestPlatform.Extensions.TrxLogger.TrxLogger, Microsoft.VisualStudio.TestPlatform.Extensions.Trx.TestLogger, Version=15.0.0.0, Culture=neutral, PublicKeyToken=b03f5f7f11d50a3a' inside file 'C:\Program Files\dotnet\sdk\7.0.401\Extensions\Microsoft.VisualStudio.TestPlatform.Extensions.Trx.TestLogger.dll'
TpTrace Verbose: 0 : 22300, 1, 2023/10/14, 17:37:19.120, 2006162068015, vstest.console.dll, TestPluginCache: Discovered the extensions using extension path ''.
TpTrace Verbose: 0 : 22300, 1, 2023/10/14, 17:37:19.120, 2006162068196, vstest.console.dll, TestPluginCache: Discoverers are ''.
TpTrace Verbose: 0 : 22300, 1, 2023/10/14, 17:37:19.120, 2006162068386, vstest.console.dll, TestPluginCache: Executors are ''.
TpTrace Verbose: 0 : 22300, 1, 2023/10/14, 17:37:19.120, 2006162068513, vstest.console.dll, TestPluginCache: Executors2 are ''.
TpTrace Verbose: 0 : 22300, 1, 2023/10/14, 17:37:19.120, 2006162068628, vstest.console.dll, TestPluginCache: Setting providers are ''.
TpTrace Verbose: 0 : 22300, 1, 2023/10/14, 17:37:19.120, 2006162069015, vstest.console.dll, TestPluginCache: Loggers are 'logger://Microsoft/TestPlatform/Extensions/Blame/v1,logger://Microsoft/TestPlatform/HtmlLogger/v1,logger://Microsoft/TestPlatform/TrxLogger/v1'.
TpTrace Verbose: 0 : 22300, 1, 2023/10/14, 17:37:19.120, 2006162069300, vstest.console.dll, TestPluginCache: TestHosts are 'HostProvider://DefaultTestHost,HostProvider://DotnetTestHost'.
TpTrace Verbose: 0 : 22300, 1, 2023/10/14, 17:37:19.120, 2006162069454, vstest.console.dll, TestPluginCache: DataCollectors are ''.
TpTrace Information: 0 : 22300, 1, 2023/10/14, 17:37:19.120, 2006162076377, vstest.console.dll, TestPluginManager.CreateTestExtension: Attempting to load test extension: Microsoft.TestPlatform.Extensions.BlameDataCollector.BlameLogger
TpTrace Verbose: 0 : 22300, 1, 2023/10/14, 17:37:19.126, 2006162134326, vstest.console.dll, TestEngine: Initializing Parallel Execution as MaxCpuCount is set to: 1
TpTrace Information: 0 : 22300, 1, 2023/10/14, 17:37:19.127, 2006162147153, vstest.console.dll, TestPluginManager.CreateTestExtension: Attempting to load test extension: Microsoft.VisualStudio.TestPlatform.CrossPlatEngine.Hosting.DefaultTestHostManager
TpTrace Information: 0 : 22300, 1, 2023/10/14, 17:37:19.129, 2006162163332, vstest.console.dll, TestPluginManager.CreateTestExtension: Attempting to load test extension: Microsoft.VisualStudio.TestPlatform.CrossPlatEngine.Hosting.DotnetTestHostManager
TpTrace Information: 0 : 22300, 1, 2023/10/14, 17:37:19.130, 2006162172039, vstest.console.dll, InferRunSettingsHelper.IsTestSettingsEnabled: Unable to navigate to RunSettings/MSTest. Current node: RunSettings
TpTrace Verbose: 0 : 22300, 1, 2023/10/14, 17:37:19.131, 2006162177398, vstest.console.dll, ParallelOperationManager.ClearSlots: Clearing all slots. Slots should accept more work: True
TpTrace Verbose: 0 : 22300, 1, 2023/10/14, 17:37:19.131, 2006162181985, vstest.console.dll, ParallelOperationManager.SetOccupiedSlotCount: Setting slot counts AvailableSlotCount = 1, OccupiedSlotCount = 0.
TpTrace Verbose: 0 : 22300, 1, 2023/10/14, 17:37:19.131, 2006162184739, vstest.console.dll, Occupied slots:

TpTrace Verbose: 0 : 22300, 1, 2023/10/14, 17:37:19.133, 2006162206184, vstest.console.dll, TestEngine.GetExecutionManager: Chosen execution manager 'Microsoft.VisualStudio.TestPlatform.CrossPlatEngine.Client.Parallel.ParallelProxyExecutionManager, Microsoft.TestPlatform.CrossPlatEngine, Version=15.0.0.0, Culture=neutral, PublicKeyToken=b03f5f7f11d50a3a' ParallelLevel '1'.
TpTrace Verbose: 0 : 22300, 1, 2023/10/14, 17:37:19.133, 2006162207334, vstest.console.dll, TestRunRequest.ExecuteAsync: Creating test run request.
TpTrace Verbose: 0 : 22300, 1, 2023/10/14, 17:37:19.134, 2006162209103, vstest.console.dll, TestRunRequest.ExecuteAsync: Starting.
TpTrace Information: 0 : 22300, 1, 2023/10/14, 17:37:19.134, 2006162211112, vstest.console.dll, TestRunRequest.ExecuteAsync: Starting run with settings:TestRunCriteria:
   KeepAlive=False,FrequencyOfRunStatsChangeEvent=10,RunStatsChangeEventTimeout=00:00:01.5000000,TestCaseFilter=,TestExecutorLauncher=
   Settingsxml=<RunSettings>
  <RunConfiguration>
    <ResultsDirectory>C:\Users\Danil\source\repos\Chess\ChessTest\bin\Debug\net6.0\fine-code-coverage\coverage-tool-output</ResultsDirectory>
    <TargetPlatform>X64</TargetPlatform>
    <TargetFrameworkVersion>.NETCoreApp,Version=v6.0</TargetFrameworkVersion>
    <DesignMode>False</DesignMode>
    <CollectSourceInformation>False</CollectSourceInformation>
  </RunConfiguration>
  <LoggerRunSettings>
    <Loggers>
      <Logger friendlyName="blame" enabled="True" />
      <Logger friendlyName="Console" uri="logger://microsoft/TestPlatform/ConsoleLogger/v1" assemblyQualifiedName="Microsoft.VisualStudio.TestPlatform.CommandLine.Internal.ConsoleLogger, vstest.console, Version=15.0.0.0, Culture=neutral, PublicKeyToken=b03f5f7f11d50a3a" codeBase="C:\Program Files\dotnet\sdk\7.0.401\vstest.console.dll" enabled="True" />
    </Loggers>
  </LoggerRunSettings>
  <DataCollectionRunSettings>
    <DataCollectors>
      <DataCollector friendlyName="blame" enabled="True">
        <Configuration>
          <ResultsDirectory>C:\Users\Danil\source\repos\Chess\ChessTest\bin\Debug\net6.0\fine-code-coverage\coverage-tool-output</ResultsDirectory>
        </Configuration>
      </DataCollector>
    </DataCollectors>
  </DataCollectionRunSettings>
</RunSettings>

TpTrace Verbose: 0 : 22300, 1, 2023/10/14, 17:37:19.134, 2006162211481, vstest.console.dll, TestRunRequest.ExecuteAsync: Wait for the first run request is over.
TpTrace Verbose: 0 : 22300, 1, 2023/10/14, 17:37:19.134, 2006162213521, vstest.console.dll, MulticastDelegateUtilities.SafeInvoke: TestRun.TestRunStart: Invoking callbacks was skipped because there are no subscribers.
TpTrace Verbose: 0 : 22300, 4, 2023/10/14, 17:37:19.134, 2006162215719, vstest.console.dll, MulticastDelegateUtilities.SafeInvoke: InternalTestLoggerEvents.SendTestRunStart: Invoking callback 1/1 for Microsoft.VisualStudio.TestPlatform.CommandLine.Internal.ConsoleLogger., took 0 ms.
TpTrace Verbose: 0 : 22300, 1, 2023/10/14, 17:37:19.135, 2006162222031, vstest.console.dll, ParallelProxyExecutionManager: Start execution. Total sources: 1
TpTrace Verbose: 0 : 22300, 1, 2023/10/14, 17:37:19.135, 2006162224530, vstest.console.dll, ParallelOperationManager.StartWork: Starting adding 1 workloads.
TpTrace Verbose: 0 : 22300, 1, 2023/10/14, 17:37:19.135, 2006162225272, vstest.console.dll, ParallelOperationManager.ClearSlots: Clearing all slots. Slots should accept more work: True
TpTrace Verbose: 0 : 22300, 1, 2023/10/14, 17:37:19.135, 2006162225710, vstest.console.dll, ParallelOperationManager.SetOccupiedSlotCount: Setting slot counts AvailableSlotCount = 1, OccupiedSlotCount = 0.
TpTrace Verbose: 0 : 22300, 1, 2023/10/14, 17:37:19.135, 2006162225920, vstest.console.dll, Occupied slots:

TpTrace Verbose: 0 : 22300, 1, 2023/10/14, 17:37:19.136, 2006162235741, vstest.console.dll, TestRequestSender is acting as server.
TpTrace Verbose: 0 : 22300, 1, 2023/10/14, 17:37:19.137, 2006162245305, vstest.console.dll, ParallelOperationManager.RunWorkInParallel: Adding 1 workload to slot, remaining workloads 0.
TpTrace Verbose: 0 : 22300, 1, 2023/10/14, 17:37:19.137, 2006162245681, vstest.console.dll, ParallelOperationManager.SetOccupiedSlotCount: Setting slot counts AvailableSlotCount = 0, OccupiedSlotCount = 1.
TpTrace Verbose: 0 : 22300, 1, 2023/10/14, 17:37:19.137, 2006162246365, vstest.console.dll, Occupied slots:
0: C:\Users\Danil\source\repos\Chess\ChessTest\bin\Debug\net6.0\fine-code-coverage\build-output\ChessTest.dll
TpTrace Verbose: 0 : 22300, 1, 2023/10/14, 17:37:19.138, 2006162253926, vstest.console.dll, ParallelOperationManager.RunWorkInParallel: Started host in slot number 0 for work (source): C:\Users\Danil\source\repos\Chess\ChessTest\bin\Debug\net6.0\fine-code-coverage\build-output\ChessTest.dll.
TpTrace Verbose: 0 : 22300, 1, 2023/10/14, 17:37:19.139, 2006162262094, vstest.console.dll, ParallelOperationManager.RunWorkInParallel: We started 1 work items, which is the max parallel level. Won't start more work.
TpTrace Verbose: 0 : 22300, 1, 2023/10/14, 17:37:19.139, 2006162262406, vstest.console.dll, ParallelOperationManager.RunWorkInParallel: We started 1 work items in here, returning True.
TpTrace Information: 0 : 22300, 1, 2023/10/14, 17:37:19.139, 2006162262722, vstest.console.dll, TestRunRequest.ExecuteAsync: Started.
TpTrace Verbose: 0 : 22300, 1, 2023/10/14, 17:37:19.139, 2006162263142, vstest.console.dll, TestRunRequest.WaitForCompletion: Waiting with timeout -1.
TpTrace Verbose: 0 : 22300, 5, 2023/10/14, 17:37:19.139, 2006162265900, vstest.console.dll, ParallelProxyExecutionManager.StartTestRunOnConcurrentManager: Initializing uninitialized client. Started clients: 0
TpTrace Verbose: 0 : 22300, 5, 2023/10/14, 17:37:19.140, 2006162267764, vstest.console.dll, DataCollectionRequestSender.InitializeCommunication : Initialize communication. 
TpTrace Information: 0 : 22300, 5, 2023/10/14, 17:37:19.143, 2006162298827, vstest.console.dll, Listening on Endpoint : 127.0.0.1:54744
TpTrace Verbose: 0 : 22300, 5, 2023/10/14, 17:37:19.148, 2006162352651, vstest.console.dll, DotnetDataCollectionLauncher: Adding  --runtimeconfig "C:\Program Files\dotnet\sdk\7.0.401\datacollector.runtimeconfig.json" in args
TpTrace Verbose: 0 : 22300, 5, 2023/10/14, 17:37:19.148, 2006162353515, vstest.console.dll, DotnetDataCollectionLauncher: Adding  --depsfile "C:\Program Files\dotnet\sdk\7.0.401\datacollector.deps.json" in args
TpTrace Verbose: 0 : 22300, 5, 2023/10/14, 17:37:19.148, 2006162354938, vstest.console.dll, DotnetDataCollectionLauncher: Full path of dotnet.exe is C:\Program Files\dotnet\dotnet.exe
TpTrace Information: 0 : 22300, 5, 2023/10/14, 17:37:19.155, 2006162421585, vstest.console.dll, ProxyDataCollectionManager.Initialize: Launched datacollector processId: 11672 port: 54744
TpTrace Information: 0 : 22300, 5, 2023/10/14, 17:37:19.155, 2006162422452, vstest.console.dll, ProxyDataCollectionManager.Initialize: waiting for connection with timeout: 90 seconds
TpTrace Verbose: 0 : 22300, 5, 2023/10/14, 17:37:19.155, 2006162422827, vstest.console.dll, DataCollectionRequestSender.WaitForRequestHandlerConnection : Waiting for connection with timeout: 90000
TpTrace Information: 0 : 22300, 7, 2023/10/14, 17:37:19.277, 2006163637426, vstest.console.dll, Using the buffer size of 16384 bytes
TpTrace Verbose: 0 : 22300, 5, 2023/10/14, 17:37:19.277, 2006163637675, vstest.console.dll, SocketCommunicationManager.WaitForClientConnection took: 121 ms, with 90000 ms timeout, and finished with True.
TpTrace Information: 0 : 22300, 7, 2023/10/14, 17:37:19.277, 2006163638883, vstest.console.dll, Accepted Client request and set the flag
TpTrace Verbose: 0 : 22300, 5, 2023/10/14, 17:37:19.277, 2006163639867, vstest.console.dll, ProxyDataCollectionManager.InvokeDataCollectionServiceAction: Starting.
TpTrace Information: 0 : 22300, 5, 2023/10/14, 17:37:19.277, 2006163640416, vstest.console.dll, ProxyDataCollectionManager.BeforeTestRunStart: Get environment variable and port for datacollector processId: 11672 port: 54744
TpTrace Verbose: 0 : 22300, 5, 2023/10/14, 17:37:19.277, 2006163641360, vstest.console.dll, DataCollectionRequestSender.SendBeforeTestRunStartAndGetResult: Send BeforeTestRunStart message with settingsXml <RunSettings><RunConfiguration><ResultsDirectory>C:\Users\Danil\source\repos\Chess\ChessTest\bin\Debug\net6.0\fine-code-coverage\coverage-tool-output</ResultsDirectory><TargetPlatform>X64</TargetPlatform><TargetFrameworkVersion>.NETCoreApp,Version=v6.0</TargetFrameworkVersion><DesignMode>False</DesignMode><CollectSourceInformation>False</CollectSourceInformation><TestAdaptersPaths>C:\Program Files\dotnet\sdk\7.0.401\Extensions</TestAdaptersPaths></RunConfiguration><LoggerRunSettings><Loggers><Logger friendlyName="blame" enabled="True" /><Logger friendlyName="Console" uri="logger://microsoft/TestPlatform/ConsoleLogger/v1" assemblyQualifiedName="Microsoft.VisualStudio.TestPlatform.CommandLine.Internal.ConsoleLogger, vstest.console, Version=15.0.0.0, Culture=neutral, PublicKeyToken=b03f5f7f11d50a3a" codeBase="C:\Program Files\dotnet\sdk\7.0.401\vstest.console.dll" enabled="True" /></Loggers></LoggerRunSettings><DataCollectionRunSettings><DataCollectors><DataCollector friendlyName="blame" enabled="True"><Configuration><ResultsDirectory>C:\Users\Danil\source\repos\Chess\ChessTest\bin\Debug\net6.0\fine-code-coverage\coverage-tool-output</ResultsDirectory></Configuration></DataCollector></DataCollectors></DataCollectionRunSettings></RunSettings> and sources System.Collections.Generic.List`1[System.String]: 
TpTrace Verbose: 0 : 22300, 5, 2023/10/14, 17:37:19.334, 2006164208335, vstest.console.dll, DataCollectionRequestSender.SendBeforeTestRunStartAndGetResult: Received message: (DataCollection.SendMessage) -> {"MessageType":"DataCollection.SendMessage","Payload":{"FriendlyName":null,"Uri":null,"TestCaseId":"00000000-0000-0000-0000-000000000000","Message":"Logging DataCollector Diagnostics in file: C:\\Users\\Danil\\source\\repos\\Chess\\ChessTest\\bin\\Debug\\net6.0\\fine-code-coverage\\coverage-tool-output\\diagnostics.datacollector.23-10-14_17-37-19_14835_5.log","Level":0}}
TpTrace Verbose: 0 : 22300, 5, 2023/10/14, 17:37:19.388, 2006164754110, vstest.console.dll, DataCollectionRequestSender.SendBeforeTestRunStartAndGetResult: Received message: (DataCollection.BeforeTestRunStartResult) -> {"MessageType":"DataCollection.BeforeTestRunStartResult","Payload":{"EnvironmentVariables":{},"DataCollectionEventsPort":54748}}
TpTrace Information: 0 : 22300, 5, 2023/10/14, 17:37:19.392, 2006164793104, vstest.console.dll, ProxyDataCollectionManager.BeforeTestRunStart: SendBeforeTestRunStartAndGetResult successful, env variable from datacollector:   and testhost port: 54748
TpTrace Information: 0 : 22300, 5, 2023/10/14, 17:37:19.392, 2006164793561, vstest.console.dll, ProxyDataCollectionManager.InvokeDataCollectionServiceAction: Completed.
TpTrace Verbose: 0 : 22300, 5, 2023/10/14, 17:37:19.392, 2006164793768, vstest.console.dll, ParallelProxyExecutionManager.StartTestRunOnConcurrentManager: Initializing test run. Started clients: 0
TpTrace Verbose: 0 : 22300, 5, 2023/10/14, 17:37:19.392, 2006164794349, vstest.console.dll, ProxyExecutionManager: Test host is always Lazy initialize.
TpTrace Verbose: 0 : 22300, 5, 2023/10/14, 17:37:19.392, 2006164795932, vstest.console.dll, TestRequestSender.InitializeCommunication: initialize communication. 
TpTrace Information: 0 : 22300, 5, 2023/10/14, 17:37:19.393, 2006164799243, vstest.console.dll, SocketServer.Start: Listening on endpoint : 127.0.0.1:54749
TpTrace Verbose: 0 : 22300, 5, 2023/10/14, 17:37:19.393, 2006164805057, vstest.console.dll, DotnetTestHostmanager.GetTestHostProcessStartInfo: Platform environment 'X64' target architecture 'X64' framework '.NETCoreApp,Version=v6.0' OS 'Windows'
TpTrace Verbose: 0 : 22300, 5, 2023/10/14, 17:37:19.393, 2006164806587, vstest.console.dll, DotnetTestHostmanager: Adding  --runtimeconfig "C:\Users\Danil\source\repos\Chess\ChessTest\bin\Debug\net6.0\fine-code-coverage\build-output\ChessTest.runtimeconfig.json" in args
TpTrace Verbose: 0 : 22300, 5, 2023/10/14, 17:37:19.393, 2006164807089, vstest.console.dll, DotnetTestHostmanager: Adding  --depsfile "C:\Users\Danil\source\repos\Chess\ChessTest\bin\Debug\net6.0\fine-code-coverage\build-output\ChessTest.deps.json" in args
TpTrace Verbose: 0 : 22300, 5, 2023/10/14, 17:37:19.394, 2006164808799, vstest.console.dll, DotnetTestHostmanager.IsWinOnArm: Current PROCESSOR_ARCHITECTURE from environment variable 'AMD64'
TpTrace Verbose: 0 : 22300, 5, 2023/10/14, 17:37:19.394, 2006164809210, vstest.console.dll, DotnetTestHostmanager.IsWinOnArm: Is Windows on ARM 'False'
TpTrace Verbose: 0 : 22300, 5, 2023/10/14, 17:37:19.394, 2006164809687, vstest.console.dll, DotnetTestHostManager: testhost.exe found at path: C:\Users\Danil\source\repos\Chess\ChessTest\bin\Debug\net6.0\fine-code-coverage\build-output\testhost.exe
TpTrace Verbose: 0 : 22300, 5, 2023/10/14, 17:37:19.394, 2006164809946, vstest.console.dll, DotnetTestHostmanager: Full path of host exe is C:\Users\Danil\source\repos\Chess\ChessTest\bin\Debug\net6.0\fine-code-coverage\build-output\testhost.exe
TpTrace Verbose: 0 : 22300, 5, 2023/10/14, 17:37:19.394, 2006164810727, vstest.console.dll, DotnetTestHostmanager.LaunchTestHostAsync: Found 'VSTEST_WINAPPHOST_DOTNET_ROOT' in env variables, value 'C:\Program Files\dotnet', forwarding to 'DOTNET_ROOT'
TpTrace Verbose: 0 : 22300, 5, 2023/10/14, 17:37:19.394, 2006164811759, vstest.console.dll, DotnetTestHostManager: Starting process 'C:\Users\Danil\source\repos\Chess\ChessTest\bin\Debug\net6.0\fine-code-coverage\build-output\testhost.exe' with command line ' --runtimeconfig "C:\Users\Danil\source\repos\Chess\ChessTest\bin\Debug\net6.0\fine-code-coverage\build-output\ChessTest.runtimeconfig.json" --depsfile "C:\Users\Danil\source\repos\Chess\ChessTest\bin\Debug\net6.0\fine-code-coverage\build-output\ChessTest.deps.json" --port 54749 --endpoint 127.0.0.1:054749 --role client --parentprocessid 22300 --diag "C:\Users\Danil\source\repos\Chess\ChessTest\bin\Debug\net6.0\fine-code-coverage\coverage-tool-output\diagnostics.host.23-10-14_17-37-19_39343_5.log" --tracelevel 4 --datacollectionport 54748 --telemetryoptedin false'
TpTrace Verbose: 0 : 22300, 5, 2023/10/14, 17:37:19.400, 2006164871877, vstest.console.dll, MulticastDelegateUtilities.SafeInvoke: HostProviderEvents.OnHostLaunched: Invoking callback 1/2 for Microsoft.VisualStudio.TestPlatform.CrossPlatEngine.Client.ProxyExecutionManagerWithDataCollection., took 1 ms.
TpTrace Verbose: 0 : 22300, 5, 2023/10/14, 17:37:19.400, 2006164873711, vstest.console.dll, Test Runtime launched
TpTrace Verbose: 0 : 22300, 5, 2023/10/14, 17:37:19.400, 2006164874198, vstest.console.dll, MulticastDelegateUtilities.SafeInvoke: HostProviderEvents.OnHostLaunched: Invoking callback 2/2 for Microsoft.VisualStudio.TestPlatform.CrossPlatEngine.Client.ProxyOperationManager., took 0 ms.
TpTrace Verbose: 0 : 22300, 5, 2023/10/14, 17:37:19.400, 2006164875131, vstest.console.dll, TestRequestSender.WaitForRequestHandlerConnection: waiting for connection with timeout: 90000.
TpTrace Verbose: 0 : 22300, 7, 2023/10/14, 17:37:19.502, 2006165896059, vstest.console.dll, MulticastDelegateUtilities.SafeInvoke: SocketServer: ClientConnected: Invoking callback 1/1 for Microsoft.VisualStudio.TestPlatform.CommunicationUtilities.TestRequestSender., took 0 ms.
TpTrace Verbose: 0 : 22300, 5, 2023/10/14, 17:37:19.502, 2006165896424, vstest.console.dll, TestRequestSender.WaitForRequestHandlerConnection: waiting took 102 ms, with timeout 90000 ms, and result 0, which is success.
TpTrace Verbose: 0 : 22300, 7, 2023/10/14, 17:37:19.503, 2006165897373, vstest.console.dll, SocketServer.OnClientConnected: Client connected for endPoint: 127.0.0.1:54749, starting MessageLoopAsync:
TpTrace Verbose: 0 : 22300, 7, 2023/10/14, 17:37:19.503, 2006165901207, vstest.console.dll, TcpClientExtensions.MessageLoopAsync: Polling on remoteEndPoint: 127.0.0.1:54750 localEndPoint: 127.0.0.1:54749
TpTrace Verbose: 0 : 22300, 5, 2023/10/14, 17:37:19.504, 2006165907713, vstest.console.dll, TestRequestSender.CheckVersionWithTestHost: Sending check version message: {"MessageType":"ProtocolVersion","Payload":7}
TpTrace Verbose: 0 : 22300, 7, 2023/10/14, 17:37:19.592, 2006166793181, vstest.console.dll, TcpClientExtensions.MessageLoopAsync: NotifyDataAvailable remoteEndPoint: 127.0.0.1:54750 localEndPoint: 127.0.0.1:54749
TpTrace Verbose: 0 : 22300, 7, 2023/10/14, 17:37:19.592, 2006166795524, vstest.console.dll, TestRequestSender.CheckVersionWithTestHost: onMessageReceived received message: (ProtocolVersion) -> {"MessageType":"ProtocolVersion","Payload":7}
TpTrace Verbose: 0 : 22300, 7, 2023/10/14, 17:37:19.593, 2006166802252, vstest.console.dll, MulticastDelegateUtilities.SafeInvoke: LengthPrefixCommunicationChannel: MessageReceived: Invoking callback 1/1 for Microsoft.VisualStudio.TestPlatform.CommunicationUtilities.TestRequestSender+<>c__DisplayClass29_0., took 0 ms.
TpTrace Verbose: 0 : 22300, 7, 2023/10/14, 17:37:19.593, 2006166803251, vstest.console.dll, TcpClientExtensions.MessageLoopAsync: Polling on remoteEndPoint: 127.0.0.1:54750 localEndPoint: 127.0.0.1:54749
TpTrace Verbose: 0 : 22300, 5, 2023/10/14, 17:37:19.593, 2006166803750, vstest.console.dll, TestPluginCache.GetExtensionPaths: Filtered extension paths: 
TpTrace Verbose: 0 : 22300, 5, 2023/10/14, 17:37:19.593, 2006166804778, vstest.console.dll, TestPluginCache.GetExtensionPaths: Added default extension paths: C:\Program Files\dotnet\sdk\7.0.401\Extensions\Microsoft.Diagnostics.NETCore.Client.dll
C:\Program Files\dotnet\sdk\7.0.401\Extensions\Microsoft.TestPlatform.Extensions.BlameDataCollector.dll
C:\Program Files\dotnet\sdk\7.0.401\Extensions\Microsoft.TestPlatform.Extensions.EventLogCollector.dll
C:\Program Files\dotnet\sdk\7.0.401\Extensions\Microsoft.TestPlatform.TestHostRuntimeProvider.dll
C:\Program Files\dotnet\sdk\7.0.401\Extensions\Microsoft.VisualStudio.TestPlatform.Extensions.Html.TestLogger.dll
C:\Program Files\dotnet\sdk\7.0.401\Extensions\Microsoft.VisualStudio.TestPlatform.Extensions.Trx.TestLogger.dll
TpTrace Verbose: 0 : 22300, 5, 2023/10/14, 17:37:19.593, 2006166805177, vstest.console.dll, TestPluginCache.GetExtensionPaths: Added unfilterableExtensionPaths: 
TpTrace Verbose: 0 : 22300, 7, 2023/10/14, 17:37:19.596, 2006166830696, vstest.console.dll, TcpClientExtensions.MessageLoopAsync: NotifyDataAvailable remoteEndPoint: 127.0.0.1:54750 localEndPoint: 127.0.0.1:54749
TpTrace Verbose: 0 : 22300, 5, 2023/10/14, 17:37:19.596, 2006166831665, vstest.console.dll, TestRequestSender.InitializeExecution: Sending initialize execution with message: {"Version":7,"MessageType":"TestExecution.Initialize","Payload":["C:\\Users\\Danil\\source\\repos\\Chess\\ChessTest\\bin\\Debug\\net6.0\\fine-code-coverage\\build-output\\Microsoft.VisualStudio.TestPlatform.MSTest.TestAdapter.dll"]}
TpTrace Verbose: 0 : 22300, 7, 2023/10/14, 17:37:19.596, 2006166832050, vstest.console.dll, LengthPrefixCommunicationChannel.NotifyDataAvailable: New data are waiting to be received, but there is no subscriber to be notified. Not reading them from the stream.
TpTrace Verbose: 0 : 22300, 7, 2023/10/14, 17:37:19.596, 2006166832508, vstest.console.dll, TcpClientExtensions.MessageLoopAsync: Polling on remoteEndPoint: 127.0.0.1:54750 localEndPoint: 127.0.0.1:54749
TpTrace Verbose: 0 : 22300, 7, 2023/10/14, 17:37:19.596, 2006166832873, vstest.console.dll, TcpClientExtensions.MessageLoopAsync: NotifyDataAvailable remoteEndPoint: 127.0.0.1:54750 localEndPoint: 127.0.0.1:54749
TpTrace Verbose: 0 : 22300, 7, 2023/10/14, 17:37:19.596, 2006166833563, vstest.console.dll, LengthPrefixCommunicationChannel.NotifyDataAvailable: New data are waiting to be received, but there is no subscriber to be notified. Not reading them from the stream.
TpTrace Verbose: 0 : 22300, 7, 2023/10/14, 17:37:19.596, 2006166833863, vstest.console.dll, TcpClientExtensions.MessageLoopAsync: Polling on remoteEndPoint: 127.0.0.1:54750 localEndPoint: 127.0.0.1:54749
TpTrace Verbose: 0 : 22300, 5, 2023/10/14, 17:37:19.596, 2006166832919, vstest.console.dll, ParallelProxyExecutionManager.StartTestRunOnConcurrentManager: Execution starting. Started clients: 1
TpTrace Verbose: 0 : 22300, 7, 2023/10/14, 17:37:19.596, 2006166835071, vstest.console.dll, TcpClientExtensions.MessageLoopAsync: NotifyDataAvailable remoteEndPoint: 127.0.0.1:54750 localEndPoint: 127.0.0.1:54749
TpTrace Verbose: 0 : 22300, 7, 2023/10/14, 17:37:19.596, 2006166835641, vstest.console.dll, LengthPrefixCommunicationChannel.NotifyDataAvailable: New data are waiting to be received, but there is no subscriber to be notified. Not reading them from the stream.
TpTrace Verbose: 0 : 22300, 7, 2023/10/14, 17:37:19.596, 2006166835984, vstest.console.dll, TcpClientExtensions.MessageLoopAsync: Polling on remoteEndPoint: 127.0.0.1:54750 localEndPoint: 127.0.0.1:54749
TpTrace Verbose: 0 : 22300, 7, 2023/10/14, 17:37:19.596, 2006166836304, vstest.console.dll, TcpClientExtensions.MessageLoopAsync: NotifyDataAvailable remoteEndPoint: 127.0.0.1:54750 localEndPoint: 127.0.0.1:54749
TpTrace Verbose: 0 : 22300, 7, 2023/10/14, 17:37:19.596, 2006166836639, vstest.console.dll, LengthPrefixCommunicationChannel.NotifyDataAvailable: New data are waiting to be received, but there is no subscriber to be notified. Not reading them from the stream.
TpTrace Verbose: 0 : 22300, 7, 2023/10/14, 17:37:19.596, 2006166836936, vstest.console.dll, TcpClientExtensions.MessageLoopAsync: Polling on remoteEndPoint: 127.0.0.1:54750 localEndPoint: 127.0.0.1:54749
TpTrace Verbose: 0 : 22300, 7, 2023/10/14, 17:37:19.596, 2006166837227, vstest.console.dll, TcpClientExtensions.MessageLoopAsync: NotifyDataAvailable remoteEndPoint: 127.0.0.1:54750 localEndPoint: 127.0.0.1:54749
TpTrace Verbose: 0 : 22300, 7, 2023/10/14, 17:37:19.597, 2006166837475, vstest.console.dll, LengthPrefixCommunicationChannel.NotifyDataAvailable: New data are waiting to be received, but there is no subscriber to be notified. Not reading them from the stream.
TpTrace Verbose: 0 : 22300, 7, 2023/10/14, 17:37:19.597, 2006166837728, vstest.console.dll, TcpClientExtensions.MessageLoopAsync: Polling on remoteEndPoint: 127.0.0.1:54750 localEndPoint: 127.0.0.1:54749
TpTrace Verbose: 0 : 22300, 5, 2023/10/14, 17:37:19.597, 2006166837713, vstest.console.dll, TestRunRequest:SendTestRunMessage: Starting.
TpTrace Verbose: 0 : 22300, 7, 2023/10/14, 17:37:19.597, 2006166838093, vstest.console.dll, TcpClientExtensions.MessageLoopAsync: NotifyDataAvailable remoteEndPoint: 127.0.0.1:54750 localEndPoint: 127.0.0.1:54749
TpTrace Verbose: 0 : 22300, 7, 2023/10/14, 17:37:19.597, 2006166839006, vstest.console.dll, LengthPrefixCommunicationChannel.NotifyDataAvailable: New data are waiting to be received, but there is no subscriber to be notified. Not reading them from the stream.
TpTrace Verbose: 0 : 22300, 7, 2023/10/14, 17:37:19.597, 2006166839390, vstest.console.dll, TcpClientExtensions.MessageLoopAsync: Polling on remoteEndPoint: 127.0.0.1:54750 localEndPoint: 127.0.0.1:54749
TpTrace Verbose: 0 : 22300, 5, 2023/10/14, 17:37:19.597, 2006166839217, vstest.console.dll, MulticastDelegateUtilities.SafeInvoke: TestRun.LogMessages: Invoking callback 1/1 for Microsoft.VisualStudio.TestPlatform.CommandLine.TestRunResultAggregator., took 0 ms.
TpTrace Verbose: 0 : 22300, 7, 2023/10/14, 17:37:19.597, 2006166839743, vstest.console.dll, TcpClientExtensions.MessageLoopAsync: NotifyDataAvailable remoteEndPoint: 127.0.0.1:54750 localEndPoint: 127.0.0.1:54749
TpTrace Verbose: 0 : 22300, 7, 2023/10/14, 17:37:19.597, 2006166840497, vstest.console.dll, LengthPrefixCommunicationChannel.NotifyDataAvailable: New data are waiting to be received, but there is no subscriber to be notified. Not reading them from the stream.
TpTrace Information: 0 : 22300, 5, 2023/10/14, 17:37:19.597, 2006166840000, vstest.console.dll, TestRunRequest:SendTestRunMessage: Completed.
TpTrace Verbose: 0 : 22300, 7, 2023/10/14, 17:37:19.597, 2006166840862, vstest.console.dll, TcpClientExtensions.MessageLoopAsync: Polling on remoteEndPoint: 127.0.0.1:54750 localEndPoint: 127.0.0.1:54749
TpTrace Verbose: 0 : 22300, 7, 2023/10/14, 17:37:19.597, 2006166841619, vstest.console.dll, TcpClientExtensions.MessageLoopAsync: NotifyDataAvailable remoteEndPoint: 127.0.0.1:54750 localEndPoint: 127.0.0.1:54749
TpTrace Verbose: 0 : 22300, 7, 2023/10/14, 17:37:19.597, 2006166841801, vstest.console.dll, LengthPrefixCommunicationChannel.NotifyDataAvailable: New data are waiting to be received, but there is no subscriber to be notified. Not reading them from the stream.
TpTrace Verbose: 0 : 22300, 7, 2023/10/14, 17:37:19.597, 2006166841934, vstest.console.dll, TcpClientExtensions.MessageLoopAsync: Polling on remoteEndPoint: 127.0.0.1:54750 localEndPoint: 127.0.0.1:54749
TpTrace Verbose: 0 : 22300, 7, 2023/10/14, 17:37:19.597, 2006166842078, vstest.console.dll, TcpClientExtensions.MessageLoopAsync: NotifyDataAvailable remoteEndPoint: 127.0.0.1:54750 localEndPoint: 127.0.0.1:54749
TpTrace Verbose: 0 : 22300, 4, 2023/10/14, 17:37:19.597, 2006166842017, vstest.console.dll, MulticastDelegateUtilities.SafeInvoke: InternalTestLoggerEvents.SendTestRunMessage: Invoking callback 1/1 for Microsoft.VisualStudio.TestPlatform.CommandLine.Internal.ConsoleLogger., took 0 ms.
TpTrace Verbose: 0 : 22300, 7, 2023/10/14, 17:37:19.597, 2006166842224, vstest.console.dll, LengthPrefixCommunicationChannel.NotifyDataAvailable: New data are waiting to be received, but there is no subscriber to be notified. Not reading them from the stream.
TpTrace Verbose: 0 : 22300, 7, 2023/10/14, 17:37:19.597, 2006166843507, vstest.console.dll, TcpClientExtensions.MessageLoopAsync: Polling on remoteEndPoint: 127.0.0.1:54750 localEndPoint: 127.0.0.1:54749
TpTrace Verbose: 0 : 22300, 7, 2023/10/14, 17:37:19.597, 2006166843803, vstest.console.dll, TcpClientExtensions.MessageLoopAsync: NotifyDataAvailable remoteEndPoint: 127.0.0.1:54750 localEndPoint: 127.0.0.1:54749
TpTrace Verbose: 0 : 22300, 7, 2023/10/14, 17:37:19.597, 2006166843979, vstest.console.dll, LengthPrefixCommunicationChannel.NotifyDataAvailable: New data are waiting to be received, but there is no subscriber to be notified. Not reading them from the stream.
TpTrace Verbose: 0 : 22300, 7, 2023/10/14, 17:37:19.597, 2006166844117, vstest.console.dll, TcpClientExtensions.MessageLoopAsync: Polling on remoteEndPoint: 127.0.0.1:54750 localEndPoint: 127.0.0.1:54749
TpTrace Verbose: 0 : 22300, 7, 2023/10/14, 17:37:19.597, 2006166844294, vstest.console.dll, TcpClientExtensions.MessageLoopAsync: NotifyDataAvailable remoteEndPoint: 127.0.0.1:54750 localEndPoint: 127.0.0.1:54749
TpTrace Warning: 0 : 22300, 5, 2023/10/14, 17:37:19.597, 2006166844285, vstest.console.dll, InferRunSettingsHelper.MakeRunsettingsCompatible: Removing the following settings: TargetPlatform from RunSettings file. To use those settings please move to latest version of Microsoft.NET.Test.Sdk
TpTrace Verbose: 0 : 22300, 7, 2023/10/14, 17:37:19.597, 2006166844863, vstest.console.dll, LengthPrefixCommunicationChannel.NotifyDataAvailable: New data are waiting to be received, but there is no subscriber to be notified. Not reading them from the stream.
TpTrace Verbose: 0 : 22300, 7, 2023/10/14, 17:37:19.597, 2006166845182, vstest.console.dll, TcpClientExtensions.MessageLoopAsync: Polling on remoteEndPoint: 127.0.0.1:54750 localEndPoint: 127.0.0.1:54749
TpTrace Verbose: 0 : 22300, 7, 2023/10/14, 17:37:19.597, 2006166845354, vstest.console.dll, TcpClientExtensions.MessageLoopAsync: NotifyDataAvailable remoteEndPoint: 127.0.0.1:54750 localEndPoint: 127.0.0.1:54749
TpTrace Verbose: 0 : 22300, 7, 2023/10/14, 17:37:19.597, 2006166845487, vstest.console.dll, LengthPrefixCommunicationChannel.NotifyDataAvailable: New data are waiting to be received, but there is no subscriber to be notified. Not reading them from the stream.
TpTrace Verbose: 0 : 22300, 7, 2023/10/14, 17:37:19.597, 2006166845612, vstest.console.dll, TcpClientExtensions.MessageLoopAsync: Polling on remoteEndPoint: 127.0.0.1:54750 localEndPoint: 127.0.0.1:54749
TpTrace Verbose: 0 : 22300, 7, 2023/10/14, 17:37:19.597, 2006166845753, vstest.console.dll, TcpClientExtensions.MessageLoopAsync: NotifyDataAvailable remoteEndPoint: 127.0.0.1:54750 localEndPoint: 127.0.0.1:54749
TpTrace Verbose: 0 : 22300, 7, 2023/10/14, 17:37:19.597, 2006166845878, vstest.console.dll, LengthPrefixCommunicationChannel.NotifyDataAvailable: New data are waiting to be received, but there is no subscriber to be notified. Not reading them from the stream.
TpTrace Verbose: 0 : 22300, 7, 2023/10/14, 17:37:19.597, 2006166846052, vstest.console.dll, TcpClientExtensions.MessageLoopAsync: Polling on remoteEndPoint: 127.0.0.1:54750 localEndPoint: 127.0.0.1:54749
TpTrace Verbose: 0 : 22300, 7, 2023/10/14, 17:37:19.597, 2006166846194, vstest.console.dll, TcpClientExtensions.MessageLoopAsync: NotifyDataAvailable remoteEndPoint: 127.0.0.1:54750 localEndPoint: 127.0.0.1:54749
TpTrace Verbose: 0 : 22300, 7, 2023/10/14, 17:37:19.597, 2006166846321, vstest.console.dll, LengthPrefixCommunicationChannel.NotifyDataAvailable: New data are waiting to be received, but there is no subscriber to be notified. Not reading them from the stream.
TpTrace Verbose: 0 : 22300, 7, 2023/10/14, 17:37:19.597, 2006166846447, vstest.console.dll, TcpClientExtensions.MessageLoopAsync: Polling on remoteEndPoint: 127.0.0.1:54750 localEndPoint: 127.0.0.1:54749
TpTrace Verbose: 0 : 22300, 7, 2023/10/14, 17:37:19.597, 2006166846587, vstest.console.dll, TcpClientExtensions.MessageLoopAsync: NotifyDataAvailable remoteEndPoint: 127.0.0.1:54750 localEndPoint: 127.0.0.1:54749
TpTrace Verbose: 0 : 22300, 7, 2023/10/14, 17:37:19.597, 2006166846744, vstest.console.dll, LengthPrefixCommunicationChannel.NotifyDataAvailable: New data are waiting to be received, but there is no subscriber to be notified. Not reading them from the stream.
TpTrace Verbose: 0 : 22300, 7, 2023/10/14, 17:37:19.597, 2006166846870, vstest.console.dll, TcpClientExtensions.MessageLoopAsync: Polling on remoteEndPoint: 127.0.0.1:54750 localEndPoint: 127.0.0.1:54749
TpTrace Verbose: 0 : 22300, 7, 2023/10/14, 17:37:19.597, 2006166847068, vstest.console.dll, TcpClientExtensions.MessageLoopAsync: NotifyDataAvailable remoteEndPoint: 127.0.0.1:54750 localEndPoint: 127.0.0.1:54749
TpTrace Verbose: 0 : 22300, 7, 2023/10/14, 17:37:19.597, 2006166847208, vstest.console.dll, LengthPrefixCommunicationChannel.NotifyDataAvailable: New data are waiting to be received, but there is no subscriber to be notified. Not reading them from the stream.
TpTrace Verbose: 0 : 22300, 7, 2023/10/14, 17:37:19.598, 2006166847366, vstest.console.dll, TcpClientExtensions.MessageLoopAsync: Polling on remoteEndPoint: 127.0.0.1:54750 localEndPoint: 127.0.0.1:54749
TpTrace Verbose: 0 : 22300, 7, 2023/10/14, 17:37:19.598, 2006166847535, vstest.console.dll, TcpClientExtensions.MessageLoopAsync: NotifyDataAvailable remoteEndPoint: 127.0.0.1:54750 localEndPoint: 127.0.0.1:54749
TpTrace Verbose: 0 : 22300, 7, 2023/10/14, 17:37:19.598, 2006166847680, vstest.console.dll, LengthPrefixCommunicationChannel.NotifyDataAvailable: New data are waiting to be received, but there is no subscriber to be notified. Not reading them from the stream.
TpTrace Verbose: 0 : 22300, 7, 2023/10/14, 17:37:19.598, 2006166847806, vstest.console.dll, TcpClientExtensions.MessageLoopAsync: Polling on remoteEndPoint: 127.0.0.1:54750 localEndPoint: 127.0.0.1:54749
TpTrace Verbose: 0 : 22300, 7, 2023/10/14, 17:37:19.598, 2006166848015, vstest.console.dll, TcpClientExtensions.MessageLoopAsync: NotifyDataAvailable remoteEndPoint: 127.0.0.1:54750 localEndPoint: 127.0.0.1:54749
TpTrace Verbose: 0 : 22300, 7, 2023/10/14, 17:37:19.598, 2006166849373, vstest.console.dll, TestRequestSender.OnExecutionMessageReceived: Received message: {"Version":7,"MessageType":"TestSession.Message","Payload":{"MessageLevel":0,"Message":"Logging TestHost Diagnostics in file: C:\\Users\\Danil\\source\\repos\\Chess\\ChessTest\\bin\\Debug\\net6.0\\fine-code-coverage\\coverage-tool-output\\diagnostics.host.23-10-14_17-37-19_39343_5.log"}}
TpTrace Verbose: 0 : 22300, 7, 2023/10/14, 17:37:19.599, 2006166865382, vstest.console.dll, TestRunRequest:SendTestRunMessage: Starting.
TpTrace Verbose: 0 : 22300, 7, 2023/10/14, 17:37:19.599, 2006166866573, vstest.console.dll, MulticastDelegateUtilities.SafeInvoke: TestRun.LogMessages: Invoking callback 1/1 for Microsoft.VisualStudio.TestPlatform.CommandLine.TestRunResultAggregator., took 0 ms.
TpTrace Information: 0 : 22300, 7, 2023/10/14, 17:37:19.599, 2006166866933, vstest.console.dll, TestRunRequest:SendTestRunMessage: Completed.
TpTrace Verbose: 0 : 22300, 4, 2023/10/14, 17:37:19.599, 2006166867029, vstest.console.dll, MulticastDelegateUtilities.SafeInvoke: InternalTestLoggerEvents.SendTestRunMessage: Invoking callback 1/1 for Microsoft.VisualStudio.TestPlatform.CommandLine.Internal.ConsoleLogger., took 0 ms.
TpTrace Verbose: 0 : 22300, 7, 2023/10/14, 17:37:19.599, 2006166867144, vstest.console.dll, MulticastDelegateUtilities.SafeInvoke: LengthPrefixCommunicationChannel: MessageReceived: Invoking callback 1/1 for Microsoft.VisualStudio.TestPlatform.CommunicationUtilities.TestRequestSender+<>c__DisplayClass34_0., took 1 ms.
TpTrace Verbose: 0 : 22300, 7, 2023/10/14, 17:37:19.600, 2006166869068, vstest.console.dll, TcpClientExtensions.MessageLoopAsync: Polling on remoteEndPoint: 127.0.0.1:54750 localEndPoint: 127.0.0.1:54749
TpTrace Verbose: 0 : 22300, 5, 2023/10/14, 17:37:19.602, 2006166893493, vstest.console.dll, TestRequestSender.StartTestRun: Sending test run with message: {"Version":7,"MessageType":"TestExecution.StartWithSources","Payload":{"AdapterSourceMap":{"_none_":["C:\\Users\\Danil\\source\\repos\\Chess\\ChessTest\\bin\\Debug\\net6.0\\fine-code-coverage\\build-output\\ChessTest.dll"]},"RunSettings":"<RunSettings>\r\n  <RunConfiguration>\r\n    <ResultsDirectory>C:\\Users\\Danil\\source\\repos\\Chess\\ChessTest\\bin\\Debug\\net6.0\\fine-code-coverage\\coverage-tool-output</ResultsDirectory>\r\n    <TargetFrameworkVersion>.NETCoreApp,Version=v6.0</TargetFrameworkVersion>\r\n    <DesignMode>False</DesignMode>\r\n    <CollectSourceInformation>False</CollectSourceInformation>\r\n  </RunConfiguration>\r\n  <LoggerRunSettings>\r\n    <Loggers>\r\n      <Logger friendlyName=\"blame\" enabled=\"True\" />\r\n      <Logger friendlyName=\"Console\" uri=\"logger://microsoft/TestPlatform/ConsoleLogger/v1\" assemblyQualifiedName=\"Microsoft.VisualStudio.TestPlatform.CommandLine.Internal.ConsoleLogger, vstest.console, Version=15.0.0.0, Culture=neutral, PublicKeyToken=b03f5f7f11d50a3a\" codeBase=\"C:\\Program Files\\dotnet\\sdk\\7.0.401\\vstest.console.dll\" enabled=\"True\" />\r\n    </Loggers>\r\n  </LoggerRunSettings>\r\n  <DataCollectionRunSettings>\r\n    <DataCollectors>\r\n      <DataCollector friendlyName=\"blame\" enabled=\"True\">\r\n        <Configuration>\r\n          <ResultsDirectory>C:\\Users\\Danil\\source\\repos\\Chess\\ChessTest\\bin\\Debug\\net6.0\\fine-code-coverage\\coverage-tool-output</ResultsDirectory>\r\n        </Configuration>\r\n      </DataCollector>\r\n    </DataCollectors>\r\n  </DataCollectionRunSettings>\r\n</RunSettings>","TestExecutionContext":{"FrequencyOfRunStatsChangeEvent":10,"RunStatsChangeEventTimeout":"00:00:01.5000000","InIsolation":false,"KeepAlive":false,"AreTestCaseLevelEventsRequired":false,"IsDebug":false,"TestCaseFilter":null,"FilterOptions":null},"Package":null}}
TpTrace Verbose: 0 : 22300, 5, 2023/10/14, 17:37:19.602, 2006166894606, vstest.console.dll, ParallelProxyExecutionManager.StartTestRunOnConcurrentManager: Execution started. Started clients: 1
TpTrace Verbose: 0 : 22300, 7, 2023/10/14, 17:37:19.882, 2006169692186, vstest.console.dll, TcpClientExtensions.MessageLoopAsync: NotifyDataAvailable remoteEndPoint: 127.0.0.1:54750 localEndPoint: 127.0.0.1:54749
TpTrace Verbose: 0 : 22300, 7, 2023/10/14, 17:37:19.882, 2006169695715, vstest.console.dll, TestRequestSender.OnExecutionMessageReceived: Received message: {"Version":7,"MessageType":"TestExecution.StatsChange","Payload":{"NewTestResults":[{"TestCase":{"Id":"8ce68577-b23b-a94c-1cf8-ca343709d2f6","FullyQualifiedName":"Chess.Models.Figures.Tests.FigureTests.Figure_ConvertRelativePointToAbsolute_ReturnsCorrectPoints","DisplayName":"Figure_ConvertRelativePointToAbsolute_ReturnsCorrectPoints","ExecutorUri":"executor://MSTestAdapter/v2","Source":"C:\\Users\\Danil\\source\\repos\\Chess\\ChessTest\\bin\\Debug\\net6.0\\fine-code-coverage\\build-output\\ChessTest.dll","CodeFilePath":null,"LineNumber":-1,"Properties":[{"Key":{"Id":"TestCase.ManagedType","Label":"ManagedType","Category":"","Description":"","Attributes":1,"ValueType":"System.String"},"Value":"Chess.Models.Figures.Tests.FigureTests"},{"Key":{"Id":"TestCase.ManagedMethod","Label":"ManagedMethod","Category":"","Description":"","Attributes":1,"ValueType":"System.String"},"Value":"Figure_ConvertRelativePointToAbsolute_ReturnsCorrectPoints"},{"Key":{"Id":"MSTestDiscoverer.TestClassName","Label":"ClassName","Category":"","Description":"","Attributes":1,"ValueType":"System.String"},"Value":"Chess.Models.Figures.Tests.FigureTests"},{"Key":{"Id":"TestCase.Hierarchy","Label":"Hierarchy","Category":"","Description":"","Attributes":2,"ValueType":"System.String[]"},"Value":["Chess.Models.Figures.Tests","FigureTests"]},{"Key":{"Id":"TestObject.Traits","Label":"Traits","Category":"","Description":"","Attributes":5,"ValueType":"System.Collections.Generic.KeyValuePair`2[[System.String],[System.String]][]"},"Value":[]}]},"Attachments":[],"Outcome":1,"ErrorMessage":null,"ErrorStackTrace":null,"DisplayName":"Figure_ConvertRelativePointToAbsolute_ReturnsCorrectPoints","Messages":[],"ComputerName":null,"Duration":"00:00:00.0046481","StartTime":"2023-10-14T17:37:19.7988279+05:00","EndTime":"2023-10-14T17:37:19.8146764+05:00","Properties":[{"Key":{"Id":"ExecutionId","Label":"ExecutionId","Category":"","Description":"","Attributes":1,"ValueType":"System.Guid"},"Value":"00000000-0000-0000-0000-000000000000"},{"Key":{"Id":"ParentExecId","Label":"ParentExecId","Category":"","Description":"","Attributes":1,"ValueType":"System.Guid"},"Value":"00000000-0000-0000-0000-000000000000"},{"Key":{"Id":"InnerResultsCount","Label":"InnerResultsCount","Category":"","Description":"","Attributes":1,"ValueType":"System.Int32"},"Value":0}]},{"TestCase":{"Id":"a7fceb6d-d7a2-1393-f061-65702dbf350d","FullyQualifiedName":"Chess.Models.Figures.Tests.FigureTests.clearNonSecuritedPointsTest","DisplayName":"clearNonSecuritedPointsTest","ExecutorUri":"executor://MSTestAdapter/v2","Source":"C:\\Users\\Danil\\source\\repos\\Chess\\ChessTest\\bin\\Debug\\net6.0\\fine-code-coverage\\build-output\\ChessTest.dll","CodeFilePath":null,"LineNumber":-1,"Properties":[{"Key":{"Id":"TestCase.ManagedType","Label":"ManagedType","Category":"","Description":"","Attributes":1,"ValueType":"System.String"},"Value":"Chess.Models.Figures.Tests.FigureTests"},{"Key":{"Id":"TestCase.ManagedMethod","Label":"ManagedMethod","Category":"","Description":"","Attributes":1,"ValueType":"System.String"},"Value":"clearNonSecuritedPointsTest"},{"Key":{"Id":"MSTestDiscoverer.TestClassName","Label":"ClassName","Category":"","Description":"","Attributes":1,"ValueType":"System.String"},"Value":"Chess.Models.Figures.Tests.FigureTests"},{"Key":{"Id":"TestCase.Hierarchy","Label":"Hierarchy","Category":"","Description":"","Attributes":2,"ValueType":"System.String[]"},"Value":["Chess.Models.Figures.Tests","FigureTests"]},{"Key":{"Id":"TestObject.Traits","Label":"Traits","Category":"","Description":"","Attributes":5,"ValueType":"System.Collections.Generic.KeyValuePair`2[[System.String],[System.String]][]"},"Value":[]}]},"Attachments":[],"Outcome":2,"ErrorMessage":"Assert.Fail failed. ","ErrorStackTrace":"   at Chess.Models.Figures.Tests.FigureTests.clearNonSecuritedPointsTest() in C:\\Users\\Danil\\source\\repos\\Chess\\ChessTest\\Models\\Figures\\FigureTests.cs:line 39\r\n","DisplayName":"clearNonSecuritedPointsTest","Messages":[],"ComputerName":null,"Duration":"00:00:00.0122870","StartTime":"2023-10-14T17:37:19.8328236+05:00","EndTime":"2023-10-14T17:37:19.8455312+05:00","Properties":[{"Key":{"Id":"ExecutionId","Label":"ExecutionId","Category":"","Description":"","Attributes":1,"ValueType":"System.Guid"},"Value":"00000000-0000-0000-0000-000000000000"},{"Key":{"Id":"ParentExecId","Label":"ParentExecId","Category":"","Description":"","Attributes":1,"ValueType":"System.Guid"},"Value":"00000000-0000-0000-0000-000000000000"},{"Key":{"Id":"InnerResultsCount","Label":"InnerResultsCount","Category":"","Description":"","Attributes":1,"ValueType":"System.Int32"},"Value":0}]},{"TestCase":{"Id":"427cb724-2cec-d9a4-a561-a75c73207bf5","FullyQualifiedName":"Chess.Models.Figures.Tests.FigureTests.getMovePointsWithoutFilteringTest","DisplayName":"getMovePointsWithoutFilteringTest","ExecutorUri":"executor://MSTestAdapter/v2","Source":"C:\\Users\\Danil\\source\\repos\\Chess\\ChessTest\\bin\\Debug\\net6.0\\fine-code-coverage\\build-output\\ChessTest.dll","CodeFilePath":null,"LineNumber":-1,"Properties":[{"Key":{"Id":"TestCase.ManagedType","Label":"ManagedType","Category":"","Description":"","Attributes":1,"ValueType":"System.String"},"Value":"Chess.Models.Figures.Tests.FigureTests"},{"Key":{"Id":"TestCase.ManagedMethod","Label":"ManagedMethod","Category":"","Description":"","Attributes":1,"ValueType":"System.String"},"Value":"getMovePointsWithoutFilteringTest"},{"Key":{"Id":"MSTestDiscoverer.TestClassName","Label":"ClassName","Category":"","Description":"","Attributes":1,"ValueType":"System.String"},"Value":"Chess.Models.Figures.Tests.FigureTests"},{"Key":{"Id":"TestCase.Hierarchy","Label":"Hierarchy","Category":"","Description":"","Attributes":2,"ValueType":"System.String[]"},"Value":["Chess.Models.Figures.Tests","FigureTests"]},{"Key":{"Id":"TestObject.Traits","Label":"Traits","Category":"","Description":"","Attributes":5,"ValueType":"System.Collections.Generic.KeyValuePair`2[[System.String],[System.String]][]"},"Value":[]}]},"Attachments":[],"Outcome":2,"ErrorMessage":"Assert.Fail failed. ","ErrorStackTrace":"   at Chess.Models.Figures.Tests.FigureTests.getMovePointsWithoutFilteringTest() in C:\\Users\\Danil\\source\\repos\\Chess\\ChessTest\\Models\\Figures\\FigureTests.cs:line 45\r\n","DisplayName":"getMovePointsWithoutFilteringTest","Messages":[],"ComputerName":null,"Duration":"00:00:00.0004756","StartTime":"2023-10-14T17:37:19.8485556+05:00","EndTime":"2023-10-14T17:37:19.849196+05:00","Properties":[{"Key":{"Id":"ExecutionId","Label":"ExecutionId","Category":"","Description":"","Attributes":1,"ValueType":"System.Guid"},"Value":"00000000-0000-0000-0000-000000000000"},{"Key":{"Id":"ParentExecId","Label":"ParentExecId","Category":"","Description":"","Attributes":1,"ValueType":"System.Guid"},"Value":"00000000-0000-0000-0000-000000000000"},{"Key":{"Id":"InnerResultsCount","Label":"InnerResultsCount","Category":"","Description":"","Attributes":1,"ValueType":"System.Int32"},"Value":0}]},{"TestCase":{"Id":"f5ccdeb6-b0ff-c2af-104b-035759256b45","FullyQualifiedName":"Chess.Models.Figures.Tests.FigureTests.getMovePointsTest","DisplayName":"getMovePointsTest","ExecutorUri":"executor://MSTestAdapter/v2","Source":"C:\\Users\\Danil\\source\\repos\\Chess\\ChessTest\\bin\\Debug\\net6.0\\fine-code-coverage\\build-output\\ChessTest.dll","CodeFilePath":null,"LineNumber":-1,"Properties":[{"Key":{"Id":"TestCase.ManagedType","Label":"ManagedType","Category":"","Description":"","Attributes":1,"ValueType":"System.String"},"Value":"Chess.Models.Figures.Tests.FigureTests"},{"Key":{"Id":"TestCase.ManagedMethod","Label":"ManagedMethod","Category":"","Description":"","Attributes":1,"ValueType":"System.String"},"Value":"getMovePointsTest"},{"Key":{"Id":"MSTestDiscoverer.TestClassName","Label":"ClassName","Category":"","Description":"","Attributes":1,"ValueType":"System.String"},"Value":"Chess.Models.Figures.Tests.FigureTests"},{"Key":{"Id":"TestCase.Hierarchy","Label":"Hierarchy","Category":"","Description":"","Attributes":2,"ValueType":"System.String[]"},"Value":["Chess.Models.Figures.Tests","FigureTests"]},{"Key":{"Id":"TestObject.Traits","Label":"Traits","Category":"","Description":"","Attributes":5,"ValueType":"System.Collections.Generic.KeyValuePair`2[[System.String],[System.String]][]"},"Value":[]}]},"Attachments":[],"Outcome":2,"ErrorMessage":"Assert.Fail failed. ","ErrorStackTrace":"   at Chess.Models.Figures.Tests.FigureTests.getMovePointsTest() in C:\\Users\\Danil\\source\\repos\\Chess\\ChessTest\\Models\\Figures\\FigureTests.cs:line 51\r\n","DisplayName":"getMovePointsTest","Messages":[],"ComputerName":null,"Duration":"00:00:00.0003222","StartTime":"2023-10-14T17:37:19.8508048+05:00","EndTime":"2023-10-14T17:37:19.8512558+05:00","Properties":[{"Key":{"Id":"ExecutionId","Label":"ExecutionId","Category":"","Description":"","Attributes":1,"ValueType":"System.Guid"},"Value":"00000000-0000-0000-0000-000000000000"},{"Key":{"Id":"ParentExecId","Label":"ParentExecId","Category":"","Description":"","Attributes":1,"ValueType":"System.Guid"},"Value":"00000000-0000-0000-0000-000000000000"},{"Key":{"Id":"InnerResultsCount","Label":"InnerResultsCount","Category":"","Description":"","Attributes":1,"ValueType":"System.Int32"},"Value":0}]},{"TestCase":{"Id":"e370a941-526f-b029-10c7-f33bfdc26017","FullyQualifiedName":"Chess.Models.Figures.Tests.FigureTests.onFigureMovedTest","DisplayName":"onFigureMovedTest","ExecutorUri":"executor://MSTestAdapter/v2","Source":"C:\\Users\\Danil\\source\\repos\\Chess\\ChessTest\\bin\\Debug\\net6.0\\fine-code-coverage\\build-output\\ChessTest.dll","CodeFilePath":null,"LineNumber":-1,"Properties":[{"Key":{"Id":"TestCase.ManagedType","Label":"ManagedType","Category":"","Description":"","Attributes":1,"ValueType":"System.String"},"Value":"Chess.Models.Figures.Tests.FigureTests"},{"Key":{"Id":"TestCase.ManagedMethod","Label":"ManagedMethod","Category":"","Description":"","Attributes":1,"ValueType":"System.String"},"Value":"onFigureMovedTest"},{"Key":{"Id":"MSTestDiscoverer.TestClassName","Label":"ClassName","Category":"","Description":"","Attributes":1,"ValueType":"System.String"},"Value":"Chess.Models.Figures.Tests.FigureTests"},{"Key":{"Id":"TestCase.Hierarchy","Label":"Hierarchy","Category":"","Description":"","Attributes":2,"ValueType":"System.String[]"},"Value":["Chess.Models.Figures.Tests","FigureTests"]},{"Key":{"Id":"TestObject.Traits","Label":"Traits","Category":"","Description":"","Attributes":5,"ValueType":"System.Collections.Generic.KeyValuePair`2[[System.String],[System.String]][]"},"Value":[]}]},"Attachments":[],"Outcome":1,"ErrorMessage":null,"ErrorStackTrace":null,"DisplayName":"onFigureMovedTest","Messages":[],"ComputerName":null,"Duration":"00:00:00.0008759","StartTime":"2023-10-14T17:37:19.8527672+05:00","EndTime":"2023-10-14T17:37:19.8537556+05:00","Properties":[{"Key":{"Id":"ExecutionId","Label":"ExecutionId","Category":"","Description":"","Attributes":1,"ValueType":"System.Guid"},"Value":"00000000-0000-0000-0000-000000000000"},{"Key":{"Id":"ParentExecId","Label":"ParentExecId","Category":"","Description":"","Attributes":1,"ValueType":"System.Guid"},"Value":"00000000-0000-0000-0000-000000000000"},{"Key":{"Id":"InnerResultsCount","Label":"InnerResultsCount","Category":"","Description":"","Attributes":1,"ValueType":"System.Int32"},"Value":0}]},{"TestCase":{"Id":"ae30fb1c-1c5c-efac-7c36-32cdde8d1018","FullyQualifiedName":"Chess.Models.Figures.Tests.FigureTests.pointMovableTest","DisplayName":"pointMovableTest","ExecutorUri":"executor://MSTestAdapter/v2","Source":"C:\\Users\\Danil\\source\\repos\\Chess\\ChessTest\\bin\\Debug\\net6.0\\fine-code-coverage\\build-output\\ChessTest.dll","CodeFilePath":null,"LineNumber":-1,"Properties":[{"Key":{"Id":"TestCase.ManagedType","Label":"ManagedType","Category":"","Description":"","Attributes":1,"ValueType":"System.String"},"Value":"Chess.Models.Figures.Tests.FigureTests"},{"Key":{"Id":"TestCase.ManagedMethod","Label":"ManagedMethod","Category":"","Description":"","Attributes":1,"ValueType":"System.String"},"Value":"pointMovableTest"},{"Key":{"Id":"MSTestDiscoverer.TestClassName","Label":"ClassName","Category":"","Description":"","Attributes":1,"ValueType":"System.String"},"Value":"Chess.Models.Figures.Tests.FigureTests"},{"Key":{"Id":"TestCase.Hierarchy","Label":"Hierarchy","Category":"","Description":"","Attributes":2,"ValueType":"System.String[]"},"Value":["Chess.Models.Figures.Tests","FigureTests"]},{"Key":{"Id":"TestObject.Traits","Label":"Traits","Category":"","Description":"","Attributes":5,"ValueType":"System.Collections.Generic.KeyValuePair`2[[System.String],[System.String]][]"},"Value":[]}]},"Attachments":[],"Outcome":2,"ErrorMessage":"Assert.Fail failed. ","ErrorStackTrace":"   at Chess.Models.Figures.Tests.FigureTests.pointMovableTest() in C:\\Users\\Danil\\source\\repos\\Chess\\ChessTest\\Models\\Figures\\FigureTests.cs:line 72\r\n","DisplayName":"pointMovableTest","Messages":[],"ComputerName":null,"Duration":"00:00:00.0003309","StartTime":"2023-10-14T17:37:19.8553674+05:00","EndTime":"2023-10-14T17:37:19.8558185+05:00","Properties":[{"Key":{"Id":"ExecutionId","Label":"ExecutionId","Category":"","Description":"","Attributes":1,"ValueType":"System.Guid"},"Value":"00000000-0000-0000-0000-000000000000"},{"Key":{"Id":"ParentExecId","Label":"ParentExecId","Category":"","Description":"","Attributes":1,"ValueType":"System.Guid"},"Value":"00000000-0000-0000-0000-000000000000"},{"Key":{"Id":"InnerResultsCount","Label":"InnerResultsCount","Category":"","Description":"","Attributes":1,"ValueType":"System.Int32"},"Value":0}]},{"TestCase":{"Id":"a958c898-8e6d-1430-8e6c-d8b6301a3717","FullyQualifiedName":"Chess.Models.Figures.Tests.FigureTests.MoveTest","DisplayName":"MoveTest","ExecutorUri":"executor://MSTestAdapter/v2","Source":"C:\\Users\\Danil\\source\\repos\\Chess\\ChessTest\\bin\\Debug\\net6.0\\fine-code-coverage\\build-output\\ChessTest.dll","CodeFilePath":null,"LineNumber":-1,"Properties":[{"Key":{"Id":"TestCase.ManagedType","Label":"ManagedType","Category":"","Description":"","Attributes":1,"ValueType":"System.String"},"Value":"Chess.Models.Figures.Tests.FigureTests"},{"Key":{"Id":"TestCase.ManagedMethod","Label":"ManagedMethod","Category":"","Description":"","Attributes":1,"ValueType":"System.String"},"Value":"MoveTest"},{"Key":{"Id":"MSTestDiscoverer.TestClassName","Label":"ClassName","Category":"","Description":"","Attributes":1,"ValueType":"System.String"},"Value":"Chess.Models.Figures.Tests.FigureTests"},{"Key":{"Id":"TestCase.Hierarchy","Label":"Hierarchy","Category":"","Description":"","Attributes":2,"ValueType":"System.String[]"},"Value":["Chess.Models.Figures.Tests","FigureTests"]},{"Key":{"Id":"TestObject.Traits","Label":"Traits","Category":"","Description":"","Attributes":5,"ValueType":"System.Collections.Generic.KeyValuePair`2[[System.String],[System.String]][]"},"Value":[]}]},"Attachments":[],"Outcome":2,"ErrorMessage":"Assert.Fail failed. ","ErrorStackTrace":"   at Chess.Models.Figures.Tests.FigureTests.MoveTest() in C:\\Users\\Danil\\source\\repos\\Chess\\ChessTest\\Models\\Figures\\FigureTests.cs:line 78\r\n","DisplayName":"MoveTest","Messages":[],"ComputerName":null,"Duration":"00:00:00.0005804","StartTime":"2023-10-14T17:37:19.8573973+05:00","EndTime":"2023-10-14T17:37:19.8581923+05:00","Properties":[{"Key":{"Id":"ExecutionId","Label":"ExecutionId","Category":"","Description":"","Attributes":1,"ValueType":"System.Guid"},"Value":"00000000-0000-0000-0000-000000000000"},{"Key":{"Id":"ParentExecId","Label":"ParentExecId","Category":"","Description":"","Attributes":1,"ValueType":"System.Guid"},"Value":"00000000-0000-0000-0000-000000000000"},{"Key":{"Id":"InnerResultsCount","Label":"InnerResultsCount","Category":"","Description":"","Attributes":1,"ValueType":"System.Int32"},"Value":0}]},{"TestCase":{"Id":"c6eda45b-d953-d8fe-3422-8612d64e247e","FullyQualifiedName":"Chess.Models.Figures.Tests.FigureTests.setPositionTest","DisplayName":"setPositionTest","ExecutorUri":"executor://MSTestAdapter/v2","Source":"C:\\Users\\Danil\\source\\repos\\Chess\\ChessTest\\bin\\Debug\\net6.0\\fine-code-coverage\\build-output\\ChessTest.dll","CodeFilePath":null,"LineNumber":-1,"Properties":[{"Key":{"Id":"TestCase.ManagedType","Label":"ManagedType","Category":"","Description":"","Attributes":1,"ValueType":"System.String"},"Value":"Chess.Models.Figures.Tests.FigureTests"},{"Key":{"Id":"TestCase.ManagedMethod","Label":"ManagedMethod","Category":"","Description":"","Attributes":1,"ValueType":"System.String"},"Value":"setPositionTest"},{"Key":{"Id":"MSTestDiscoverer.TestClassName","Label":"ClassName","Category":"","Description":"","Attributes":1,"ValueType":"System.String"},"Value":"Chess.Models.Figures.Tests.FigureTests"},{"Key":{"Id":"TestCase.Hierarchy","Label":"Hierarchy","Category":"","Description":"","Attributes":2,"ValueType":"System.String[]"},"Value":["Chess.Models.Figures.Tests","FigureTests"]},{"Key":{"Id":"TestObject.Traits","Label":"Traits","Category":"","Description":"","Attributes":5,"ValueType":"System.Collections.Generic.KeyValuePair`2[[System.String],[System.String]][]"},"Value":[]}]},"Attachments":[],"Outcome":1,"ErrorMessage":null,"ErrorStackTrace":null,"DisplayName":"setPositionTest","Messages":[],"ComputerName":null,"Duration":"00:00:00.0001198","StartTime":"2023-10-14T17:37:19.8604599+05:00","EndTime":"2023-10-14T17:37:19.8606837+05:00","Properties":[{"Key":{"Id":"ExecutionId","Label":"ExecutionId","Category":"","Description":"","Attributes":1,"ValueType":"System.Guid"},"Value":"00000000-0000-0000-0000-000000000000"},{"Key":{"Id":"ParentExecId","Label":"ParentExecId","Category":"","Description":"","Attributes":1,"ValueType":"System.Guid"},"Value":"00000000-0000-0000-0000-000000000000"},{"Key":{"Id":"InnerResultsCount","Label":"InnerResultsCount","Category":"","Description":"","Attributes":1,"ValueType":"System.Int32"},"Value":0}]},{"TestCase":{"Id":"7777f1f6-b5e4-2566-9477-41b1c6959249","FullyQualifiedName":"Chess.Models.Figures.Tests.FigureTests.FigureTest","DisplayName":"FigureTest","ExecutorUri":"executor://MSTestAdapter/v2","Source":"C:\\Users\\Danil\\source\\repos\\Chess\\ChessTest\\bin\\Debug\\net6.0\\fine-code-coverage\\build-output\\ChessTest.dll","CodeFilePath":null,"LineNumber":-1,"Properties":[{"Key":{"Id":"TestCase.ManagedType","Label":"ManagedType","Category":"","Description":"","Attributes":1,"ValueType":"System.String"},"Value":"Chess.Models.Figures.Tests.FigureTests"},{"Key":{"Id":"TestCase.ManagedMethod","Label":"ManagedMethod","Category":"","Description":"","Attributes":1,"ValueType":"System.String"},"Value":"FigureTest"},{"Key":{"Id":"MSTestDiscoverer.TestClassName","Label":"ClassName","Category":"","Description":"","Attributes":1,"ValueType":"System.String"},"Value":"Chess.Models.Figures.Tests.FigureTests"},{"Key":{"Id":"TestCase.Hierarchy","Label":"Hierarchy","Category":"","Description":"","Attributes":2,"ValueType":"System.String[]"},"Value":["Chess.Models.Figures.Tests","FigureTests"]},{"Key":{"Id":"TestObject.Traits","Label":"Traits","Category":"","Description":"","Attributes":5,"ValueType":"System.Collections.Generic.KeyValuePair`2[[System.String],[System.String]][]"},"Value":[]}]},"Attachments":[],"Outcome":1,"ErrorMessage":null,"ErrorStackTrace":null,"DisplayName":"FigureTest","Messages":[],"ComputerName":null,"Duration":"00:00:00.0001984","StartTime":"2023-10-14T17:37:19.8622317+05:00","EndTime":"2023-10-14T17:37:19.8625648+05:00","Properties":[{"Key":{"Id":"ExecutionId","Label":"ExecutionId","Category":"","Description":"","Attributes":1,"ValueType":"System.Guid"},"Value":"00000000-0000-0000-0000-000000000000"},{"Key":{"Id":"ParentExecId","Label":"ParentExecId","Category":"","Description":"","Attributes":1,"ValueType":"System.Guid"},"Value":"00000000-0000-0000-0000-000000000000"},{"Key":{"Id":"InnerResultsCount","Label":"InnerResultsCount","Category":"","Description":"","Attributes":1,"ValueType":"System.Int32"},"Value":0}]}],"TestRunStatistics":{"ExecutedTests":9,"Stats":{"Passed":4,"Failed":5}},"ActiveTests":[{"Id":"9bbf13be-457d-bc82-a206-adc783ec15fd","FullyQualifiedName":"Chess.Models.Figures.Tests.FigureTests.IsPatternMoveValidTest","DisplayName":"IsPatternMoveValidTest","ExecutorUri":"executor://MSTestAdapter/v2","Source":"C:\\Users\\Danil\\source\\repos\\Chess\\ChessTest\\bin\\Debug\\net6.0\\fine-code-coverage\\build-output\\ChessTest.dll","CodeFilePath":null,"LineNumber":-1,"Properties":[{"Key":{"Id":"TestCase.ManagedType","Label":"ManagedType","Category":"","Description":"","Attributes":1,"ValueType":"System.String"},"Value":"Chess.Models.Figures.Tests.FigureTests"},{"Key":{"Id":"TestCase.ManagedMethod","Label":"ManagedMethod","Category":"","Description":"","Attributes":1,"ValueType":"System.String"},"Value":"IsPatternMoveValidTest"},{"Key":{"Id":"MSTestDiscoverer.TestClassName","Label":"ClassName","Category":"","Description":"","Attributes":1,"ValueType":"System.String"},"Value":"Chess.Models.Figures.Tests.FigureTests"},{"Key":{"Id":"TestCase.Hierarchy","Label":"Hierarchy","Category":"","Description":"","Attributes":2,"ValueType":"System.String[]"},"Value":["Chess.Models.Figures.Tests","FigureTests"]},{"Key":{"Id":"TestObject.Traits","Label":"Traits","Category":"","Description":"","Attributes":5,"ValueType":"System.Collections.Generic.KeyValuePair`2[[System.String],[System.String]][]"},"Value":[]}]}]}}
TpTrace Verbose: 0 : 22300, 7, 2023/10/14, 17:37:19.914, 2006170014449, vstest.console.dll, TestRunRequest:SendTestRunStatsChange: Starting.
TpTrace Verbose: 0 : 22300, 7, 2023/10/14, 17:37:19.914, 2006170015880, vstest.console.dll, InProgress is IsPatternMoveValidTest
TpTrace Verbose: 0 : 22300, 7, 2023/10/14, 17:37:19.915, 2006170017730, vstest.console.dll, MulticastDelegateUtilities.SafeInvoke: TestRun.RunStatsChanged: Invoking callbacks was skipped because there are no subscribers.
TpTrace Information: 0 : 22300, 7, 2023/10/14, 17:37:19.915, 2006170018020, vstest.console.dll, TestRunRequest:SendTestRunStatsChange: Completed.
TpTrace Verbose: 0 : 22300, 7, 2023/10/14, 17:37:19.915, 2006170018221, vstest.console.dll, MulticastDelegateUtilities.SafeInvoke: LengthPrefixCommunicationChannel: MessageReceived: Invoking callback 1/1 for Microsoft.VisualStudio.TestPlatform.CommunicationUtilities.TestRequestSender+<>c__DisplayClass34_0., took 32 ms.
TpTrace Verbose: 0 : 22300, 7, 2023/10/14, 17:37:19.915, 2006170018410, vstest.console.dll, TcpClientExtensions.MessageLoopAsync: Polling on remoteEndPoint: 127.0.0.1:54750 localEndPoint: 127.0.0.1:54749
TpTrace Verbose: 0 : 22300, 7, 2023/10/14, 17:37:19.915, 2006170018752, vstest.console.dll, TcpClientExtensions.MessageLoopAsync: NotifyDataAvailable remoteEndPoint: 127.0.0.1:54750 localEndPoint: 127.0.0.1:54749
TpTrace Verbose: 0 : 22300, 7, 2023/10/14, 17:37:19.915, 2006170020205, vstest.console.dll, TestRequestSender.OnExecutionMessageReceived: Received message: {"Version":7,"MessageType":"TestExecution.Completed","Payload":{"TestRunCompleteArgs":{"TestRunStatistics":{"ExecutedTests":13,"Stats":{"Passed":7,"Failed":6}},"IsCanceled":false,"IsAborted":false,"Error":null,"AttachmentSets":[],"InvokedDataCollectors":[],"ElapsedTimeInRunningTests":"00:00:00.1932794","Metrics":{},"DiscoveredExtensions":{"TestDiscoverers":["Microsoft.VisualStudio.TestPlatform.MSTest.TestAdapter.MSTestDiscoverer, Microsoft.VisualStudio.TestPlatform.MSTest.TestAdapter, Version=14.0.0.0, Culture=neutral, PublicKeyToken=b03f5f7f11d50a3a"],"TestExecutors":["executor://MSTestAdapter/v2"],"TestExecutors2":[],"TestSettingsProviders":[]}},"LastRunTests":{"NewTestResults":[{"TestCase":{"Id":"9bbf13be-457d-bc82-a206-adc783ec15fd","FullyQualifiedName":"Chess.Models.Figures.Tests.FigureTests.IsPatternMoveValidTest","DisplayName":"IsPatternMoveValidTest","ExecutorUri":"executor://MSTestAdapter/v2","Source":"C:\\Users\\Danil\\source\\repos\\Chess\\ChessTest\\bin\\Debug\\net6.0\\fine-code-coverage\\build-output\\ChessTest.dll","CodeFilePath":null,"LineNumber":-1,"Properties":[{"Key":{"Id":"TestCase.ManagedType","Label":"ManagedType","Category":"","Description":"","Attributes":1,"ValueType":"System.String"},"Value":"Chess.Models.Figures.Tests.FigureTests"},{"Key":{"Id":"TestCase.ManagedMethod","Label":"ManagedMethod","Category":"","Description":"","Attributes":1,"ValueType":"System.String"},"Value":"IsPatternMoveValidTest"},{"Key":{"Id":"MSTestDiscoverer.TestClassName","Label":"ClassName","Category":"","Description":"","Attributes":1,"ValueType":"System.String"},"Value":"Chess.Models.Figures.Tests.FigureTests"},{"Key":{"Id":"TestCase.Hierarchy","Label":"Hierarchy","Category":"","Description":"","Attributes":2,"ValueType":"System.String[]"},"Value":["Chess.Models.Figures.Tests","FigureTests"]},{"Key":{"Id":"TestObject.Traits","Label":"Traits","Category":"","Description":"","Attributes":5,"ValueType":"System.Collections.Generic.KeyValuePair`2[[System.String],[System.String]][]"},"Value":[]}]},"Attachments":[],"Outcome":2,"ErrorMessage":"Assert.Fail failed. ","ErrorStackTrace":"   at Chess.Models.Figures.Tests.FigureTests.IsPatternMoveValidTest() in C:\\Users\\Danil\\source\\repos\\Chess\\ChessTest\\Models\\Figures\\FigureTests.cs:line 106\r\n","DisplayName":"IsPatternMoveValidTest","Messages":[],"ComputerName":null,"Duration":"00:00:00.0004542","StartTime":"2023-10-14T17:37:19.884079+05:00","EndTime":"2023-10-14T17:37:19.8846975+05:00","Properties":[{"Key":{"Id":"ExecutionId","Label":"ExecutionId","Category":"","Description":"","Attributes":1,"ValueType":"System.Guid"},"Value":"00000000-0000-0000-0000-000000000000"},{"Key":{"Id":"ParentExecId","Label":"ParentExecId","Category":"","Description":"","Attributes":1,"ValueType":"System.Guid"},"Value":"00000000-0000-0000-0000-000000000000"},{"Key":{"Id":"InnerResultsCount","Label":"InnerResultsCount","Category":"","Description":"","Attributes":1,"ValueType":"System.Int32"},"Value":0}]},{"TestCase":{"Id":"0cab227f-b620-cfaa-02a2-fb609f6df799","FullyQualifiedName":"Chess.Models.Figures.Tests.FigureTests.setAvalibleMovePointsTest","DisplayName":"setAvalibleMovePointsTest","ExecutorUri":"executor://MSTestAdapter/v2","Source":"C:\\Users\\Danil\\source\\repos\\Chess\\ChessTest\\bin\\Debug\\net6.0\\fine-code-coverage\\build-output\\ChessTest.dll","CodeFilePath":null,"LineNumber":-1,"Properties":[{"Key":{"Id":"TestCase.ManagedType","Label":"ManagedType","Category":"","Description":"","Attributes":1,"ValueType":"System.String"},"Value":"Chess.Models.Figures.Tests.FigureTests"},{"Key":{"Id":"TestCase.ManagedMethod","Label":"ManagedMethod","Category":"","Description":"","Attributes":1,"ValueType":"System.String"},"Value":"setAvalibleMovePointsTest"},{"Key":{"Id":"MSTestDiscoverer.TestClassName","Label":"ClassName","Category":"","Description":"","Attributes":1,"ValueType":"System.String"},"Value":"Chess.Models.Figures.Tests.FigureTests"},{"Key":{"Id":"TestCase.Hierarchy","Label":"Hierarchy","Category":"","Description":"","Attributes":2,"ValueType":"System.String[]"},"Value":["Chess.Models.Figures.Tests","FigureTests"]},{"Key":{"Id":"TestObject.Traits","Label":"Traits","Category":"","Description":"","Attributes":5,"ValueType":"System.Collections.Generic.KeyValuePair`2[[System.String],[System.String]][]"},"Value":[]}]},"Attachments":[],"Outcome":1,"ErrorMessage":null,"ErrorStackTrace":null,"DisplayName":"setAvalibleMovePointsTest","Messages":[],"ComputerName":null,"Duration":"00:00:00.0005428","StartTime":"2023-10-14T17:37:19.8863085+05:00","EndTime":"2023-10-14T17:37:19.886987+05:00","Properties":[{"Key":{"Id":"ExecutionId","Label":"ExecutionId","Category":"","Description":"","Attributes":1,"ValueType":"System.Guid"},"Value":"00000000-0000-0000-0000-000000000000"},{"Key":{"Id":"ParentExecId","Label":"ParentExecId","Category":"","Description":"","Attributes":1,"ValueType":"System.Guid"},"Value":"00000000-0000-0000-0000-000000000000"},{"Key":{"Id":"InnerResultsCount","Label":"InnerResultsCount","Category":"","Description":"","Attributes":1,"ValueType":"System.Int32"},"Value":0}]},{"TestCase":{"Id":"585b7510-63b6-0946-b24b-14486d1085e6","FullyQualifiedName":"Chess.Models.Figures.Tests.FigureTests.Bishop_createTest","DisplayName":"Bishop_createTest","ExecutorUri":"executor://MSTestAdapter/v2","Source":"C:\\Users\\Danil\\source\\repos\\Chess\\ChessTest\\bin\\Debug\\net6.0\\fine-code-coverage\\build-output\\ChessTest.dll","CodeFilePath":null,"LineNumber":-1,"Properties":[{"Key":{"Id":"TestCase.ManagedType","Label":"ManagedType","Category":"","Description":"","Attributes":1,"ValueType":"System.String"},"Value":"Chess.Models.Figures.Tests.FigureTests"},{"Key":{"Id":"TestCase.ManagedMethod","Label":"ManagedMethod","Category":"","Description":"","Attributes":1,"ValueType":"System.String"},"Value":"Bishop_createTest"},{"Key":{"Id":"MSTestDiscoverer.TestClassName","Label":"ClassName","Category":"","Description":"","Attributes":1,"ValueType":"System.String"},"Value":"Chess.Models.Figures.Tests.FigureTests"},{"Key":{"Id":"TestCase.Hierarchy","Label":"Hierarchy","Category":"","Description":"","Attributes":2,"ValueType":"System.String[]"},"Value":["Chess.Models.Figures.Tests","FigureTests"]},{"Key":{"Id":"TestObject.Traits","Label":"Traits","Category":"","Description":"","Attributes":5,"ValueType":"System.Collections.Generic.KeyValuePair`2[[System.String],[System.String]][]"},"Value":[]}]},"Attachments":[],"Outcome":1,"ErrorMessage":null,"ErrorStackTrace":null,"DisplayName":"Bishop_createTest","Messages":[],"ComputerName":null,"Duration":"00:00:00.0003150","StartTime":"2023-10-14T17:37:19.8886816+05:00","EndTime":"2023-10-14T17:37:19.8892278+05:00","Properties":[{"Key":{"Id":"ExecutionId","Label":"ExecutionId","Category":"","Description":"","Attributes":1,"ValueType":"System.Guid"},"Value":"00000000-0000-0000-0000-000000000000"},{"Key":{"Id":"ParentExecId","Label":"ParentExecId","Category":"","Description":"","Attributes":1,"ValueType":"System.Guid"},"Value":"00000000-0000-0000-0000-000000000000"},{"Key":{"Id":"InnerResultsCount","Label":"InnerResultsCount","Category":"","Description":"","Attributes":1,"ValueType":"System.Int32"},"Value":0}]},{"TestCase":{"Id":"cac711f9-f576-db1a-bbac-7e8728623af4","FullyQualifiedName":"Chess.Models.Core.Tests.PointTests.getAsStringTest","DisplayName":"getAsStringTest","ExecutorUri":"executor://MSTestAdapter/v2","Source":"C:\\Users\\Danil\\source\\repos\\Chess\\ChessTest\\bin\\Debug\\net6.0\\fine-code-coverage\\build-output\\ChessTest.dll","CodeFilePath":null,"LineNumber":-1,"Properties":[{"Key":{"Id":"TestCase.ManagedType","Label":"ManagedType","Category":"","Description":"","Attributes":1,"ValueType":"System.String"},"Value":"Chess.Models.Core.Tests.PointTests"},{"Key":{"Id":"TestCase.ManagedMethod","Label":"ManagedMethod","Category":"","Description":"","Attributes":1,"ValueType":"System.String"},"Value":"getAsStringTest"},{"Key":{"Id":"MSTestDiscoverer.TestClassName","Label":"ClassName","Category":"","Description":"","Attributes":1,"ValueType":"System.String"},"Value":"Chess.Models.Core.Tests.PointTests"},{"Key":{"Id":"TestCase.Hierarchy","Label":"Hierarchy","Category":"","Description":"","Attributes":2,"ValueType":"System.String[]"},"Value":["Chess.Models.Core.Tests","PointTests"]},{"Key":{"Id":"TestObject.Traits","Label":"Traits","Category":"","Description":"","Attributes":5,"ValueType":"System.Collections.Generic.KeyValuePair`2[[System.String],[System.String]][]"},"Value":[]}]},"Attachments":[],"Outcome":1,"ErrorMessage":null,"ErrorStackTrace":null,"DisplayName":"getAsStringTest","Messages":[],"ComputerName":null,"Duration":"00:00:00.0001477","StartTime":"2023-10-14T17:37:19.8907281+05:00","EndTime":"2023-10-14T17:37:19.891061+05:00","Properties":[{"Key":{"Id":"ExecutionId","Label":"ExecutionId","Category":"","Description":"","Attributes":1,"ValueType":"System.Guid"},"Value":"00000000-0000-0000-0000-000000000000"},{"Key":{"Id":"ParentExecId","Label":"ParentExecId","Category":"","Description":"","Attributes":1,"ValueType":"System.Guid"},"Value":"00000000-0000-0000-0000-000000000000"},{"Key":{"Id":"InnerResultsCount","Label":"InnerResultsCount","Category":"","Description":"","Attributes":1,"ValueType":"System.Int32"},"Value":0}]}],"TestRunStatistics":{"ExecutedTests":13,"Stats":{"Passed":7,"Failed":6}},"ActiveTests":[]},"RunAttachments":[],"ExecutorUris":["executor://mstestadapter/v2"]}}
TpTrace Verbose: 0 : 22300, 7, 2023/10/14, 17:37:19.915, 2006170021208, vstest.console.dll, TestRequestSender.EndSession: Sending end session.
TpTrace Verbose: 0 : 22300, 7, 2023/10/14, 17:37:19.915, 2006170022315, vstest.console.dll, ProxyOperationManager.Close: waiting for test host to exit for 100 ms
TpTrace Verbose: 0 : 22300, 4, 2023/10/14, 17:37:19.917, 2006170039265, vstest.console.dll, MulticastDelegateUtilities.SafeInvoke: InternalTestLoggerEvents.SendTestResult: Invoking callback 1/1 for Microsoft.VisualStudio.TestPlatform.CommandLine.Internal.ConsoleLogger., took 2 ms.
TpTrace Verbose: 0 : 22300, 4, 2023/10/14, 17:37:19.918, 2006170049508, vstest.console.dll, MulticastDelegateUtilities.SafeInvoke: InternalTestLoggerEvents.SendTestResult: Invoking callback 1/1 for Microsoft.VisualStudio.TestPlatform.CommandLine.Internal.ConsoleLogger., took 0 ms.
TpTrace Verbose: 0 : 22300, 4, 2023/10/14, 17:37:19.918, 2006170050816, vstest.console.dll, MulticastDelegateUtilities.SafeInvoke: InternalTestLoggerEvents.SendTestResult: Invoking callback 1/1 for Microsoft.VisualStudio.TestPlatform.CommandLine.Internal.ConsoleLogger., took 0 ms.
TpTrace Verbose: 0 : 22300, 4, 2023/10/14, 17:37:19.918, 2006170051948, vstest.console.dll, MulticastDelegateUtilities.SafeInvoke: InternalTestLoggerEvents.SendTestResult: Invoking callback 1/1 for Microsoft.VisualStudio.TestPlatform.CommandLine.Internal.ConsoleLogger., took 0 ms.
TpTrace Verbose: 0 : 22300, 4, 2023/10/14, 17:37:19.918, 2006170052393, vstest.console.dll, MulticastDelegateUtilities.SafeInvoke: InternalTestLoggerEvents.SendTestResult: Invoking callback 1/1 for Microsoft.VisualStudio.TestPlatform.CommandLine.Internal.ConsoleLogger., took 0 ms.
TpTrace Verbose: 0 : 22300, 4, 2023/10/14, 17:37:19.918, 2006170053294, vstest.console.dll, MulticastDelegateUtilities.SafeInvoke: InternalTestLoggerEvents.SendTestResult: Invoking callback 1/1 for Microsoft.VisualStudio.TestPlatform.CommandLine.Internal.ConsoleLogger., took 0 ms.
TpTrace Verbose: 0 : 22300, 4, 2023/10/14, 17:37:19.918, 2006170054148, vstest.console.dll, MulticastDelegateUtilities.SafeInvoke: InternalTestLoggerEvents.SendTestResult: Invoking callback 1/1 for Microsoft.VisualStudio.TestPlatform.CommandLine.Internal.ConsoleLogger., took 0 ms.
TpTrace Verbose: 0 : 22300, 4, 2023/10/14, 17:37:19.918, 2006170054551, vstest.console.dll, MulticastDelegateUtilities.SafeInvoke: InternalTestLoggerEvents.SendTestResult: Invoking callback 1/1 for Microsoft.VisualStudio.TestPlatform.CommandLine.Internal.ConsoleLogger., took 0 ms.
TpTrace Verbose: 0 : 22300, 4, 2023/10/14, 17:37:19.918, 2006170054790, vstest.console.dll, MulticastDelegateUtilities.SafeInvoke: InternalTestLoggerEvents.SendTestResult: Invoking callback 1/1 for Microsoft.VisualStudio.TestPlatform.CommandLine.Internal.ConsoleLogger., took 0 ms.
TpTrace Verbose: 0 : 22300, 12, 2023/10/14, 17:37:19.932, 2006170196180, vstest.console.dll, TestHostManagerCallbacks.ctor: Experimental forwarding output is disabled.
TpTrace Warning: 0 : 22300, 12, 2023/10/14, 17:37:19.933, 2006170197660, vstest.console.dll, TestHostManagerCallbacks.ErrorReceivedCallback Test host standard error line: 
TpTrace Verbose: 0 : 22300, 12, 2023/10/14, 17:37:19.938, 2006170250005, vstest.console.dll, TestHostProvider.ExitCallBack: Host exited starting callback.
TpTrace Information: 0 : 22300, 12, 2023/10/14, 17:37:19.938, 2006170251378, vstest.console.dll, TestHostManagerCallbacks.ExitCallBack: Testhost processId: 19068 exited with exitcode: 0 error: ''
TpTrace Verbose: 0 : 22300, 12, 2023/10/14, 17:37:19.938, 2006170251747, vstest.console.dll, DotnetTestHostManager.OnHostExited: invoking OnHostExited callback
TpTrace Verbose: 0 : 22300, 12, 2023/10/14, 17:37:19.938, 2006170252152, vstest.console.dll, CrossPlatEngine.TestHostManagerHostExited: calling on client process exit callback.
TpTrace Information: 0 : 22300, 12, 2023/10/14, 17:37:19.938, 2006170252572, vstest.console.dll, TestRequestSender.OnClientProcessExit: Test host process exited. Standard error: 
TpTrace Information: 0 : 22300, 12, 2023/10/14, 17:37:19.938, 2006170252809, vstest.console.dll, SocketServer.Stop: Stop server endPoint: 127.0.0.1:54749
TpTrace Information: 0 : 22300, 12, 2023/10/14, 17:37:19.938, 2006170253029, vstest.console.dll, SocketServer.Stop: Cancellation requested. Stopping message loop.
TpTrace Verbose: 0 : 22300, 12, 2023/10/14, 17:37:19.938, 2006170253813, vstest.console.dll, MulticastDelegateUtilities.SafeInvoke: HostProviderEvents.OnHostExited: Invoking callback 1/1 for Microsoft.VisualStudio.TestPlatform.CrossPlatEngine.Client.ProxyOperationManager., took 0 ms.
TpTrace Information: 0 : 22300, 7, 2023/10/14, 17:37:19.938, 2006170254321, vstest.console.dll, SocketServer.Stop: Stop server endPoint: 127.0.0.1:54749
TpTrace Information: 0 : 22300, 7, 2023/10/14, 17:37:19.938, 2006170255069, vstest.console.dll, SocketServer.Stop: Cancellation requested. Stopping message loop.
TpTrace Information: 0 : 22300, 7, 2023/10/14, 17:37:19.938, 2006170255546, vstest.console.dll, Closing the connection
TpTrace Verbose: 0 : 22300, 7, 2023/10/14, 17:37:19.939, 2006170258165, vstest.console.dll, ProxyDataCollectionManager.InvokeDataCollectionServiceAction: Starting.
TpTrace Information: 0 : 22300, 7, 2023/10/14, 17:37:19.939, 2006170258793, vstest.console.dll, ProxyDataCollectionManager.AfterTestRunEnd: Get attachment set and invoked data collectors processId: 11672 port: 54744
TpTrace Verbose: 0 : 22300, 7, 2023/10/14, 17:37:19.939, 2006170259325, vstest.console.dll, DataCollectionRequestSender.SendAfterTestRunStartAndGetResult: Send AfterTestRunEnd message with isCancelled: False
TpTrace Verbose: 0 : 22300, 7, 2023/10/14, 17:37:19.944, 2006170313200, vstest.console.dll, DataCollectionRequestSender.SendAfterTestRunStartAndGetResult: Received message: (DataCollection.AfterTestRunEndResult) -> {"MessageType":"DataCollection.AfterTestRunEndResult","Payload":{"AttachmentSets":[],"InvokedDataCollectors":[{"Uri":"datacollector://Microsoft/TestPlatform/Extensions/Blame/v1","FriendlyName":"Blame","AssemblyQualifiedName":"Microsoft.TestPlatform.Extensions.BlameDataCollector.BlameCollector, Microsoft.TestPlatform.Extensions.BlameDataCollector, Version=15.0.0.0, Culture=neutral, PublicKeyToken=b03f5f7f11d50a3a","FilePath":"C:\\Program Files\\dotnet\\sdk\\7.0.401\\Extensions\\Microsoft.TestPlatform.Extensions.BlameDataCollector.dll","HasAttachmentProcessor":false}],"Metrics":{}}}
TpTrace Warning: 0 : 22300, 11, 2023/10/14, 17:37:19.948, 2006170348003, vstest.console.dll, DataCollectionLauncher.ErrorReceivedCallback datacollector standard error line: 
TpTrace Information: 0 : 22300, 7, 2023/10/14, 17:37:19.948, 2006170352336, vstest.console.dll, ProxyDataCollectionManager.InvokeDataCollectionServiceAction: Completed.
TpTrace Information: 0 : 22300, 11, 2023/10/14, 17:37:19.951, 2006170382102, vstest.console.dll, DataCollectionLauncher.ExitCallBack: Data collector exited with exitcode: 0 error: ''
TpTrace Verbose: 0 : 22300, 7, 2023/10/14, 17:37:19.982, 2006170696433, vstest.console.dll, TestRunRequest:SendTestRunStatsChange: Starting.
TpTrace Verbose: 0 : 22300, 7, 2023/10/14, 17:37:19.983, 2006170697688, vstest.console.dll, MulticastDelegateUtilities.SafeInvoke: TestRun.RunStatsChanged: Invoking callbacks was skipped because there are no subscribers.
TpTrace Information: 0 : 22300, 7, 2023/10/14, 17:37:19.983, 2006170697871, vstest.console.dll, TestRunRequest:SendTestRunStatsChange: Completed.
TpTrace Verbose: 0 : 22300, 7, 2023/10/14, 17:37:19.983, 2006170700494, vstest.console.dll, ParallelProxyExecutionManager: HandlePartialRunComplete: Total workloads = 1, Total started clients = 1 Total completed clients = 1, Run complete = True, Run canceled: False.
TpTrace Verbose: 0 : 22300, 7, 2023/10/14, 17:37:19.983, 2006170700749, vstest.console.dll, ParallelProxyExecutionManager: HandlePartialRunComplete: All runs completed stopping all managers.
TpTrace Verbose: 0 : 22300, 4, 2023/10/14, 17:37:19.983, 2006170700667, vstest.console.dll, MulticastDelegateUtilities.SafeInvoke: InternalTestLoggerEvents.SendTestResult: Invoking callback 1/1 for Microsoft.VisualStudio.TestPlatform.CommandLine.Internal.ConsoleLogger., took 0 ms.
TpTrace Verbose: 0 : 22300, 7, 2023/10/14, 17:37:19.983, 2006170700951, vstest.console.dll, ParallelOperationManager.StopAllManagers: Stopping all managers.
TpTrace Verbose: 0 : 22300, 4, 2023/10/14, 17:37:19.983, 2006170701762, vstest.console.dll, MulticastDelegateUtilities.SafeInvoke: InternalTestLoggerEvents.SendTestResult: Invoking callback 1/1 for Microsoft.VisualStudio.TestPlatform.CommandLine.Internal.ConsoleLogger., took 0 ms.
TpTrace Verbose: 0 : 22300, 7, 2023/10/14, 17:37:19.983, 2006170701849, vstest.console.dll, ParallelOperationManager.ClearSlots: Clearing all slots. Slots should accept more work: False
TpTrace Verbose: 0 : 22300, 4, 2023/10/14, 17:37:19.983, 2006170702326, vstest.console.dll, MulticastDelegateUtilities.SafeInvoke: InternalTestLoggerEvents.SendTestResult: Invoking callback 1/1 for Microsoft.VisualStudio.TestPlatform.CommandLine.Internal.ConsoleLogger., took 0 ms.
TpTrace Verbose: 0 : 22300, 7, 2023/10/14, 17:37:19.983, 2006170702504, vstest.console.dll, ParallelOperationManager.SetOccupiedSlotCount: Setting slot counts AvailableSlotCount = 1, OccupiedSlotCount = 0.
TpTrace Verbose: 0 : 22300, 4, 2023/10/14, 17:37:19.983, 2006170702865, vstest.console.dll, MulticastDelegateUtilities.SafeInvoke: InternalTestLoggerEvents.SendTestResult: Invoking callback 1/1 for Microsoft.VisualStudio.TestPlatform.CommandLine.Internal.ConsoleLogger., took 0 ms.
TpTrace Verbose: 0 : 22300, 7, 2023/10/14, 17:37:19.983, 2006170703427, vstest.console.dll, Occupied slots:

TpTrace Verbose: 0 : 22300, 4, 2023/10/14, 17:37:19.989, 2006170765082, vstest.console.dll, MulticastDelegateUtilities.SafeInvoke: InternalTestLoggerEvents.SendTestRunComplete: Invoking callback 1/2 for Microsoft.TestPlatform.Extensions.BlameDataCollector.BlameLogger., took 0 ms.
TpTrace Verbose: 0 : 22300, 4, 2023/10/14, 17:37:19.993, 2006170806037, vstest.console.dll, MulticastDelegateUtilities.SafeInvoke: InternalTestLoggerEvents.SendTestRunComplete: Invoking callback 2/2 for Microsoft.VisualStudio.TestPlatform.CommandLine.Internal.ConsoleLogger., took 4 ms.
TpTrace Verbose: 0 : 22300, 7, 2023/10/14, 17:37:19.994, 2006170809421, vstest.console.dll, TestRunRequest:TestRunComplete: Starting. IsAborted:False IsCanceled:False.
TpTrace Verbose: 0 : 22300, 7, 2023/10/14, 17:37:19.994, 2006170811309, vstest.console.dll, ParallelOperationManager.DoActionOnAllManagers: Calling an action on all managers.
TpTrace Verbose: 0 : 22300, 7, 2023/10/14, 17:37:19.995, 2006170826457, vstest.console.dll, TestLoggerManager.HandleTestRunComplete: Ignoring as the object is disposed.
TpTrace Verbose: 0 : 22300, 7, 2023/10/14, 17:37:19.996, 2006170827864, vstest.console.dll, MulticastDelegateUtilities.SafeInvoke: TestRun.TestRunComplete: Invoking callback 1/2 for Microsoft.VisualStudio.TestPlatform.CommandLine.TestRunResultAggregator., took 0 ms.
TpTrace Verbose: 0 : 22300, 7, 2023/10/14, 17:37:19.996, 2006170828798, vstest.console.dll, MulticastDelegateUtilities.SafeInvoke: TestRun.TestRunComplete: Invoking callback 2/2 for Microsoft.VisualStudio.TestPlatform.CommandLine.Processors.RunTestsArgumentExecutor+TestRunRequestEventsRegistrar., took 0 ms.
TpTrace Information: 0 : 22300, 7, 2023/10/14, 17:37:19.996, 2006170829573, vstest.console.dll, TestRunRequest:TestRunComplete: Completed.
TpTrace Verbose: 0 : 22300, 7, 2023/10/14, 17:37:19.996, 2006170829819, vstest.console.dll, TestRequestSender.SetOperationComplete: Setting operation complete.
TpTrace Information: 0 : 22300, 7, 2023/10/14, 17:37:19.996, 2006170829974, vstest.console.dll, SocketServer.Stop: Stop server endPoint: 127.0.0.1:54749
TpTrace Information: 0 : 22300, 7, 2023/10/14, 17:37:19.996, 2006170830093, vstest.console.dll, SocketServer.Stop: Cancellation requested. Stopping message loop.
TpTrace Verbose: 0 : 22300, 7, 2023/10/14, 17:37:19.996, 2006170830260, vstest.console.dll, MulticastDelegateUtilities.SafeInvoke: LengthPrefixCommunicationChannel: MessageReceived: Invoking callback 1/1 for Microsoft.VisualStudio.TestPlatform.CommunicationUtilities.TestRequestSender+<>c__DisplayClass34_0., took 81 ms.
TpTrace Information: 0 : 22300, 7, 2023/10/14, 17:37:19.996, 2006170830493, vstest.console.dll, SocketServer.PrivateStop: Stopping server endPoint: 127.0.0.1:54749 error: 
TpTrace Verbose: 0 : 22300, 1, 2023/10/14, 17:37:19.996, 2006170830811, vstest.console.dll, TestRunRequest.Dispose: Starting.
TpTrace Information: 0 : 22300, 1, 2023/10/14, 17:37:19.996, 2006170831621, vstest.console.dll, TestRunRequest.Dispose: Completed.
TpTrace Information: 0 : 22300, 1, 2023/10/14, 17:37:19.996, 2006170832111, vstest.console.dll, TestRequestManager.RunTests: run tests completed.
TpTrace Information: 0 : 22300, 1, 2023/10/14, 17:37:19.996, 2006170833339, vstest.console.dll, RunTestsArgumentProcessor:Execute: Test run is completed.
TpTrace Verbose: 0 : 22300, 7, 2023/10/14, 17:37:19.996, 2006170833650, vstest.console.dll, LengthPrefixCommunicationChannel.Dispose: Dispose reader and writer.
TpTrace Information: 0 : 22300, 7, 2023/10/14, 17:37:19.996, 2006170834285, vstest.console.dll, SocketServer.Stop: Raise disconnected event endPoint: 127.0.0.1:54749 error: 
TpTrace Verbose: 0 : 22300, 7, 2023/10/14, 17:37:19.996, 2006170835075, vstest.console.dll, TestRequestSender: OnTestRunAbort: Operation is already complete. Skip error message.
TpTrace Verbose: 0 : 22300, 7, 2023/10/14, 17:37:19.996, 2006170835361, vstest.console.dll, MulticastDelegateUtilities.SafeInvoke: SocketServer: ClientDisconnected: Invoking callback 1/1 for Microsoft.VisualStudio.TestPlatform.CommunicationUtilities.TestRequestSender., took 0 ms.
TpTrace Verbose: 0 : 22300, 7, 2023/10/14, 17:37:19.996, 2006170835564, vstest.console.dll, TcpClientExtensions.MessageLoopAsync: exiting MessageLoopAsync remoteEndPoint: 127.0.0.1:54750 localEndPoint: 127.0.0.1:54749
TpTrace Verbose: 0 : 22300, 1, 2023/10/14, 17:37:19.996, 2006170835737, vstest.console.dll, Executor.Execute: Exiting with exit code of 1
